Julien at 2017-08-11 18:34:26 : Julien:~Authenticated_!
Julien at 2017-08-11 18:35:13 : Julien:~Authenticated_!
Julien at 2017-08-11 18:35:18 : 8711900013992:~NOT_AVAILABLE
Julien at 2017-08-11 18:35:22 : caraX1~Amount_items:1
Julien at 2017-08-11 18:35:23 : caraX2~Amount_items:2
Julien at 2017-08-11 18:39:31 : Julien:~Authenticated_!
Julien at 2017-08-11 18:41:23 : Julien:~Authenticated_!
Julien at 2017-08-11 18:42:51 : Julien:~Authenticated_!
Julien at 2017-08-11 18:44:39 : Julien:~Authenticated_!
Julien at 2017-08-11 18:44:57 : Julien:~Authenticated_!
NO AUTHENTICATION YET at 2017-08-11 19:14:12 : WRONG_CARD_!
NO AUTHENTICATION YET at 2017-08-11 19:15:22 : WRONG_CARD_!
Julien at 2017-08-11 19:22:44 : Julien:~Authenticated_!
Julien at 2017-08-11 19:22:49 : 8711900013992:~NOT_AVAILABLE
Julien at 2017-08-11 19:22:50 : 8711900013992:~NOT_AVAILABLE
Julien at 2017-08-11 19:22:56 : 8711900013992:~NOT_AVAILABLE
Julien at 2017-08-11 19:22:57 : 8711900013992:~NOT_AVAILABLE
Julien at 2017-08-11 19:22:59 : caraX1~Amount_items:1
Julien at 2017-08-11 19:23:01 : TOTAL:~0.45euro
Julien at 2017-08-11 19:23:21 : Julien:~Authenticated_!
Julien at 2017-08-11 19:23:45 : Julien:~Authenticated_!
Julien at 2017-08-11 19:25:16 : Julien:~Authenticated_!
Julien at 2017-08-11 19:31:19 : Julien:~Authenticated_!
Julien at 2017-08-11 19:31:26 : Julien:~Authenticated_!
Julien at 2017-08-11 19:32:54 : Julien:~Authenticated_!
Julien at 2017-08-11 19:33:37 : Julien:~Authenticated_!
Julien at 2017-08-11 19:33:51 : Julien:~Authenticated_!
Julien at 2017-08-11 19:34:34 : Julien:~Authenticated_!
Julien at 2017-08-11 19:35:46 : Julien:~Authenticated_!
Julien at 2017-08-11 19:37:11 : Julien:~Authenticated_!
Julien at 2017-08-11 19:39:00 : Julien:~Authenticated_!
Julien at 2017-08-11 19:39:48 : Julien:~Authenticated_!
Julien at 2017-08-11 19:41:47 : Julien:~Authenticated_!
Julien at 2017-08-11 19:42:14 : Julien:~Authenticated_!
Julien at 2017-08-13 12:07:51 : Julien:~Authenticated_!
Julien at 2017-08-13 12:09:01 : Julien:~Authenticated_!
Julien at 2017-08-13 12:10:02 : Julien:~Authenticated_!
Julien at 2017-08-13 12:14:06 : Julien:~Authenticated_!
Julien at 2017-08-13 12:14:22 : caraX1~Amount_items:1
Julien at 2017-08-13 12:14:26 : caraX2~Amount_items:2
Julien at 2017-08-13 12:14:27 : caraX3~Amount_items:3
Julien at 2017-08-13 12:14:28 : caraX4~Amount_items:4
Julien at 2017-08-13 12:14:30 : caraX5~Amount_items:5
Julien at 2017-08-13 12:14:32 : caraX6~Amount_items:6
Julien at 2017-08-13 12:14:40 : TOTAL:~2.7euro
Julien at 2017-08-13 12:15:06 : Julien:~Authenticated_!
Julien at 2017-08-13 12:15:14 : caraX1~Amount_items:1
Julien at 2017-08-13 12:15:17 : caraX2~Amount_items:2
Julien at 2017-08-13 12:15:46 : TOTAL:~0.9euro
Julien at 2017-08-13 16:59:56 : Julien:~Authenticated_!
NO AUTHENTICATION YET at 2017-08-13 17:57:32 : WRONG_CARD_!
NO AUTHENTICATION YET at 2017-08-13 17:57:44 : WRONG_CARD_!
Julien at 2017-08-13 17:58:20 : Julien:~Authenticated_!
Julien at 2017-08-13 17:58:21 : TO_START_ORDER~PRESS-BUTTON
Julien at 2017-08-13 17:58:22 : TIME-LEFT:~7
Julien at 2017-08-13 17:58:22 : TO_START_ORDER~PRESS-BUTTON
Julien at 2017-08-13 17:58:23 : TIME-LEFT:~6
Julien at 2017-08-13 17:58:23 : TO_START_ORDER~PRESS-BUTTON
Julien at 2017-08-13 17:58:24 : TIME-LEFT:~5
Julien at 2017-08-13 17:58:24 : TO_START_ORDER~PRESS-BUTTON
Julien at 2017-08-13 17:58:25 : TIME-LEFT:~4
Julien at 2017-08-13 17:58:25 : TO_START_ORDER~PRESS-BUTTON
Julien at 2017-08-13 18:03:36 : Julien:~Authenticated_!
Julien at 2017-08-13 18:03:37 : TO_START_ORDER~PRESS-BUTTON
Julien at 2017-08-13 18:03:38 : TIME-LEFT:~7
Julien at 2017-08-13 18:03:38 : TO_START_ORDER~PRESS-BUTTON
Julien at 2017-08-13 18:03:39 : TIME-LEFT:~6
Julien at 2017-08-13 18:03:39 : TO_START_ORDER~PRESS-BUTTON
Julien at 2017-08-13 18:03:40 : TIME-LEFT:~5
Julien at 2017-08-13 18:03:40 : TO_START_ORDER~PRESS-BUTTON
Julien at 2017-08-13 18:03:41 : TIME-LEFT:~4
Julien at 2017-08-13 18:03:41 : TO_START_ORDER~PRESS-BUTTON
Julien at 2017-08-13 18:03:42 : TIME-LEFT:~3
Julien at 2017-08-13 18:03:42 : ORDER_STARTED
Julien at 2017-08-13 18:03:56 : caraX1~Amount_items:1
Julien at 2017-08-13 18:03:59 : caraX2~Amount_items:2
Julien at 2017-08-13 18:04:00 : caraX3~Amount_items:3
Julien at 2017-08-13 18:04:01 : caraX4~Amount_items:4
Julien at 2017-08-13 18:04:07 : TOTAL:~1.8euro
Julien at 2017-08-13 18:04:20 : Julien:~Authenticated_!
Julien at 2017-08-13 18:04:21 : TO_START_ORDER~PRESS-BUTTON
Julien at 2017-08-13 18:04:21 : TIME-LEFT:~7
Julien at 2017-08-13 18:04:22 : TO_START_ORDER~PRESS-BUTTON
Julien at 2017-08-13 18:04:22 : TIME-LEFT:~6
Julien at 2017-08-13 18:04:23 : TO_START_ORDER~PRESS-BUTTON
Julien at 2017-08-13 18:04:23 : TIME-LEFT:~5
Julien at 2017-08-13 18:04:24 : TO_START_ORDER~PRESS-BUTTON
Julien at 2017-08-13 18:04:24 : TIME-LEFT:~4
Julien at 2017-08-13 18:04:25 : TO_START_ORDER~PRESS-BUTTON
Julien at 2017-08-13 18:04:25 : TIME-LEFT:~3
Julien at 2017-08-13 18:04:26 : TO_START_ORDER~PRESS-BUTTON
Julien at 2017-08-13 18:04:26 : TIME-LEFT:~2
Julien at 2017-08-13 18:04:27 : TO_START_ORDER~PRESS-BUTTON
Julien at 2017-08-13 18:04:27 : TIME-LEFT:~1
Julien at 2017-08-13 18:04:55 : Julien:~Authenticated_!
Julien at 2017-08-13 18:04:56 : TO_START_ORDER~PRESS-BUTTON
Julien at 2017-08-13 18:04:57 : TIME-LEFT:~10
Julien at 2017-08-13 18:04:57 : TO_START_ORDER~PRESS-BUTTON
Julien at 2017-08-13 18:04:58 : TIME-LEFT:~9
Julien at 2017-08-13 18:04:59 : TO_START_ORDER~PRESS-BUTTON
Julien at 2017-08-13 18:04:59 : TIME-LEFT:~8
Julien at 2017-08-13 18:05:00 : TO_START_ORDER~PRESS-BUTTON
Julien at 2017-08-13 18:05:00 : TIME-LEFT:~7
Julien at 2017-08-13 18:05:01 : TO_START_ORDER~PRESS-BUTTON
Julien at 2017-08-13 18:05:01 : TIME-LEFT:~6
Julien at 2017-08-13 18:05:02 : TO_START_ORDER~PRESS-BUTTON
Julien at 2017-08-13 18:05:02 : TIME-LEFT:~5
Julien at 2017-08-13 18:05:03 : TO_START_ORDER~PRESS-BUTTON
Julien at 2017-08-13 18:05:03 : TIME-LEFT:~4
Julien at 2017-08-13 18:05:04 : TO_START_ORDER~PRESS-BUTTON
Julien at 2017-08-13 18:05:04 : TIME-LEFT:~3
Julien at 2017-08-13 18:05:05 : TO_START_ORDER~PRESS-BUTTON
Julien at 2017-08-13 18:05:05 : TIME-LEFT:~2
Julien at 2017-08-13 18:05:06 : TO_START_ORDER~PRESS-BUTTON
Julien at 2017-08-13 18:05:06 : TIME-LEFT:~1
Julien at 2017-08-13 18:05:07 : ORDER_STARTED
Julien at 2017-08-13 18:05:13 : caraX1~Amount_items:1
Julien at 2017-08-13 18:05:14 : caraX2~Amount_items:2
Julien at 2017-08-13 18:05:15 : caraX3~Amount_items:3
Julien at 2017-08-13 18:05:16 : TOTAL:~1.35euro
NO AUTHENTICATION YET at 2017-08-15 18:59:47 : WRONG_CARD_!
NO AUTHENTICATION YET at 2017-08-16 09:38:45 : WRONG_CARD_!
NO AUTHENTICATION YET at 2017-08-16 13:08:22 : WRONG_CARD_!
Julien at 2017-08-16 13:54:18 : Julien:~Authenticated_!
Julien at 2017-08-16 13:54:21 : Julien:~Authenticated_!
NO AUTHENTICATION YET at 2017-08-16 13:54:25 : WRONG_CARD_!
NO AUTHENTICATION YET at 2017-08-16 13:54:28 : WRONG_CARD_!
NO AUTHENTICATION YET at 2017-08-16 13:54:37 : WRONG_CARD_!
NO AUTHENTICATION YET at 2017-08-16 13:54:40 : WRONG_CARD_!
NO AUTHENTICATION YET at 2017-08-16 19:51:05 : WRONG_CARD_!
NO AUTHENTICATION YET at 2017-08-16 19:52:20 : WRONG_CARD_!
Julien at 2017-08-16 19:53:07 : Julien:~Authenticated_!
Julien at 2017-08-16 19:53:09 : TO_START_ORDER~PRESS-BUTTON
Julien at 2017-08-16 19:53:10 : TIME-LEFT:~10
Julien at 2017-08-16 19:53:11 : TO_START_ORDER~PRESS-BUTTON
Julien at 2017-08-16 19:53:12 : TIME-LEFT:~9
Julien at 2017-08-16 19:53:13 : TO_START_ORDER~PRESS-BUTTON
Julien at 2017-08-16 19:53:15 : TIME-LEFT:~8
Julien at 2017-08-16 19:53:16 : TO_START_ORDER~PRESS-BUTTON
Julien at 2017-08-16 19:53:17 : TIME-LEFT:~7
Julien at 2017-08-16 19:53:18 : ORDER_STARTED
Julien at 2017-08-16 19:53:40 : caraX1~Amount_items:1
Julien at 2017-08-16 19:53:42 : caraX2~Amount_items:2
Julien at 2017-08-16 19:53:49 : TOTAL:~0.9euro
Julien at 2017-08-16 19:53:52 : ORDER_FINISHED
Julien at 2017-08-16 19:56:38 : Julien:~Authenticated_!
Julien at 2017-08-16 19:56:39 : TO_START_ORDER~PRESS-BUTTON
Julien at 2017-08-16 19:56:41 : TIME-LEFT:~10
Julien at 2017-08-16 19:56:42 : TO_START_ORDER~PRESS-BUTTON
Julien at 2017-08-16 19:56:43 : TIME-LEFT:~9
Julien at 2017-08-16 19:56:44 : TO_START_ORDER~PRESS-BUTTON
Julien at 2017-08-16 19:56:45 : TIME-LEFT:~8
Julien at 2017-08-16 19:56:46 : TO_START_ORDER~PRESS-BUTTON
Julien at 2017-08-16 19:56:47 : TIME-LEFT:~7
Julien at 2017-08-16 19:56:48 : TO_START_ORDER~PRESS-BUTTON
Julien at 2017-08-16 19:56:50 : TIME-LEFT:~6
Julien at 2017-08-16 19:56:51 : TO_START_ORDER~PRESS-BUTTON
Julien at 2017-08-16 19:56:51 : ORDER_STARTED
Julien at 2017-08-16 19:57:05 : caraX1~Amount_items:1
Julien at 2017-08-16 19:57:07 : caraX2~Amount_items:2
Julien at 2017-08-16 19:57:09 : caraX3~Amount_items:3
Julien at 2017-08-16 19:57:20 : TOTAL:~1.35euro
Julien at 2017-08-16 19:57:23 : ORDER_FINISHED
NO AUTHENTICATION YET at 2017-08-16 20:02:58 : WRONG_CARD_!
Julien at 2017-08-16 20:03:03 : Julien:~Authenticated_!
Julien at 2017-08-16 20:03:04 : TO_START_ORDER~PRESS-BUTTON
Julien at 2017-08-16 20:03:05 : TIME-LEFT:~10
Julien at 2017-08-16 20:03:06 : ORDER_STARTED
Julien at 2017-08-16 20:03:30 : 3700271000682:~NOT_AVAILABLE
Julien at 2017-08-16 20:03:37 : ORDER_FINISHED
NO AUTHENTICATION YET at 2017-08-16 20:06:38 : WRONG_CARD_!
Julien at 2017-08-16 20:06:43 : Julien:~Authenticated_!
Julien at 2017-08-16 20:06:44 : TO_START_ORDER~PRESS-BUTTON
Julien at 2017-08-16 20:06:45 : TIME-LEFT:~10
Julien at 2017-08-16 20:06:47 : TO_START_ORDER~PRESS-BUTTON
Julien at 2017-08-16 20:06:48 : TIME-LEFT:~9
Julien at 2017-08-16 20:06:49 : TO_START_ORDER~PRESS-BUTTON
Julien at 2017-08-16 20:06:49 : ORDER_STARTED
Julien at 2017-08-16 20:07:00 : ORDER_FINISHED
Julien at 2017-08-16 20:08:18 : Julien:~Authenticated_!
Julien at 2017-08-16 20:08:20 : TO_START_ORDER~PRESS-BUTTON
Julien at 2017-08-16 20:08:21 : TIME-LEFT:~10
Julien at 2017-08-16 20:08:22 : TO_START_ORDER~PRESS-BUTTON
Julien at 2017-08-16 20:08:22 : ORDER_STARTED
Julien at 2017-08-16 20:08:32 : ORDER_FINISHED
NO AUTHENTICATION YET at 2017-08-16 20:09:39 : WRONG_CARD_!
Julien at 2017-08-16 20:09:45 : Julien:~Authenticated_!
Julien at 2017-08-16 20:09:47 : TO_START_ORDER~PRESS-BUTTON
Julien at 2017-08-16 20:09:48 : TIME-LEFT:~10
Julien at 2017-08-16 20:09:49 : TO_START_ORDER~PRESS-BUTTON
Julien at 2017-08-16 20:09:50 : TIME-LEFT:~9
Julien at 2017-08-16 20:09:51 : TO_START_ORDER~PRESS-BUTTON
Julien at 2017-08-16 20:09:52 : TIME-LEFT:~8
Julien at 2017-08-16 20:09:53 : ORDER_STARTED
Julien at 2017-08-16 20:10:04 : ORDER_FINISHED
Julien at 2017-08-16 20:10:17 : Julien:~Authenticated_!
Julien at 2017-08-16 20:10:18 : TO_START_ORDER~PRESS-BUTTON
Julien at 2017-08-16 20:10:19 : TIME-LEFT:~10
Julien at 2017-08-16 20:10:20 : TO_START_ORDER~PRESS-BUTTON
Julien at 2017-08-16 20:10:22 : TIME-LEFT:~9
Julien at 2017-08-16 20:10:23 : TO_START_ORDER~PRESS-BUTTON
Julien at 2017-08-16 20:10:23 : ORDER_STARTED
Julien at 2017-08-16 20:10:34 : caraX1~Amount_items:1
Julien at 2017-08-16 20:10:35 : caraX2~Amount_items:2
Julien at 2017-08-16 20:10:38 : caraX3~Amount_items:3
Julien at 2017-08-16 20:10:46 : TOTAL:~1.35euro
Julien at 2017-08-16 20:10:50 : ORDER_FINISHED
NO AUTHENTICATION YET at 2017-08-16 20:11:26 : WRONG_CARD_!
Julien at 2017-08-16 20:11:30 : Julien:~Authenticated_!
Julien at 2017-08-16 20:11:31 : TO_START_ORDER~PRESS-BUTTON
Julien at 2017-08-16 20:11:32 : TIME-LEFT:~10
Julien at 2017-08-16 20:11:33 : TO_START_ORDER~PRESS-BUTTON
Julien at 2017-08-16 20:11:35 : TIME-LEFT:~9
Julien at 2017-08-16 20:11:36 : TO_START_ORDER~PRESS-BUTTON
Julien at 2017-08-16 20:11:36 : ORDER_STARTED
Julien at 2017-08-16 20:12:00 : 3700271000682:~NOT_AVAILABLE
Julien at 2017-08-16 20:12:04 : 3700271000682:~NOT_AVAILABLE
Julien at 2017-08-16 20:12:16 : ORDER_FINISHED
NO AUTHENTICATION YET at 2017-08-16 20:12:52 : WRONG_CARD_!
NO AUTHENTICATION YET at 2017-08-16 20:12:55 : WRONG_CARD_!
Julien at 2017-08-16 20:12:57 : Julien:~Authenticated_!
Julien at 2017-08-16 20:12:59 : TO_START_ORDER~PRESS-BUTTON
Julien at 2017-08-16 20:13:00 : ORDER_STARTED
Julien at 2017-08-16 20:13:09 : ORDER_FINISHED
Julien at 2017-08-16 20:13:44 : Julien:~Authenticated_!
Julien at 2017-08-16 20:13:46 : TO_START_ORDER~PRESS-BUTTON
Julien at 2017-08-16 20:13:47 : TIME-LEFT:~10
Julien at 2017-08-16 20:13:48 : ORDER_STARTED
Julien at 2017-08-16 20:13:55 : ORDER_FINISHED
NO AUTHENTICATION YET at 2017-08-16 20:22:45 : WRONG_CARD_!
Julien at 2017-08-16 20:22:54 : Julien:~Authenticated_!
Julien at 2017-08-16 20:22:55 : TO_START_ORDER~PRESS-BUTTON
Julien at 2017-08-16 20:22:56 : TIME-LEFT:~10
Julien at 2017-08-16 20:22:58 : TO_START_ORDER~PRESS-BUTTON
Julien at 2017-08-16 20:22:58 : ORDER_STARTED
Julien at 2017-08-16 20:23:03 : ORDER_FINISHED
NO AUTHENTICATION YET at 2017-08-16 20:25:05 : WRONG_CARD_!
Julien at 2017-08-16 20:25:08 : Julien:~Authenticated_!
Julien at 2017-08-16 20:25:09 : ORDER_STARTED
Julien at 2017-08-16 20:25:09 : TO_START_ORDER~PRESS-BUTTON
Julien at 2017-08-16 20:25:18 : ORDER_FINISHED
Julien at 2017-08-16 20:25:09 : TO_START_ORDER~PRESS-BUTTON
Julien at 2017-08-16 20:26:26 : Julien:~Authenticated_!
Julien at 2017-08-16 20:26:27 : TO_START_ORDER~PRESS-BUTTON
Julien at 2017-08-16 20:26:29 : ORDER_STARTED
Julien at 2017-08-16 20:26:29 : TIME-LEFT:~10
Julien at 2017-08-16 20:26:34 : ORDER_FINISHED
Julien at 2017-08-16 20:26:29 : TIME-LEFT:~10
Julien at 2017-08-16 20:30:05 : Julien:~Authenticated_!
Julien at 2017-08-16 20:30:07 : ORDER_STARTED
Julien at 2017-08-16 20:30:07 : TO_START_ORDER~PRESS-BUTTON
Julien at 2017-08-16 20:30:12 : ORDER_FINISHED
Julien at 2017-08-16 20:31:42 : Julien:~Authenticated_!
Julien at 2017-08-16 20:31:44 : TO_START_ORDER~PRESS-BUTTON
Julien at 2017-08-16 20:31:45 : TIME-LEFT:~10
Julien at 2017-08-16 20:31:46 : TO_START_ORDER~PRESS-BUTTON
Julien at 2017-08-16 20:31:47 : ORDER_STARTED
Julien at 2017-08-16 20:31:54 : ORDER_FINISHED
Julien at 2017-08-16 20:30:07 : TO_START_ORDER~PRESS-BUTTON
Julien at 2017-08-16 20:59:04 : Julien:~Authenticated_!
Julien at 2017-08-16 20:59:05 : TO_START_ORDER~PRESS-BUTTON
Julien at 2017-08-16 20:59:07 : ORDER_STARTED
Julien at 2017-08-16 20:59:07 : TIME-LEFT:~10
Julien at 2017-08-16 20:59:13 : ORDER_FINISHED
Julien at 2017-08-16 20:59:07 : TIME-LEFT:~10
Julien at 2017-08-16 21:00:04 : Julien:~Authenticated_!
Julien at 2017-08-16 21:00:06 : TO_START_ORDER~PRESS-BUTTON
Julien at 2017-08-16 21:00:07 : TIME-LEFT:~10
Julien at 2017-08-16 21:00:08 : TO_START_ORDER~PRESS-BUTTON
Julien at 2017-08-16 21:00:32 : Julien:~Authenticated_!
Julien at 2017-08-16 21:00:33 : TO_START_ORDER~PRESS-BUTTON
Julien at 2017-08-16 21:00:34 : TIME-LEFT:~10
Julien at 2017-08-16 21:00:36 : TO_START_ORDER~PRESS-BUTTON
Julien at 2017-08-16 21:00:37 : TIME-LEFT:~9
Julien at 2017-08-16 21:00:38 : TO_START_ORDER~PRESS-BUTTON
Julien at 2017-08-16 21:00:39 : TIME-LEFT:~8
Julien at 2017-08-16 21:00:40 : TO_START_ORDER~PRESS-BUTTON
Julien at 2017-08-16 21:00:41 : ORDER_STARTED
Julien at 2017-08-16 21:00:41 : TIME-LEFT:~7
Julien at 2017-08-16 21:00:45 : ORDER_FINISHED
Julien at 2017-08-16 21:00:41 : TIME-LEFT:~7
Julien at 2017-08-16 21:01:48 : Julien:~Authenticated_!
Julien at 2017-08-16 21:01:49 : TO_START_ORDER~PRESS-BUTTON
Julien at 2017-08-16 21:01:50 : TIME-LEFT:~10
Julien at 2017-08-16 21:01:52 : ORDER_STARTED
Julien at 2017-08-16 21:01:52 : TO_START_ORDER~PRESS-BUTTON
Julien at 2017-08-16 21:01:58 : ORDER_FINISHED
Julien at 2017-08-16 21:01:52 : TO_START_ORDER~PRESS-BUTTON
Julien at 2017-08-16 21:02:49 : Julien:~Authenticated_!
Julien at 2017-08-16 21:02:50 : TO_START_ORDER~PRESS-BUTTON
Julien at 2017-08-16 21:02:51 : ORDER_STARTED
Julien at 2017-08-16 21:02:51 : TIME-LEFT:~10
Julien at 2017-08-16 21:02:57 : ORDER_FINISHED
Julien at 2017-08-16 21:02:51 : TIME-LEFT:~10
Julien at 2017-08-16 21:03:40 : Julien:~Authenticated_!
Julien at 2017-08-16 21:03:42 : TO_START_ORDER~PRESS-BUTTON
Julien at 2017-08-16 21:03:43 : TIME-LEFT:~10
Julien at 2017-08-16 21:03:44 : TO_START_ORDER~PRESS-BUTTON
Julien at 2017-08-16 21:03:46 : TIME-LEFT:~9
Julien at 2017-08-16 21:03:47 : TO_START_ORDER~PRESS-BUTTON
Julien at 2017-08-16 21:03:48 : TIME-LEFT:~8
Julien at 2017-08-16 21:03:49 : TO_START_ORDER~PRESS-BUTTON
Julien at 2017-08-16 21:03:50 : TIME-LEFT:~7
Julien at 2017-08-16 21:03:51 : ORDER_STARTED
Julien at 2017-08-16 21:05:39 : Julien:~Authenticated_!
Julien at 2017-08-16 21:05:41 : TO_START_ORDER~PRESS-BUTTON
Julien at 2017-08-16 21:05:42 : TIME-LEFT:~10
Julien at 2017-08-16 21:05:43 : TO_START_ORDER~PRESS-BUTTON
Julien at 2017-08-16 21:05:44 : ORDER_STARTED
Julien at 2017-08-16 21:05:44 : TIME-LEFT:~9
Julien at 2017-08-16 21:06:04 : ORDER_FINISHED
Julien at 2017-08-16 21:05:44 : TIME-LEFT:~9
Julien at 2017-08-16 21:07:45 : Julien:~Authenticated_!
Julien at 2017-08-16 21:07:47 : TO_START_ORDER~PRESS-BUTTON
Julien at 2017-08-16 21:07:48 : TIME-LEFT:~10
Julien at 2017-08-16 21:07:49 : ORDER_STARTED
Julien at 2017-08-16 21:07:55 : ORDER_FINISHED
Julien at 2017-08-16 21:08:35 : Julien:~Authenticated_!
Julien at 2017-08-16 21:08:37 : TO_START_ORDER~PRESS-BUTTON
Julien at 2017-08-16 21:08:38 : TIME-LEFT:~10
Julien at 2017-08-16 21:08:39 : ORDER_STARTED
Julien at 2017-08-16 21:08:44 : ORDER_FINISHED
Julien at 2017-08-16 21:14:29 : Julien:~Authenticated_!
Julien at 2017-08-16 21:14:30 : TO_START_ORDER~PRESS-BUTTON
Julien at 2017-08-16 21:14:31 : TIME-LEFT:~10
Julien at 2017-08-16 21:14:32 : TO_START_ORDER~PRESS-BUTTON
Julien at 2017-08-16 21:14:34 : TIME-LEFT:~9
Julien at 2017-08-16 21:14:35 : TO_START_ORDER~PRESS-BUTTON
Julien at 2017-08-16 21:14:36 : TIME-LEFT:~8
Julien at 2017-08-16 21:14:37 : TO_START_ORDER~PRESS-BUTTON
Julien at 2017-08-16 21:14:38 : ORDER_STARTED
Julien at 2017-08-16 21:14:46 : ORDER_FINISHED
Julien at 2017-08-16 21:21:13 : Julien:~Authenticated_!
Julien at 2017-08-16 21:21:14 : TO_START_ORDER~PRESS-BUTTON
Julien at 2017-08-16 21:21:16 : ORDER_STARTED
Julien at 2017-08-16 21:21:16 : TIME-LEFT:~10
Julien at 2017-08-16 21:25:33 : Julien:~Authenticated_!
Julien at 2017-08-16 21:25:35 : TO_START_ORDER~PRESS-BUTTON
Julien at 2017-08-16 21:25:36 : TIME-LEFT:~10
Julien at 2017-08-16 21:25:37 : TO_START_ORDER~PRESS-BUTTON
Julien at 2017-08-16 21:25:38 : TIME-LEFT:~9
Julien at 2017-08-16 21:25:39 : ORDER_STARTED
Julien at 2017-08-16 21:25:46 : ORDER_FINISHED
Julien at 2017-08-16 21:26:46 : Julien:~Authenticated_!
Julien at 2017-08-16 21:26:48 : TO_START_ORDER~PRESS-BUTTON
Julien at 2017-08-16 21:26:49 : TIME-LEFT:~10
Julien at 2017-08-16 21:26:50 : TO_START_ORDER~PRESS-BUTTON
Julien at 2017-08-16 21:26:51 : TIME-LEFT:~9
Julien at 2017-08-16 21:26:52 : TO_START_ORDER~PRESS-BUTTON
Julien at 2017-08-16 21:26:54 : TIME-LEFT:~8
Julien at 2017-08-16 21:26:55 : TO_START_ORDER~PRESS-BUTTON
Julien at 2017-08-16 21:26:56 : TIME-LEFT:~7
Julien at 2017-08-16 21:26:57 : TO_START_ORDER~PRESS-BUTTON
Julien at 2017-08-16 21:26:58 : TIME-LEFT:~6
Julien at 2017-08-16 21:26:59 : TO_START_ORDER~PRESS-BUTTON
Julien at 2017-08-16 21:27:01 : ORDER_STARTED
Julien at 2017-08-16 21:27:00 : TIME-LEFT:~5
Julien at 2017-08-16 21:28:32 : ORDER_FINISHED
Julien at 2017-08-16 21:27:00 : TIME-LEFT:~5
Julien at 2017-08-16 21:41:14 : Julien:~Authenticated_!
Julien at 2017-08-16 21:41:16 : TO_START_ORDER~PRESS-BUTTON
Julien at 2017-08-16 21:41:17 : TIME-LEFT:~10
Julien at 2017-08-16 21:41:18 : ORDER_STARTED
Julien at 2017-08-16 21:48:39 : Julien:~Authenticated_!
Julien at 2017-08-16 21:48:40 : TO_START_ORDER~PRESS-BUTTON
Julien at 2017-08-16 21:48:41 : TIME-LEFT:~10
Julien at 2017-08-16 21:48:43 : ORDER_STARTED
Julien at 2017-08-16 21:49:11 : Julien:~Authenticated_!
Julien at 2017-08-16 21:49:12 : TO_START_ORDER~PRESS-BUTTON
Julien at 2017-08-16 21:49:14 : TIME-LEFT:~10
Julien at 2017-08-16 21:49:15 : ORDER_STARTED
Julien at 2017-08-16 21:49:15 : TO_START_ORDER~PRESS-BUTTON
Julien at 2017-08-16 21:49:22 : ORDER_FINISHED
Julien at 2017-08-16 21:49:15 : TO_START_ORDER~PRESS-BUTTON
Julien at 2017-08-16 21:49:56 : Julien:~Authenticated_!
Julien at 2017-08-16 21:49:57 : TO_START_ORDER~PRESS-BUTTON
Julien at 2017-08-16 21:49:59 : TIME-LEFT:~10
Julien at 2017-08-16 21:50:00 : TO_START_ORDER~PRESS-BUTTON
Julien at 2017-08-16 21:50:01 : ORDER_STARTED
Julien at 2017-08-16 21:50:06 : ORDER_FINISHED
Julien at 2017-08-16 21:50:30 : Julien:~Authenticated_!
Julien at 2017-08-16 21:50:31 : TO_START_ORDER~PRESS-BUTTON
Julien at 2017-08-16 21:50:32 : ORDER_STARTED
Julien at 2017-08-16 21:50:38 : ORDER_FINISHED
Julien at 2017-08-16 21:52:52 : Julien:~Authenticated_!
Julien at 2017-08-16 21:52:54 : TO_START_ORDER~PRESS-BUTTON
Julien at 2017-08-16 21:52:55 : ORDER_STARTED
Julien at 2017-08-16 21:53:00 : ORDER_FINISHED
Julien at 2017-08-16 21:53:04 : Julien:~Authenticated_!
Julien at 2017-08-16 21:53:06 : TO_START_ORDER~PRESS-BUTTON
Julien at 2017-08-16 21:53:07 : TIME-LEFT:~10
Julien at 2017-08-16 21:53:08 : ORDER_STARTED
Julien at 2017-08-16 21:53:18 : ORDER_FINISHED
Julien at 2017-08-16 21:53:08 : TO_START_ORDER~PRESS-BUTTON
Julien at 2017-08-16 21:54:58 : Julien:~Authenticated_!
Julien at 2017-08-16 21:55:00 : TO_START_ORDER~PRESS-BUTTON
Julien at 2017-08-16 21:55:01 : TIME-LEFT:~10
Julien at 2017-08-16 21:55:02 : ORDER_STARTED
Julien at 2017-08-16 21:55:13 : ORDER_FINISHED
Julien at 2017-08-16 21:55:02 : TO_START_ORDER~PRESS-BUTTON
Julien at 2017-08-16 21:56:35 : Julien:~Authenticated_!
Julien at 2017-08-16 21:56:36 : TO_START_ORDER~PRESS-BUTTON
Julien at 2017-08-16 21:56:37 : TIME-LEFT:~10
Julien at 2017-08-16 21:56:39 : TO_START_ORDER~PRESS-BUTTON
Julien at 2017-08-16 21:56:40 : TIME-LEFT:~9
Julien at 2017-08-16 21:56:41 : TO_START_ORDER~PRESS-BUTTON
Julien at 2017-08-16 21:56:42 : TIME-LEFT:~8
Julien at 2017-08-16 21:56:43 : TO_START_ORDER~PRESS-BUTTON
Julien at 2017-08-16 21:56:44 : TIME-LEFT:~7
Julien at 2017-08-16 21:56:45 : TO_START_ORDER~PRESS-BUTTON
Julien at 2017-08-16 21:56:46 : TIME-LEFT:~6
Julien at 2017-08-16 21:56:48 : TO_START_ORDER~PRESS-BUTTON
Julien at 2017-08-16 21:56:49 : TIME-LEFT:~5
Julien at 2017-08-16 21:56:50 : TO_START_ORDER~PRESS-BUTTON
Julien at 2017-08-16 21:56:51 : TIME-LEFT:~4
Julien at 2017-08-16 21:56:52 : TO_START_ORDER~PRESS-BUTTON
Julien at 2017-08-16 21:56:53 : TIME-LEFT:~3
Julien at 2017-08-16 21:56:54 : ORDER_STARTED
Julien at 2017-08-16 21:57:07 : ORDER_FINISHED
Julien at 2017-08-16 21:56:54 : TO_START_ORDER~PRESS-BUTTON
Julien at 2017-08-16 21:58:11 : Julien:~Authenticated_!
Julien at 2017-08-16 21:58:13 : TO_START_ORDER~PRESS-BUTTON
Julien at 2017-08-16 21:58:14 : TIME-LEFT:~10
Julien at 2017-08-16 21:58:15 : ORDER_STARTED
Julien at 2017-08-16 21:58:20 : ORDER_FINISHED
Julien at 2017-08-16 21:58:34 : Julien:~Authenticated_!
Julien at 2017-08-16 21:58:36 : TO_START_ORDER~PRESS-BUTTON
Julien at 2017-08-16 21:58:37 : TIME-LEFT:~10
Julien at 2017-08-16 21:58:38 : TO_START_ORDER~PRESS-BUTTON
Julien at 2017-08-16 21:58:39 : TIME-LEFT:~9
Julien at 2017-08-16 21:58:40 : TO_START_ORDER~PRESS-BUTTON
Julien at 2017-08-16 21:58:41 : TIME-LEFT:~8
Julien at 2017-08-16 21:58:42 : TO_START_ORDER~PRESS-BUTTON
Julien at 2017-08-16 21:58:43 : ORDER_STARTED
Julien at 2017-08-16 21:59:00 : caraX1~Amount_items:1
Julien at 2017-08-16 21:59:01 : caraX2~Amount_items:2
Julien at 2017-08-16 21:59:06 : TOTAL:~0.9euro
Julien at 2017-08-16 21:59:10 : ORDER_FINISHED
Julien at 2017-08-16 22:02:40 : Julien:~Authenticated_!
Julien at 2017-08-16 22:02:41 : TO_START_ORDER~PRESS-BUTTON
Julien at 2017-08-16 22:02:42 : TIME-LEFT:~10
Julien at 2017-08-16 22:02:44 : TO_START_ORDER~PRESS-BUTTON
Julien at 2017-08-16 22:02:45 : TIME-LEFT:~9
Julien at 2017-08-16 22:02:45 : ORDER_STARTED
Julien at 2017-08-16 22:02:55 : ORDER_FINISHED
Julien at 2017-08-16 22:03:29 : Julien:~Authenticated_!
Julien at 2017-08-16 22:03:30 : TO_START_ORDER~PRESS-BUTTON
Julien at 2017-08-16 22:03:32 : TIME-LEFT:~10
Julien at 2017-08-16 22:03:33 : ORDER_STARTED
Julien at 2017-08-16 22:03:43 : ORDER_FINISHED
Julien at 2017-08-16 22:03:33 : TO_START_ORDER~PRESS-BUTTON
Julien at 2017-08-16 22:05:04 : Julien:~Authenticated_!
Julien at 2017-08-16 22:05:05 : TO_START_ORDER~PRESS-BUTTON
Julien at 2017-08-16 22:05:07 : ORDER_STARTED
Julien at 2017-08-16 22:05:16 : ORDER_FINISHED
Julien at 2017-08-16 22:05:06 : TIME-LEFT:~10
Julien at 2017-08-16 22:05:26 : Julien:~Authenticated_!
Julien at 2017-08-16 22:05:27 : TO_START_ORDER~PRESS-BUTTON
Julien at 2017-08-16 22:05:29 : TIME-LEFT:~10
Julien at 2017-08-16 22:05:30 : TO_START_ORDER~PRESS-BUTTON
Julien at 2017-08-16 22:05:31 : TIME-LEFT:~9
Julien at 2017-08-16 22:05:31 : ORDER_STARTED
Julien at 2017-08-16 22:05:41 : ORDER_FINISHED
Julien at 2017-08-16 22:05:52 : Julien:~Authenticated_!
Julien at 2017-08-16 22:05:54 : TO_START_ORDER~PRESS-BUTTON
Julien at 2017-08-16 22:05:55 : TIME-LEFT:~10
Julien at 2017-08-16 22:05:56 : TO_START_ORDER~PRESS-BUTTON
Julien at 2017-08-16 22:05:57 : TIME-LEFT:~9
Julien at 2017-08-16 22:05:58 : ORDER_STARTED
Julien at 2017-08-16 22:06:09 : ORDER_FINISHED
Julien at 2017-08-16 22:06:44 : Julien:~Authenticated_!
Julien at 2017-08-16 22:06:46 : TO_START_ORDER~PRESS-BUTTON
Julien at 2017-08-16 22:06:47 : TIME-LEFT:~10
Julien at 2017-08-16 22:06:48 : TO_START_ORDER~PRESS-BUTTON
Julien at 2017-08-16 22:06:50 : ORDER_STARTED
Julien at 2017-08-16 22:07:01 : caraX1~Amount_items:1
Julien at 2017-08-16 22:07:03 : caraX2~Amount_items:2
Julien at 2017-08-16 22:07:04 : caraX3~Amount_items:3
Julien at 2017-08-16 22:07:09 : TOTAL:~1.35euro
Julien at 2017-08-16 22:07:13 : ORDER_FINISHED
Julien at 2017-08-16 22:06:49 : TIME-LEFT:~9
Julien at 2017-08-17 04:11:54 : Julien:~Authenticated_!
Julien at 2017-08-17 04:11:55 : TO_START_ORDER~PRESS-BUTTON
Julien at 2017-08-17 04:11:57 : TIME-LEFT:~10
Julien at 2017-08-17 04:11:57 : ORDER_STARTED
Julien at 2017-08-17 04:12:07 : ORDER_FINISHED
Julien at 2017-08-17 04:13:33 : Julien:~Authenticated_!
Julien at 2017-08-17 04:13:34 : Julien:~Authenticated_!
Julien at 2017-08-17 04:13:36 : TO_START_ORDER~PRESS-BUTTON
Julien at 2017-08-17 04:13:37 : TIME-LEFT:~10
Julien at 2017-08-17 04:13:38 : TO_START_ORDER~PRESS-BUTTON
Julien at 2017-08-17 04:13:39 : TIME-LEFT:~9
Julien at 2017-08-17 04:13:40 : TO_START_ORDER~PRESS-BUTTON
Julien at 2017-08-17 04:13:41 : ORDER_STARTED
Julien at 2017-08-17 04:13:49 : ORDER_FINISHED
Julien at 2017-08-17 04:14:21 : Julien:~Authenticated_!
Julien at 2017-08-17 04:14:23 : TO_START_ORDER~PRESS-BUTTON
Julien at 2017-08-17 04:14:24 : TIME-LEFT:~10
Julien at 2017-08-17 04:14:25 : TO_START_ORDER~PRESS-BUTTON
Julien at 2017-08-17 04:14:26 : TIME-LEFT:~9
Julien at 2017-08-17 04:14:27 : TO_START_ORDER~PRESS-BUTTON
Julien at 2017-08-17 04:15:08 : Julien:~Authenticated_!
Julien at 2017-08-17 04:15:10 : TO_START_ORDER~PRESS-BUTTON
Julien at 2017-08-17 04:15:11 : TIME-LEFT:~10
Julien at 2017-08-17 04:15:12 : TO_START_ORDER~PRESS-BUTTON
Julien at 2017-08-17 04:15:17 : Julien:~Authenticated_!
Julien at 2017-08-17 04:15:19 : TO_START_ORDER~PRESS-BUTTON
Julien at 2017-08-17 04:15:20 : TIME-LEFT:~10
Julien at 2017-08-17 04:15:21 : TO_START_ORDER~PRESS-BUTTON
Julien at 2017-08-17 04:15:22 : TIME-LEFT:~9
Julien at 2017-08-17 04:15:23 : ORDER_STARTED
Julien at 2017-08-17 04:15:30 : ORDER_FINISHED
Julien at 2017-08-17 04:15:36 : Julien:~Authenticated_!
Julien at 2017-08-17 04:15:38 : TO_START_ORDER~PRESS-BUTTON
Julien at 2017-08-17 04:15:39 : TIME-LEFT:~10
Julien at 2017-08-17 04:15:40 : TO_START_ORDER~PRESS-BUTTON
Julien at 2017-08-17 04:15:41 : TIME-LEFT:~9
Julien at 2017-08-17 04:15:42 : TO_START_ORDER~PRESS-BUTTON
Julien at 2017-08-17 04:15:43 : TIME-LEFT:~8
Julien at 2017-08-17 04:15:45 : TO_START_ORDER~PRESS-BUTTON
Julien at 2017-08-17 04:15:46 : TIME-LEFT:~7
Julien at 2017-08-17 11:15:18 : Julien:~Authenticated_!
Julien at 2017-08-17 11:15:20 : TO_START_ORDER~PRESS-BUTTON
Julien at 2017-08-17 11:15:21 : TIME-LEFT:~10
Julien at 2017-08-17 11:15:22 : TO_START_ORDER~PRESS-BUTTON
Julien at 2017-08-17 11:15:23 : ORDER_STARTED
Julien at 2017-08-17 11:15:35 : ORDER_FINISHED
Julien at 2017-08-17 11:15:42 : Julien:~Authenticated_!
Julien at 2017-08-17 11:15:43 : TO_START_ORDER~PRESS-BUTTON
Julien at 2017-08-17 11:15:45 : TIME-LEFT:~10
Julien at 2017-08-17 11:15:45 : ORDER_STARTED
Julien at 2017-08-17 11:15:53 : ORDER_FINISHED
Julien at 2017-08-17 12:08:55 : Julien:~Authenticated_!
Julien at 2017-08-17 12:08:57 : TO_START_ORDER~PRESS-BUTTON
Julien at 2017-08-17 12:08:58 : TIME-LEFT:~10
Julien at 2017-08-17 12:08:59 : TO_START_ORDER~PRESS-BUTTON
Julien at 2017-08-17 12:09:00 : ORDER_STARTED
Julien at 2017-08-17 12:09:10 : ORDER_FINISHED
Julien at 2017-08-17 14:13:23 : Julien:~Authenticated_!
Julien at 2017-08-17 14:13:25 : TO_START_ORDER~PRESS-BUTTON
Julien at 2017-08-17 14:13:26 : TIME-LEFT:~10
Julien at 2017-08-17 14:13:27 : ORDER_STARTED
Julien at 2017-08-17 14:13:41 : ORDER_FINISHED
Julien at 2017-08-17 17:15:17 : Julien:~Authenticated_!
Julien at 2017-08-17 17:15:18 : TO_START_ORDER~PRESS-BUTTON
Julien at 2017-08-17 17:15:19 : TIME-LEFT:~10
Julien at 2017-08-17 17:15:20 : TO_START_ORDER~PRESS-BUTTON
Julien at 2017-08-17 17:15:22 : TIME-LEFT:~9
Julien at 2017-08-17 17:15:23 : TO_START_ORDER~PRESS-BUTTON
Julien at 2017-08-17 17:15:24 : TIME-LEFT:~8
Julien at 2017-08-17 17:15:25 : TO_START_ORDER~PRESS-BUTTON
Julien at 2017-08-17 17:15:26 : TIME-LEFT:~7
Julien at 2017-08-17 17:15:27 : TO_START_ORDER~PRESS-BUTTON
Julien at 2017-08-17 17:15:29 : ORDER_STARTED
Julien at 2017-08-17 17:15:40 : caraX1~Amount_items:1
Julien at 2017-08-17 17:15:41 : caraX2~Amount_items:2
Julien at 2017-08-17 17:15:42 : 81:~NOT_AVAILABLE
Julien at 2017-08-17 17:15:44 : caraX3~Amount_items:3
Julien at 2017-08-17 17:15:49 : TOTAL:~1.35euro
Julien at 2017-08-17 17:15:52 : ORDER_FINISHED
Julien at 2017-08-17 17:15:28 : TIME-LEFT:~6
Julien at 2017-08-17 17:15:59 : Julien:~Authenticated_!
Julien at 2017-08-17 17:16:01 : TO_START_ORDER~PRESS-BUTTON
Julien at 2017-08-17 17:16:02 : ORDER_STARTED
Julien at 2017-08-17 17:16:11 : ORDER_FINISHED
Julien at 2017-08-17 17:16:26 : Julien:~Authenticated_!
Julien at 2017-08-17 17:16:28 : TO_START_ORDER~PRESS-BUTTON
Julien at 2017-08-17 17:16:29 : TIME-LEFT:~10
Julien at 2017-08-17 17:16:30 : ORDER_STARTED
Julien at 2017-08-17 17:16:41 : ORDER_FINISHED
Julien at 2017-08-17 17:28:03 : Julien:~Authenticated_!
Julien at 2017-08-17 17:28:05 : TO_START_ORDER~PRESS-BUTTON
Julien at 2017-08-17 17:28:06 : TIME-LEFT:~10
Julien at 2017-08-17 17:28:08 : ORDER_STARTED
Julien at 2017-08-17 17:28:15 : ORDER_FINISHED
Julien at 2017-08-17 17:28:07 : TO_START_ORDER~PRESS-BUTTON
Julien at 2017-08-17 17:28:20 : Julien:~Authenticated_!
Julien at 2017-08-17 17:28:22 : TO_START_ORDER~PRESS-BUTTON
Julien at 2017-08-17 17:28:23 : ORDER_STARTED
Julien at 2017-08-17 17:28:30 : ORDER_FINISHED
NO AUTHENTICATION YET at 2017-08-17 19:08:01 : WRONG_CARD_!
NO AUTHENTICATION YET at 2017-08-17 19:08:02 : WRONG_CARD_!
Julien at 2017-08-17 19:08:16 : Julien:~Authenticated_!
Julien at 2017-08-17 19:08:18 : TO_START_ORDER~PRESS-BUTTON
Julien at 2017-08-17 19:08:19 : TIME-LEFT:~10
Julien at 2017-08-17 19:08:20 : TO_START_ORDER~PRESS-BUTTON
Julien at 2017-08-17 19:08:21 : TIME-LEFT:~9
Julien at 2017-08-17 19:08:22 : TO_START_ORDER~PRESS-BUTTON
Julien at 2017-08-17 19:08:23 : TIME-LEFT:~8
Julien at 2017-08-17 19:08:24 : TO_START_ORDER~PRESS-BUTTON
Julien at 2017-08-17 19:08:25 : TIME-LEFT:~7
Julien at 2017-08-17 19:08:27 : TO_START_ORDER~PRESS-BUTTON
Julien at 2017-08-17 19:11:29 : Julien:~Authenticated_!
Julien at 2017-08-17 19:11:30 : TO_START_ORDER~PRESS-BUTTON
Julien at 2017-08-17 19:11:32 : TIME-LEFT:~10
Julien at 2017-08-17 19:11:33 : TO_START_ORDER~PRESS-BUTTON
Julien at 2017-08-17 19:11:34 : TIME-LEFT:~9
Julien at 2017-08-17 19:11:35 : TO_START_ORDER~PRESS-BUTTON
Julien at 2017-08-17 19:11:36 : TIME-LEFT:~8
Julien at 2017-08-17 19:11:37 : TO_START_ORDER~PRESS-BUTTON
Julien at 2017-08-17 19:11:38 : ORDER_STARTED
Julien at 2017-08-17 19:11:41 : caraX1~Amount_items:1
Julien at 2017-08-17 19:11:43 : caraX2~Amount_items:2
Julien at 2017-08-17 19:11:47 : TOTAL:~0.9euro
Julien at 2017-08-17 19:11:50 : ORDER_FINISHED
NO AUTHENTICATION YET at 2017-08-17 19:13:14 : WRONG_CARD_!
dummy at 2017-08-17 19:13:15 : dummy:~Authenticated_!
dummy at 2017-08-17 19:13:17 : TO_START_ORDER~PRESS-BUTTON
dummy at 2017-08-17 19:13:18 : TIME-LEFT:~10
dummy at 2017-08-17 19:13:19 : TO_START_ORDER~PRESS-BUTTON
dummy at 2017-08-17 19:13:20 : TIME-LEFT:~9
dummy at 2017-08-17 19:13:21 : TO_START_ORDER~PRESS-BUTTON
dummy at 2017-08-17 19:13:23 : TIME-LEFT:~8
dummy at 2017-08-17 19:13:24 : TO_START_ORDER~PRESS-BUTTON
dummy at 2017-08-17 19:13:25 : TIME-LEFT:~7
dummy at 2017-08-17 19:13:26 : TO_START_ORDER~PRESS-BUTTON
dummy at 2017-08-17 19:13:28 : ORDER_STARTED
dummy at 2017-08-17 19:13:33 : ORDER_FINISHED
dummy at 2017-08-17 19:13:27 : TIME-LEFT:~6
dummy at 2017-08-17 19:13:38 : dummy:~Authenticated_!
dummy at 2017-08-17 19:13:40 : TO_START_ORDER~PRESS-BUTTON
dummy at 2017-08-17 19:13:41 : TIME-LEFT:~10
dummy at 2017-08-17 19:13:42 : TO_START_ORDER~PRESS-BUTTON
dummy at 2017-08-17 19:13:43 : TIME-LEFT:~9
dummy at 2017-08-17 19:13:44 : TO_START_ORDER~PRESS-BUTTON
dummy at 2017-08-17 19:13:46 : ORDER_STARTED
dummy at 2017-08-17 19:13:48 : caraX1~Amount_items:1
dummy at 2017-08-17 19:13:49 : caraX2~Amount_items:2
dummy at 2017-08-17 19:13:46 : TIME-LEFT:~8
dummy at 2017-08-17 19:19:53 : dummy:~Authenticated_!
dummy at 2017-08-17 19:19:54 : TO_START_ORDER~PRESS-BUTTON
dummy at 2017-08-17 19:19:56 : TIME-LEFT:~10
dummy at 2017-08-17 19:19:57 : TO_START_ORDER~PRESS-BUTTON
dummy at 2017-08-17 19:19:58 : ORDER_STARTED
dummy at 2017-08-17 19:21:49 : dummy:~Authenticated_!
dummy at 2017-08-17 19:21:50 : TO_START_ORDER~PRESS-BUTTON
dummy at 2017-08-17 19:21:51 : TIME-LEFT:~10
dummy at 2017-08-17 19:19:58 : TIME-LEFT:~9
dummy at 2017-08-17 19:21:53 : ORDER_STARTED
dummy at 2017-08-17 19:21:56 : ORDER_FINISHED
dummy at 2017-08-17 19:19:58 : TIME-LEFT:~9
dummy at 2017-08-17 19:21:59 : caraX1~Amount_items:1
dummy at 2017-08-17 19:22:01 : caraX2~Amount_items:2
dummy at 2017-08-17 19:21:53 : TO_START_ORDER~PRESS-BUTTON
dummy at 2017-08-17 19:22:03 : NOT_ENOUGH_CASH~TOTAL:1
dummy at 2017-08-17 19:22:06 : CUR.BALANCE:0~MONEY_LIM.:0
dummy at 2017-08-17 19:22:08 : ORDER_FINISHED
dummy at 2017-08-17 19:21:53 : TO_START_ORDER~PRESS-BUTTON
dummy at 2017-08-17 19:22:24 : dummy:~Authenticated_!
dummy at 2017-08-17 19:22:26 : TO_START_ORDER~PRESS-BUTTON
dummy at 2017-08-17 19:22:27 : TIME-LEFT:~10
dummy at 2017-08-17 19:22:29 : ORDER_STARTED
dummy at 2017-08-17 19:22:34 : caraX1~Amount_items:1
dummy at 2017-08-17 19:22:35 : caraX2~Amount_items:2
dummy at 2017-08-17 19:22:37 : caraX3~Amount_items:3
dummy at 2017-08-17 19:22:40 : NOT_ENOUGH_CASH~TOTAL:1.5
dummy at 2017-08-17 19:22:43 : CUR.BALANCE:0~MONEY_LIM.:0
dummy at 2017-08-17 19:22:46 : ORDER_FINISHED
dummy at 2017-08-17 19:22:28 : TO_START_ORDER~PRESS-BUTTON
Julien at 2017-08-17 19:22:52 : Julien:~Authenticated_!
Julien at 2017-08-17 19:22:54 : TO_START_ORDER~PRESS-BUTTON
Julien at 2017-08-17 19:22:55 : TIME-LEFT:~10
Julien at 2017-08-17 19:22:56 : TO_START_ORDER~PRESS-BUTTON
Julien at 2017-08-17 19:22:57 : ORDER_STARTED
Julien at 2017-08-17 19:22:59 : caraX1~Amount_items:1
Julien at 2017-08-17 19:23:00 : caraX2~Amount_items:2
Julien at 2017-08-17 19:23:01 : 123081:~NOT_AVAILABLE
Julien at 2017-08-17 19:23:04 : caraX3~Amount_items:3
Julien at 2017-08-17 19:23:05 : caraX4~Amount_items:4
Julien at 2017-08-17 19:23:08 : TOTAL:~1.8euro
Julien at 2017-08-17 19:23:11 : ORDER_FINISHED
dummy at 2017-08-17 19:26:33 : dummy:~Authenticated_!
dummy at 2017-08-17 19:26:35 : TO_START_ORDER~PRESS-BUTTON
dummy at 2017-08-17 19:26:36 : TIME-LEFT:~10
dummy at 2017-08-17 19:26:37 : ORDER_STARTED
dummy at 2017-08-17 19:26:45 : caraX1~Amount_items:1
dummy at 2017-08-17 19:26:46 : caraX2~Amount_items:2
dummy at 2017-08-17 19:26:37 : TO_START_ORDER~PRESS-BUTTON
dummy at 2017-08-17 19:26:51 : NOT_ENOUGH_CASH~TOTAL:1
dummy at 2017-08-17 19:26:54 : CUR.BALANCE:0~MONEY_LIM.:0
dummy at 2017-08-17 19:26:56 : ORDER_FINISHED
dummy at 2017-08-17 19:26:37 : TO_START_ORDER~PRESS-BUTTON
Julien at 2017-08-17 19:27:04 : Julien:~Authenticated_!
Julien at 2017-08-17 19:27:06 : TO_START_ORDER~PRESS-BUTTON
Julien at 2017-08-17 19:27:07 : TIME-LEFT:~10
Julien at 2017-08-17 19:27:08 : ORDER_STARTED
Julien at 2017-08-17 19:27:12 : caraX1~Amount_items:1
Julien at 2017-08-17 19:27:13 : caraX2~Amount_items:2
Julien at 2017-08-17 19:27:17 : TOTAL:~0.9euro
Julien at 2017-08-17 19:27:21 : ORDER_FINISHED
Julien at 2017-08-17 19:27:27 : Julien:~Authenticated_!
Julien at 2017-08-17 19:27:29 : TO_START_ORDER~PRESS-BUTTON
Julien at 2017-08-17 19:27:30 : ORDER_STARTED
Julien at 2017-08-17 19:28:04 : ORDER_FINISHED
Julien at 2017-08-17 19:27:30 : TIME-LEFT:~10
Julien at 2017-08-17 19:32:38 : Julien:~Authenticated_!
Julien at 2017-08-17 19:32:40 : TO_START_ORDER~PRESS-BUTTON
Julien at 2017-08-17 19:32:41 : TIME-LEFT:~10
Julien at 2017-08-17 19:32:42 : TO_START_ORDER~PRESS-BUTTON
Julien at 2017-08-17 19:32:43 : ORDER_STARTED
Julien at 2017-08-17 19:32:45 : ORDER_FINISHED
Julien at 2017-08-17 19:32:43 : TIME-LEFT:~9
dummy at 2017-08-17 19:32:52 : dummy:~Authenticated_!
dummy at 2017-08-17 19:32:54 : TO_START_ORDER~PRESS-BUTTON
dummy at 2017-08-17 19:32:55 : TIME-LEFT:~10
dummy at 2017-08-17 19:32:56 : ORDER_STARTED
dummy at 2017-08-17 19:33:04 : caraX1~Amount_items:1
dummy at 2017-08-17 19:33:05 : caraX2~Amount_items:2
dummy at 2017-08-17 19:33:12 : NOT_ENOUGH_CASH~TOTAL:1
dummy at 2017-08-17 19:33:14 : CUR.BALANCE:0~MONEY_LIM.:0
dummy at 2017-08-17 19:33:17 : ORDER_FINISHED
Julien at 2017-08-17 19:34:17 : Julien:~Authenticated_!
Julien at 2017-08-17 19:34:19 : TO_START_ORDER~PRESS-BUTTON
Julien at 2017-08-17 19:34:20 : TIME-LEFT:~10
Julien at 2017-08-17 19:34:22 : ORDER_STARTED
Julien at 2017-08-17 19:34:25 : ORDER_FINISHED
Julien at 2017-08-17 19:34:21 : TO_START_ORDER~PRESS-BUTTON
dummy at 2017-08-17 19:34:29 : dummy:~Authenticated_!
dummy at 2017-08-17 19:34:31 : TO_START_ORDER~PRESS-BUTTON
dummy at 2017-08-17 19:34:32 : TIME-LEFT:~10
dummy at 2017-08-17 19:34:34 : ORDER_STARTED
dummy at 2017-08-17 19:35:11 : ORDER_FINISHED
dummy at 2017-08-17 19:34:33 : TO_START_ORDER~PRESS-BUTTON
dummy at 2017-08-17 19:35:21 : dummy:~Authenticated_!
dummy at 2017-08-17 19:35:22 : TO_START_ORDER~PRESS-BUTTON
dummy at 2017-08-17 19:35:24 : TIME-LEFT:~10
dummy at 2017-08-17 19:35:25 : TO_START_ORDER~PRESS-BUTTON
dummy at 2017-08-17 19:35:26 : ORDER_STARTED
dummy at 2017-08-17 19:36:24 : ORDER_FINISHED
dummy at 2017-08-17 19:35:26 : TIME-LEFT:~9
dummy at 2017-08-17 19:40:03 : dummy:~Authenticated_!
dummy at 2017-08-17 19:40:04 : TO_START_ORDER~PRESS-BUTTON
dummy at 2017-08-17 19:40:06 : ORDER_STARTED
dummy at 2017-08-17 19:40:06 : TIME-LEFT:~10
dummy at 2017-08-17 19:40:06 : TIME-LEFT:~10
dummy at 2017-08-17 19:44:44 : dummy:~Authenticated_!
dummy at 2017-08-17 19:44:45 : TO_START_ORDER~PRESS-BUTTON
dummy at 2017-08-17 19:44:46 : TIME-LEFT:~10
dummy at 2017-08-17 19:44:47 : TO_START_ORDER~PRESS-BUTTON
dummy at 2017-08-17 19:44:48 : ORDER_STARTED
dummy at 2017-08-17 19:44:55 : ORDER_FINISHED
dummy at 2017-08-17 20:17:39 : dummy:~Authenticated_!
dummy at 2017-08-17 20:17:40 : TO_START_ORDER~PRESS-BUTTON
dummy at 2017-08-17 20:17:42 : ORDER_STARTED
dummy at 2017-08-17 20:17:50 : ORDER_FINISHED
dummy at 2017-08-17 20:17:42 : TIME-LEFT:~10
NO AUTHENTICATION YET at 2017-08-17 20:17:55 : WRONG_CARD_!
dummy at 2017-08-17 20:17:59 : dummy:~Authenticated_!
dummy at 2017-08-17 20:18:00 : TO_START_ORDER~PRESS-BUTTON
dummy at 2017-08-17 20:18:02 : ORDER_STARTED
dummy at 2017-08-17 20:18:22 : ORDER_FINISHED
dummy at 2017-08-17 20:18:02 : TIME-LEFT:~10
dummy at 2017-08-17 20:59:57 : dummy:~Authenticated_!
dummy at 2017-08-17 20:59:59 : TO_START_ORDER~PRESS-BUTTON
dummy at 2017-08-17 21:00:00 : ORDER_STARTED
dummy at 2017-08-17 21:00:01 : ORDER_FINISHED
dummy at 2017-08-17 21:00:07 : dummy:~Authenticated_!
dummy at 2017-08-17 21:00:08 : TO_START_ORDER~PRESS-BUTTON
dummy at 2017-08-17 21:00:10 : TIME-LEFT:~10
dummy at 2017-08-17 21:00:11 : TO_START_ORDER~PRESS-BUTTON
dummy at 2017-08-17 21:00:12 : TIME-LEFT:~9
dummy at 2017-08-17 21:00:13 : ORDER_STARTED
dummy at 2017-08-17 21:00:13 : TO_START_ORDER~PRESS-BUTTON
dummy at 2017-08-17 21:03:13 : dummy:~Authenticated_!
dummy at 2017-08-17 21:03:15 : TO_START_ORDER~PRESS-BUTTON
dummy at 2017-08-17 21:03:16 : TIME-LEFT:~10
dummy at 2017-08-17 21:00:13 : TO_START_ORDER~PRESS-BUTTON
dummy at 2017-08-17 21:03:18 : ORDER_STARTED
dummy at 2017-08-17 21:03:24 : ORDER_FINISHED
dummy at 2017-08-17 21:03:17 : TO_START_ORDER~PRESS-BUTTON
dummy at 2017-08-17 21:05:41 : dummy:~Authenticated_!
dummy at 2017-08-17 21:05:42 : TO_START_ORDER~PRESS-BUTTON
dummy at 2017-08-17 21:05:44 : TIME-LEFT:~10
dummy at 2017-08-17 21:05:44 : ORDER_STARTED
dummy at 2017-08-17 21:08:34 : dummy:~Authenticated_!
dummy at 2017-08-17 21:08:35 : TO_START_ORDER~PRESS-BUTTON
dummy at 2017-08-17 21:08:36 : TIME-LEFT:~10
dummy at 2017-08-17 21:08:38 : TO_START_ORDER~PRESS-BUTTON
dummy at 2017-08-17 21:08:39 : TIME-LEFT:~9
dummy at 2017-08-17 21:08:40 : ORDER_STARTED
dummy at 2017-08-17 21:08:40 : TO_START_ORDER~PRESS-BUTTON
dummy at 2017-08-17 21:08:43 : ORDER_FINISHED
dummy at 2017-08-17 21:08:40 : TO_START_ORDER~PRESS-BUTTON
dummy at 2017-08-17 21:08:48 : dummy:~Authenticated_!
dummy at 2017-08-17 21:08:49 : TO_START_ORDER~PRESS-BUTTON
dummy at 2017-08-17 21:08:51 : TIME-LEFT:~10
dummy at 2017-08-17 21:08:51 : ORDER_STARTED
Julien at 2017-08-17 22:11:38 : Julien:~Authenticated_!
Julien at 2017-08-17 22:11:40 : TO_START_ORDER~PRESS-BUTTON
Julien at 2017-08-17 22:11:41 : ORDER_STARTED
Julien at 2017-08-17 22:11:41 : TIME-LEFT:~10
Julien at 2017-08-17 22:11:49 : Julien:~Authenticated_!
Julien at 2017-08-17 22:11:50 : TO_START_ORDER~PRESS-BUTTON
Julien at 2017-08-17 22:11:51 : ORDER_STARTED
Julien at 2017-08-17 22:19:55 : Julien:~Authenticated_!
Julien at 2017-08-17 22:19:57 : TO_START_ORDER~PRESS-BUTTON
Julien at 2017-08-17 22:19:58 : ORDER_STARTED
Julien at 2017-08-17 22:19:59 : ORDER_FINISHED
Julien at 2017-08-17 22:19:58 : TIME-LEFT:~10
Julien at 2017-08-17 22:31:27 : Julien:~Authenticated_!
Julien at 2017-08-17 22:31:29 : TO_START_ORDER~PRESS-BUTTON
Julien at 2017-08-17 22:31:30 : TIME-LEFT:~10
Julien at 2017-08-17 22:31:31 : TO_START_ORDER~PRESS-BUTTON
Julien at 2017-08-17 22:31:32 : TIME-LEFT:~9
Julien at 2017-08-17 22:31:34 : ORDER_STARTED
Julien at 2017-08-17 22:31:35 : ORDER_FINISHED
Julien at 2017-08-17 22:31:33 : TO_START_ORDER~PRESS-BUTTON
Julien at 2017-08-18 01:09:04 : Julien:~Authenticated_!
Julien at 2017-08-18 01:09:05 : Julien:~Authenticated_!
Julien at 2017-08-18 01:09:06 : Julien:~Authenticated_!
Julien at 2017-08-18 01:09:07 : Julien:~Authenticated_!
Julien at 2017-08-18 01:09:08 : Julien:~Authenticated_!
Julien at 2017-08-18 01:09:12 : Julien:~Authenticated_!
Julien at 2017-08-18 01:09:13 : Julien:~Authenticated_!
Julien at 2017-08-18 01:09:48 : Julien:~Authenticated_!
Julien at 2017-08-18 01:09:50 : TO_START_ORDER~PRESS-BUTTON
Julien at 2017-08-18 01:09:51 : ORDER_STARTED
Julien at 2017-08-18 01:09:51 : TIME-LEFT:~10
Julien at 2017-08-18 01:09:51 : TIME-LEFT:~10
Julien at 2017-08-18 01:10:57 : Julien:~Authenticated_!
Julien at 2017-08-18 01:10:59 : TO_START_ORDER~PRESS-BUTTON
Julien at 2017-08-18 01:11:00 : TIME-LEFT:~10
Julien at 2017-08-18 01:11:01 : ORDER_STARTED
Julien at 2017-08-18 01:11:08 : ORDER_FINISHED
dummy at 2017-08-18 01:17:32 : dummy:~Authenticated_!
dummy at 2017-08-18 01:17:34 : TO_START_ORDER~PRESS-BUTTON
dummy at 2017-08-18 01:17:35 : TIME-LEFT:~10
dummy at 2017-08-18 01:17:36 : ORDER_STARTED
dummy at 2017-08-18 01:17:47 : ORDER_FINISHED
dummy at 2017-08-18 01:18:11 : dummy:~Authenticated_!
dummy at 2017-08-18 01:18:13 : TO_START_ORDER~PRESS-BUTTON
dummy at 2017-08-18 01:18:14 : TIME-LEFT:~10
dummy at 2017-08-18 01:18:15 : ORDER_STARTED
dummy at 2017-08-18 01:19:16 : ORDER_FINISHED
dummy at 2017-08-18 01:26:41 : dummy:~Authenticated_!
dummy at 2017-08-18 01:26:43 : TO_START_ORDER~PRESS-BUTTON
dummy at 2017-08-18 01:26:44 : TIME-LEFT:~10
dummy at 2017-08-18 01:26:45 : ORDER_STARTED
dummy at 2017-08-18 01:26:52 : ORDER_FINISHED
dummy at 2017-08-18 01:28:25 : dummy:~Authenticated_!
dummy at 2017-08-18 01:28:27 : TO_START_ORDER~PRESS-BUTTON
dummy at 2017-08-18 01:28:28 : TIME-LEFT:~10
dummy at 2017-08-18 01:28:29 : ORDER_STARTED
dummy at 2017-08-18 01:29:29 : ORDER_FINISHED
NO AUTHENTICATION YET at 2017-08-18 01:37:02 : WRONG_CARD_!
dummy at 2017-08-18 01:37:25 : dummy:~Authenticated_!
dummy at 2017-08-18 01:37:27 : TO_START_ORDER~PRESS-BUTTON
dummy at 2017-08-18 01:37:28 : TIME-LEFT:~10
dummy at 2017-08-18 01:37:29 : ORDER_STARTED
dummy at 2017-08-18 01:37:34 : ORDER_FINISHED
dummy at 2017-08-18 01:40:12 : dummy:~Authenticated_!
dummy at 2017-08-18 01:40:13 : TO_START_ORDER~PRESS-BUTTON
dummy at 2017-08-18 01:40:14 : TIME-LEFT:~10
dummy at 2017-08-18 01:40:14 : ORDER_STARTED
dummy at 2017-08-18 01:40:18 : ORDER_FINISHED
dummy at 2017-08-18 01:40:25 : dummy:~Authenticated_!
dummy at 2017-08-18 01:40:26 : TO_START_ORDER~PRESS-BUTTON
dummy at 2017-08-18 01:40:27 : TIME-LEFT:~10
dummy at 2017-08-18 01:40:28 : TO_START_ORDER~PRESS-BUTTON
dummy at 2017-08-18 01:40:29 : TIME-LEFT:~9
dummy at 2017-08-18 01:40:30 : TO_START_ORDER~PRESS-BUTTON
dummy at 2017-08-18 01:40:31 : TIME-LEFT:~8
dummy at 2017-08-18 01:40:32 : ORDER_STARTED
dummy at 2017-08-18 01:40:35 : ORDER_FINISHED
dummy at 2017-08-18 01:40:41 : dummy:~Authenticated_!
dummy at 2017-08-18 01:40:42 : TO_START_ORDER~PRESS-BUTTON
dummy at 2017-08-18 01:40:43 : TIME-LEFT:~10
dummy at 2017-08-18 01:40:44 : TO_START_ORDER~PRESS-BUTTON
dummy at 2017-08-18 01:40:45 : ORDER_STARTED
dummy at 2017-08-18 01:40:47 : ORDER_FINISHED
dummy at 2017-08-18 01:40:53 : dummy:~Authenticated_!
dummy at 2017-08-18 01:40:55 : TO_START_ORDER~PRESS-BUTTON
dummy at 2017-08-18 01:40:56 : TIME-LEFT:~10
dummy at 2017-08-18 01:40:57 : ORDER_STARTED
dummy at 2017-08-18 01:40:59 : ORDER_FINISHED
dummy at 2017-08-18 01:46:27 : dummy:~Authenticated_!
dummy at 2017-08-18 01:46:29 : TO_START_ORDER~PRESS-BUTTON
dummy at 2017-08-18 01:46:30 : TIME-LEFT:~10
dummy at 2017-08-18 01:46:31 : ORDER_STARTED
dummy at 2017-08-18 01:46:36 : ORDER_FINISHED
dummy at 2017-08-18 01:47:00 : dummy:~Authenticated_!
dummy at 2017-08-18 01:47:01 : TO_START_ORDER~PRESS-BUTTON
dummy at 2017-08-18 01:47:02 : TIME-LEFT:~10
dummy at 2017-08-18 01:47:02 : ORDER_STARTED
dummy at 2017-08-18 01:47:04 : ORDER_FINISHED
dummy at 2017-08-18 01:47:23 : dummy:~Authenticated_!
dummy at 2017-08-18 01:47:24 : TO_START_ORDER~PRESS-BUTTON
dummy at 2017-08-18 01:47:25 : ORDER_STARTED
dummy at 2017-08-18 01:47:28 : ORDER_FINISHED
dummy at 2017-08-18 02:13:47 : dummy:~Authenticated_!
dummy at 2017-08-18 02:13:48 : TO_START_ORDER~PRESS-BUTTON
dummy at 2017-08-18 02:13:49 : TIME-LEFT:~10
dummy at 2017-08-18 02:13:50 : TO_START_ORDER~PRESS-BUTTON
dummy at 2017-08-18 02:13:51 : ORDER_STARTED
dummy at 2017-08-18 02:14:01 : ORDER_FINISHED
dummy at 2017-08-18 02:16:34 : dummy:~Authenticated_!
dummy at 2017-08-18 02:16:36 : TO_START_ORDER~PRESS-BUTTON
dummy at 2017-08-18 02:16:37 : TIME-LEFT:~10
dummy at 2017-08-18 02:16:38 : TO_START_ORDER~PRESS-BUTTON
dummy at 2017-08-18 02:16:39 : TIME-LEFT:~9
dummy at 2017-08-18 02:16:40 : ORDER_STARTED
dummy at 2017-08-18 02:16:43 : ORDER_FINISHED
Julien at 2017-08-18 02:18:42 : Julien:~Authenticated_!
Julien at 2017-08-18 02:18:57 : Julien:~Authenticated_!
Julien at 2017-08-18 02:18:59 : TO_START_ORDER~PRESS-BUTTON
Julien at 2017-08-18 02:19:00 : TIME-LEFT:~10
Julien at 2017-08-18 02:19:01 : TO_START_ORDER~PRESS-BUTTON
Julien at 2017-08-18 02:19:02 : TIME-LEFT:~9
Julien at 2017-08-18 02:19:03 : TO_START_ORDER~PRESS-BUTTON
Julien at 2017-08-18 02:19:04 : TIME-LEFT:~8
Julien at 2017-08-18 02:19:05 : ORDER_STARTED
Julien at 2017-08-18 02:19:14 : ORDER_FINISHED
Julien at 2017-08-18 02:21:14 : Julien:~Authenticated_!
Julien at 2017-08-18 02:21:15 : TO_START_ORDER~PRESS-BUTTON
Julien at 2017-08-18 02:21:27 : Julien:~Authenticated_!
Julien at 2017-08-18 02:21:28 : TO_START_ORDER~PRESS-BUTTON
Julien at 2017-08-18 02:21:29 : TIME-LEFT:~10
Julien at 2017-08-18 02:21:31 : TO_START_ORDER~PRESS-BUTTON
Julien at 2017-08-18 02:21:32 : TIME-LEFT:~9
Julien at 2017-08-18 02:21:32 : ORDER_STARTED
Julien at 2017-08-18 02:21:41 : ORDER_FINISHED
Julien at 2017-08-18 02:21:51 : Julien:~Authenticated_!
Julien at 2017-08-18 02:21:52 : TO_START_ORDER~PRESS-BUTTON
Julien at 2017-08-18 02:21:53 : TIME-LEFT:~10
Julien at 2017-08-18 02:21:54 : TO_START_ORDER~PRESS-BUTTON
Julien at 2017-08-18 02:21:56 : TIME-LEFT:~9
Julien at 2017-08-18 02:21:56 : ORDER_STARTED
Julien at 2017-08-18 02:23:19 : Julien:~Authenticated_!
Julien at 2017-08-18 02:23:20 : TO_START_ORDER~PRESS-BUTTON
Julien at 2017-08-18 02:23:22 : TIME-LEFT:~10
Julien at 2017-08-18 02:23:23 : TO_START_ORDER~PRESS-BUTTON
Julien at 2017-08-18 02:23:24 : TIME-LEFT:~9
Julien at 2017-08-18 02:23:25 : TO_START_ORDER~PRESS-BUTTON
Julien at 2017-08-18 02:23:26 : TIME-LEFT:~8
Julien at 2017-08-18 02:23:27 : TO_START_ORDER~PRESS-BUTTON
Julien at 2017-08-18 02:23:28 : ORDER_STARTED
Julien at 2017-08-18 02:23:40 : ORDER_FINISHED
Julien at 2017-08-18 02:25:05 : Julien:~Authenticated_!
Julien at 2017-08-18 02:25:06 : TO_START_ORDER~PRESS-BUTTON
Julien at 2017-08-18 02:25:07 : TIME-LEFT:~10
Julien at 2017-08-18 02:25:08 : TO_START_ORDER~PRESS-BUTTON
Julien at 2017-08-18 02:25:09 : ORDER_STARTED
Julien at 2017-08-18 02:25:19 : ORDER_FINISHED
Julien_Daniello at 2017-08-18 02:27:46 : Julien_Daniello:~Authenticated_!
Julien_Daniello at 2017-08-18 02:27:47 : TO_START_ORDER~PRESS-BUTTON
Julien_Daniello at 2017-08-18 02:27:49 : TIME-LEFT:~10
Julien_Daniello at 2017-08-18 02:27:50 : TO_START_ORDER~PRESS-BUTTON
Julien_Daniello at 2017-08-18 02:27:51 : TIME-LEFT:~9
Julien_Daniello at 2017-08-18 02:27:52 : TO_START_ORDER~PRESS-BUTTON
Julien_Daniello at 2017-08-18 02:27:53 : ORDER_STARTED
Julien_Daniello at 2017-08-18 02:27:56 : ORDER_FINISHED
Julien_Daniello at 2017-08-18 02:29:37 : Julien_Daniello:~Authenticated_!
Julien_Daniello at 2017-08-18 02:29:38 : TO_START_ORDER~PRESS-BUTTON
Julien_Daniello at 2017-08-18 02:29:40 : TIME-LEFT:~10
Julien_Daniello at 2017-08-18 02:29:41 : TO_START_ORDER~PRESS-BUTTON
Julien_Daniello at 2017-08-18 02:29:42 : ORDER_STARTED
Julien_Daniello at 2017-08-18 02:30:06 : Julien_Daniello:~Authenticated_!
Julien_Daniello at 2017-08-18 02:30:07 : TO_START_ORDER~PRESS-BUTTON
Julien_Daniello at 2017-08-18 02:30:09 : TIME-LEFT:~10
Julien_Daniello at 2017-08-18 02:30:09 : ORDER_STARTED
dummy_dummy at 2017-08-18 02:31:57 : dummy_dummy:~Authenticated_!
dummy_dummy at 2017-08-18 02:31:58 : TO_START_ORDER~PRESS-BUTTON
dummy_dummy at 2017-08-18 02:32:00 : TIME-LEFT:~10
dummy_dummy at 2017-08-18 02:32:01 : TO_START_ORDER~PRESS-BUTTON
dummy_dummy at 2017-08-18 02:32:02 : TIME-LEFT:~9
dummy_dummy at 2017-08-18 02:32:02 : ORDER_STARTED
dummy_dummy at 2017-08-18 02:32:14 : dummy_dummy:~Authenticated_!
dummy_dummy at 2017-08-18 02:32:15 : TO_START_ORDER~PRESS-BUTTON
dummy_dummy at 2017-08-18 02:32:16 : TIME-LEFT:~10
dummy_dummy at 2017-08-18 02:32:18 : TO_START_ORDER~PRESS-BUTTON
dummy_dummy at 2017-08-18 02:32:19 : ORDER_STARTED
Julien_Daniello at 2017-08-18 02:32:45 : Julien_Daniello:~Authenticated_!
Julien_Daniello at 2017-08-18 02:32:46 : TO_START_ORDER~PRESS-BUTTON
Julien_Daniello at 2017-08-18 02:32:47 : TIME-LEFT:~10
Julien_Daniello at 2017-08-18 02:32:48 : TO_START_ORDER~PRESS-BUTTON
Julien_Daniello at 2017-08-18 02:32:48 : ORDER_STARTED
Julien_Daniello at 2017-08-18 02:33:11 : Julien_Daniello:~Authenticated_!
Julien_Daniello at 2017-08-18 02:33:12 : TO_START_ORDER~PRESS-BUTTON
Julien_Daniello at 2017-08-18 02:33:13 : TIME-LEFT:~10
Julien_Daniello at 2017-08-18 02:33:14 : ORDER_STARTED
Julien_Daniello at 2017-08-18 02:33:23 : ORDER_FINISHED
Julien_Daniello at 2017-08-18 02:35:31 : Julien_Daniello:~Authenticated_!
Julien_Daniello at 2017-08-18 02:35:32 : TO_START_ORDER~PRESS-BUTTON
Julien_Daniello at 2017-08-18 02:35:34 : TIME-LEFT:~10
Julien_Daniello at 2017-08-18 02:35:34 : ORDER_STARTED
Julien_Daniello at 2017-08-18 02:35:39 : ORDER_FINISHED
dummy_dummy at 2017-08-18 02:36:17 : dummy_dummy:~Authenticated_!
dummy_dummy at 2017-08-18 02:36:18 : TO_START_ORDER~PRESS-BUTTON
dummy_dummy at 2017-08-18 02:36:19 : TIME-LEFT:~10
dummy_dummy at 2017-08-18 02:36:20 : ORDER_STARTED
dummy_dummy at 2017-08-18 02:36:31 : ORDER_FINISHED
dummy_dummy at 2017-08-18 02:43:15 : dummy_dummy:~Authenticated_!
dummy_dummy at 2017-08-18 02:43:16 : TO_START_ORDER~PRESS-BUTTON
dummy_dummy at 2017-08-18 02:43:18 : TIME-LEFT:~10
dummy_dummy at 2017-08-18 02:43:18 : ORDER_STARTED
dummy_dummy at 2017-08-18 02:43:24 : ORDER_FINISHED
dummy_dummy at 2017-08-18 02:47:11 : dummy_dummy:~Authenticated_!
dummy_dummy at 2017-08-18 02:47:12 : TO_START_ORDER~PRESS-BUTTON
dummy_dummy at 2017-08-18 02:47:13 : TIME-LEFT:~10
dummy_dummy at 2017-08-18 02:47:14 : ORDER_STARTED
dummy_dummy at 2017-08-18 02:47:21 : ORDER_FINISHED
dummy_dummy at 2017-08-18 02:51:15 : dummy_dummy:~Authenticated_!
dummy_dummy at 2017-08-18 02:51:16 : TO_START_ORDER~PRESS-BUTTON
dummy_dummy at 2017-08-18 02:51:17 : TIME-LEFT:~10
dummy_dummy at 2017-08-18 02:51:18 : TO_START_ORDER~PRESS-BUTTON
Julien_Daniello at 2017-08-18 02:51:38 : Julien_Daniello:~Authenticated_!
Julien_Daniello at 2017-08-18 02:51:39 : TO_START_ORDER~PRESS-BUTTON
Julien_Daniello at 2017-08-18 02:51:40 : TIME-LEFT:~10
Julien_Daniello at 2017-08-18 02:51:41 : ORDER_STARTED
Julien_Daniello at 2017-08-18 02:51:51 : caraX1~Amount_items:1
Julien_Daniello at 2017-08-18 02:51:53 : caraX2~Amount_items:2
Julien_Daniello at 2017-08-18 02:52:09 : ORDER_FINISHED
Julien_Daniello at 2017-08-18 02:52:17 : Julien_Daniello:~Authenticated_!
Julien_Daniello at 2017-08-18 02:52:19 : TO_START_ORDER~PRESS-BUTTON
Julien_Daniello at 2017-08-18 02:52:20 : TIME-LEFT:~10
Julien_Daniello at 2017-08-18 02:52:21 : TO_START_ORDER~PRESS-BUTTON
Julien_Daniello at 2017-08-18 02:52:22 : TIME-LEFT:~9
Julien_Daniello at 2017-08-18 02:52:23 : TO_START_ORDER~PRESS-BUTTON
Julien_Daniello at 2017-08-18 02:52:24 : TIME-LEFT:~8
Julien_Daniello at 2017-08-18 02:52:25 : TO_START_ORDER~PRESS-BUTTON
Julien_Daniello at 2017-08-18 02:52:27 : TIME-LEFT:~7
NO AUTHENTICATION YET at 2017-08-18 03:09:03 : WRONG_CARD_!
dummy_dummy at 2017-08-18 03:09:12 : dummy_dummy:~Authenticated_!
dummy_dummy at 2017-08-18 03:09:13 : TO_START_ORDER~PRESS-BUTTON
dummy_dummy at 2017-08-18 03:09:14 : TIME-LEFT:~10
dummy_dummy at 2017-08-18 03:09:15 : TO_START_ORDER~PRESS-BUTTON
dummy_dummy at 2017-08-18 03:09:16 : TIME-LEFT:~9
dummy_dummy at 2017-08-18 03:09:17 : TO_START_ORDER~PRESS-BUTTON
dummy_dummy at 2017-08-18 03:09:18 : TIME-LEFT:~8
dummy_dummy at 2017-08-18 03:09:19 : TO_START_ORDER~PRESS-BUTTON
dummy_dummy at 2017-08-18 03:09:21 : TIME-LEFT:~7
dummy_dummy at 2017-08-18 03:09:22 : TO_START_ORDER~PRESS-BUTTON
dummy_dummy at 2017-08-18 03:09:23 : TIME-LEFT:~6
dummy_dummy at 2017-08-18 03:09:24 : TO_START_ORDER~PRESS-BUTTON
dummy_dummy at 2017-08-18 03:09:25 : TIME-LEFT:~5
Julien_Daniello at 2017-08-18 03:09:31 : Julien_Daniello:~Authenticated_!
Julien_Daniello at 2017-08-18 03:09:32 : TO_START_ORDER~PRESS-BUTTON
Julien_Daniello at 2017-08-18 03:09:34 : TIME-LEFT:~10
Julien_Daniello at 2017-08-18 03:09:35 : TO_START_ORDER~PRESS-BUTTON
Julien_Daniello at 2017-08-18 03:09:36 : TIME-LEFT:~9
Julien_Daniello at 2017-08-18 03:09:37 : TO_START_ORDER~PRESS-BUTTON
Damien_Meur at 2017-08-18 03:10:22 : Damien_Meur:~Authenticated_!
Damien_Meur at 2017-08-18 03:10:24 : TO_START_ORDER~PRESS-BUTTON
Damien_Meur at 2017-08-18 03:10:25 : TIME-LEFT:~10
Damien_Meur at 2017-08-18 03:10:26 : TO_START_ORDER~PRESS-BUTTON
Damien_Meur at 2017-08-18 03:10:27 : TIME-LEFT:~9
Damien_Meur at 2017-08-18 03:10:27 : ORDER_STARTED
Damien_Meur at 2017-08-18 03:10:37 : caraX1~Amount_items:1
Damien_Meur at 2017-08-18 03:10:39 : caraX2~Amount_items:2
Damien_Meur at 2017-08-18 03:10:41 : caraX3~Amount_items:3
Damien_Meur at 2017-08-18 03:10:52 : ORDER_FINISHED
Damien_Meur at 2017-08-18 03:11:06 : Damien_Meur:~Authenticated_!
Damien_Meur at 2017-08-18 03:11:07 : TO_START_ORDER~PRESS-BUTTON
dummy_dummy at 2017-08-18 04:41:25 : dummy_dummy:~Authenticated_!
dummy_dummy at 2017-08-18 04:41:26 : TO_START_ORDER~PRESS-BUTTON
dummy_dummy at 2017-08-18 04:41:27 : TIME-LEFT:~10
dummy_dummy at 2017-08-18 04:41:27 : ORDER_STARTED
dummy_dummy at 2017-08-18 04:41:47 : ORDER_FINISHED
dummy_dummy at 2017-08-18 07:19:31 : dummy_dummy:~Authenticated_!
dummy_dummy at 2017-08-18 07:19:32 : TO_START_ORDER~PRESS-BUTTON
dummy_dummy at 2017-08-18 07:19:33 : TIME-LEFT:~10
dummy_dummy at 2017-08-18 07:19:34 : ORDER_STARTED
dummy_dummy at 2017-08-18 07:19:40 : ORDER_FINISHED
dummy_dummy at 2017-08-18 07:31:01 : dummy_dummy:~Authenticated_!
dummy_dummy at 2017-08-18 07:31:02 : TO_START_ORDER~PRESS-BUTTON
dummy_dummy at 2017-08-18 07:31:03 : TIME-LEFT:~10
dummy_dummy at 2017-08-18 07:31:04 : ORDER_STARTED
dummy_dummy at 2017-08-18 07:31:07 : ORDER_FINISHED
Julien_Daniello at 2017-08-18 10:22:33 : Julien_Daniello:~Authenticated_!
Julien_Daniello at 2017-08-18 10:22:34 : TO_START_ORDER~PRESS-BUTTON
Julien_Daniello at 2017-08-18 10:22:35 : TIME-LEFT:~10
Julien_Daniello at 2017-08-18 10:22:36 : ORDER_STARTED
Julien_Daniello at 2017-08-18 10:22:39 : ORDER_FINISHED
dummy_dummy at 2017-08-18 12:49:51 : dummy_dummy:~Authenticated_!
dummy_dummy at 2017-08-18 12:49:52 : TO_START_ORDER~PRESS-BUTTON
dummy_dummy at 2017-08-18 12:49:53 : TIME-LEFT:~10
dummy_dummy at 2017-08-18 12:49:54 : TO_START_ORDER~PRESS-BUTTON
dummy_dummy at 2017-08-18 12:49:55 : TIME-LEFT:~9
dummy_dummy at 2017-08-18 12:49:56 : ORDER_STARTED
dummy_dummy at 2017-08-18 12:50:23 : ORDER_FINISHED
dummy_dummy at 2017-08-18 14:24:31 : dummy_dummy:~Authenticated_!
dummy_dummy at 2017-08-18 14:24:32 : TO_START_ORDER~PRESS-BUTTON
dummy_dummy at 2017-08-18 14:24:34 : TIME-LEFT:~10
dummy_dummy at 2017-08-18 14:24:35 : ORDER_STARTED
dummy_dummy at 2017-08-18 14:24:40 : ORDER_FINISHED
dummy_dummy at 2017-08-18 14:25:08 : dummy_dummy:~Authenticated_!
dummy_dummy at 2017-08-18 14:25:09 : TO_START_ORDER~PRESS-BUTTON
dummy_dummy at 2017-08-18 14:25:10 : TIME-LEFT:~10
dummy_dummy at 2017-08-18 14:25:10 : ORDER_STARTED
dummy_dummy at 2017-08-18 14:25:13 : ORDER_FINISHED
Damien_Meur at 2017-08-18 14:27:58 : Damien_Meur:~Authenticated_!
Damien_Meur at 2017-08-18 14:27:59 : TO_START_ORDER~PRESS-BUTTON
Damien_Meur at 2017-08-18 14:28:00 : TIME-LEFT:~10
Damien_Meur at 2017-08-18 14:28:01 : TO_START_ORDER~PRESS-BUTTON
Damien_Meur at 2017-08-18 14:28:02 : ORDER_STARTED
Damien_Meur at 2017-08-18 14:28:15 : ORDER_FINISHED
Julien_Daniello at 2017-08-18 17:06:40 : Julien_Daniello:~Authenticated_!
Julien_Daniello at 2017-08-18 17:06:41 : TO_START_ORDER~PRESS-BUTTON
dummy_dummy at 2017-08-18 17:12:00 : dummy_dummy:~Authenticated_!
dummy_dummy at 2017-08-18 17:12:02 : TO_START_ORDER~PRESS-BUTTON
dummy_dummy at 2017-08-18 17:12:03 : TIME-LEFT:~10
dummy_dummy at 2017-08-18 17:12:04 : TO_START_ORDER~PRESS-BUTTON
dummy_dummy at 2017-08-18 17:12:05 : TIME-LEFT:~9
dummy_dummy at 2017-08-18 17:12:06 : TO_START_ORDER~PRESS-BUTTON
dummy_dummy at 2017-08-18 17:12:07 : TIME-LEFT:~8
dummy_dummy at 2017-08-18 17:12:08 : TO_START_ORDER~PRESS-BUTTON
dummy_dummy at 2017-08-18 17:12:10 : TIME-LEFT:~7
dummy_dummy at 2017-08-18 17:12:11 : TO_START_ORDER~PRESS-BUTTON
dummy_dummy at 2017-08-18 17:12:12 : TIME-LEFT:~6
dummy_dummy at 2017-08-18 17:12:13 : TO_START_ORDER~PRESS-BUTTON
dummy_dummy at 2017-08-18 17:12:14 : TIME-LEFT:~5
dummy_dummy at 2017-08-18 17:12:15 : TO_START_ORDER~PRESS-BUTTON
dummy_dummy at 2017-08-18 17:12:16 : TIME-LEFT:~4
dummy_dummy at 2017-08-18 17:12:17 : TO_START_ORDER~PRESS-BUTTON
dummy_dummy at 2017-08-18 17:12:19 : TIME-LEFT:~3
dummy_dummy at 2017-08-18 17:12:20 : TO_START_ORDER~PRESS-BUTTON
dummy_dummy at 2017-08-18 17:12:21 : TIME-LEFT:~2
dummy_dummy at 2017-08-18 17:12:22 : TO_START_ORDER~PRESS-BUTTON
dummy_dummy at 2017-08-18 17:12:23 : TIME-LEFT:~1
Damien_Meur at 2017-08-18 17:12:28 : Damien_Meur:~Authenticated_!
Damien_Meur at 2017-08-18 17:12:32 : Damien_Meur:~Authenticated_!
Damien_Meur at 2017-08-18 17:12:34 : Damien_Meur:~Authenticated_!
Damien_Meur at 2017-08-18 17:12:35 : TO_START_ORDER~PRESS-BUTTON
Damien_Meur at 2017-08-18 17:12:36 : TIME-LEFT:~10
Damien_Meur at 2017-08-18 17:12:37 : TO_START_ORDER~PRESS-BUTTON
Damien_Meur at 2017-08-18 17:12:38 : TIME-LEFT:~9
Damien_Meur at 2017-08-18 17:12:39 : TO_START_ORDER~PRESS-BUTTON
Damien_Meur at 2017-08-18 17:12:40 : TIME-LEFT:~8
Damien_Meur at 2017-08-18 17:14:04 : Damien_Meur:~Authenticated_!
Damien_Meur at 2017-08-18 17:14:05 : TO_START_ORDER~PRESS-BUTTON
Damien_Meur at 2017-08-18 17:14:10 : Damien_Meur:~Authenticated_!
Damien_Meur at 2017-08-18 17:14:11 : TO_START_ORDER~PRESS-BUTTON
Damien_Meur at 2017-08-18 17:14:17 : Damien_Meur:~Authenticated_!
Damien_Meur at 2017-08-18 17:14:18 : TO_START_ORDER~PRESS-BUTTON
Damien_Meur at 2017-08-18 17:14:19 : TIME-LEFT:~10
Damien_Meur at 2017-08-18 17:14:20 : TO_START_ORDER~PRESS-BUTTON
Damien_Meur at 2017-08-18 17:14:21 : ORDER_STARTED
Damien_Meur at 2017-08-18 17:16:24 : Damien_Meur:~Authenticated_!
Damien_Meur at 2017-08-18 17:16:25 : TO_START_ORDER~PRESS-BUTTON
Damien_Meur at 2017-08-18 17:16:26 : TIME-LEFT:~10
Damien_Meur at 2017-08-18 17:16:27 : ORDER_STARTED
Damien_Meur at 2017-08-18 17:16:31 : ORDER_FINISHED
Damien_Meur at 2017-08-18 17:16:36 : Damien_Meur:~Authenticated_!
Damien_Meur at 2017-08-18 17:16:37 : TO_START_ORDER~PRESS-BUTTON
Damien_Meur at 2017-08-18 17:16:42 : Damien_Meur:~Authenticated_!
Damien_Meur at 2017-08-18 17:16:44 : Damien_Meur:~Authenticated_!
Damien_Meur at 2017-08-18 17:16:45 : TO_START_ORDER~PRESS-BUTTON
Damien_Meur at 2017-08-18 17:16:46 : TIME-LEFT:~10
Damien_Meur at 2017-08-18 17:16:47 : ORDER_STARTED
dummy_dummy at 2017-08-18 17:24:40 : dummy_dummy:~Authenticated_!
dummy_dummy at 2017-08-18 17:24:41 : TO_START_ORDER~PRESS-BUTTON
dummy_dummy at 2017-08-18 17:24:42 : TIME-LEFT:~10
dummy_dummy at 2017-08-18 17:24:43 : TO_START_ORDER~PRESS-BUTTON
dummy_dummy at 2017-08-18 17:24:44 : TIME-LEFT:~9
dummy_dummy at 2017-08-18 17:24:46 : TO_START_ORDER~PRESS-BUTTON
dummy_dummy at 2017-08-18 17:25:33 : dummy_dummy:~Authenticated_!
Julien_Daniello at 2017-08-18 17:25:41 : Julien_Daniello:~Authenticated_!
Julien_Daniello at 2017-08-18 17:25:42 : TO_START_ORDER~PRESS-BUTTON
Julien_Daniello at 2017-08-18 17:25:43 : TIME-LEFT:~10
Julien_Daniello at 2017-08-18 17:25:44 : TO_START_ORDER~PRESS-BUTTON
Julien_Daniello at 2017-08-18 17:25:46 : TIME-LEFT:~9
Julien_Daniello at 2017-08-18 17:25:47 : TO_START_ORDER~PRESS-BUTTON
Julien_Daniello at 2017-08-18 17:25:48 : TIME-LEFT:~8
Julien_Daniello at 2017-08-18 17:25:49 : TO_START_ORDER~PRESS-BUTTON
Julien_Daniello at 2017-08-18 17:25:50 : TIME-LEFT:~7
Julien_Daniello at 2017-08-18 17:25:51 : TO_START_ORDER~PRESS-BUTTON
Julien_Daniello at 2017-08-18 17:25:52 : TIME-LEFT:~6
Julien_Daniello at 2017-08-18 17:25:53 : ORDER_STARTED
Julien_Daniello at 2017-08-18 17:25:59 : Julien_Daniello:~Authenticated_!
Julien_Daniello at 2017-08-18 17:26:01 : Julien_Daniello:~Authenticated_!
Julien_Daniello at 2017-08-18 17:26:02 : TO_START_ORDER~PRESS-BUTTON
Julien_Daniello at 2017-08-18 17:26:03 : TIME-LEFT:~10
Julien_Daniello at 2017-08-18 17:26:04 : TO_START_ORDER~PRESS-BUTTON
Julien_Daniello at 2017-08-18 17:26:06 : TIME-LEFT:~9
Julien_Daniello at 2017-08-18 17:26:07 : TO_START_ORDER~PRESS-BUTTON
Julien_Daniello at 2017-08-18 17:26:08 : TIME-LEFT:~8
Julien_Daniello at 2017-08-18 17:26:09 : TO_START_ORDER~PRESS-BUTTON
Julien_Daniello at 2017-08-18 17:26:10 : TIME-LEFT:~7
Julien_Daniello at 2017-08-18 17:26:11 : TO_START_ORDER~PRESS-BUTTON
Julien_Daniello at 2017-08-18 17:26:12 : TIME-LEFT:~6
Julien_Daniello at 2017-08-18 17:26:20 : Julien_Daniello:~Authenticated_!
Julien_Daniello at 2017-08-18 17:26:22 : TO_START_ORDER~PRESS-BUTTON
Julien_Daniello at 2017-08-18 17:26:23 : TIME-LEFT:~10
Julien_Daniello at 2017-08-18 17:26:24 : TO_START_ORDER~PRESS-BUTTON
Julien_Daniello at 2017-08-18 17:26:25 : TIME-LEFT:~9
Julien_Daniello at 2017-08-18 17:26:26 : TO_START_ORDER~PRESS-BUTTON
Julien_Daniello at 2017-08-18 17:26:27 : TIME-LEFT:~8
Julien_Daniello at 2017-08-18 17:26:28 : TO_START_ORDER~PRESS-BUTTON
Julien_Daniello at 2017-08-18 17:26:30 : TIME-LEFT:~7
Julien_Daniello at 2017-08-18 17:26:31 : TO_START_ORDER~PRESS-BUTTON
Julien_Daniello at 2017-08-18 17:26:32 : TIME-LEFT:~6
Julien_Daniello at 2017-08-18 17:26:33 : TO_START_ORDER~PRESS-BUTTON
Julien_Daniello at 2017-08-18 17:26:34 : TIME-LEFT:~5
Julien_Daniello at 2017-08-18 17:47:02 : Julien_Daniello:~Authenticated_!
dummy_dummy at 2017-08-18 17:47:08 : dummy_dummy:~Authenticated_!
dummy_dummy at 2017-08-18 17:47:09 : TO_START_ORDER~PRESS-BUTTON
dummy_dummy at 2017-08-18 17:47:10 : TIME-LEFT:~10
dummy_dummy at 2017-08-18 17:47:11 : ORDER_STARTED
dummy_dummy at 2017-08-18 17:55:18 : dummy_dummy:~Authenticated_!
dummy_dummy at 2017-08-18 17:55:19 : TO_START_ORDER~PRESS-BUTTON
dummy_dummy at 2017-08-18 17:55:20 : TIME-LEFT:~10
dummy_dummy at 2017-08-18 17:55:21 : ORDER_STARTED
Damien_Meur at 2017-08-18 17:57:27 : Damien_Meur:~Authenticated_!
Damien_Meur at 2017-08-18 17:57:29 : TO_START_ORDER~PRESS-BUTTON
Damien_Meur at 2017-08-18 17:57:30 : TIME-LEFT:~10
Damien_Meur at 2017-08-18 17:57:31 : TO_START_ORDER~PRESS-BUTTON
Damien_Meur at 2017-08-18 17:57:32 : TIME-LEFT:~9
Damien_Meur at 2017-08-18 17:57:33 : TO_START_ORDER~PRESS-BUTTON
Damien_Meur at 2017-08-18 17:57:34 : TIME-LEFT:~8
Damien_Meur at 2017-08-18 17:57:35 : TO_START_ORDER~PRESS-BUTTON
Damien_Meur at 2017-08-18 17:57:37 : TIME-LEFT:~7
Damien_Meur at 2017-08-18 17:57:38 : TO_START_ORDER~PRESS-BUTTON
Damien_Meur at 2017-08-18 17:57:39 : TIME-LEFT:~6
Damien_Meur at 2017-08-18 17:57:40 : TO_START_ORDER~PRESS-BUTTON
Damien_Meur at 2017-08-18 17:57:41 : TIME-LEFT:~5
Damien_Meur at 2017-08-18 17:57:42 : TO_START_ORDER~PRESS-BUTTON
Damien_Meur at 2017-08-18 17:57:43 : TIME-LEFT:~4
Damien_Meur at 2017-08-18 17:57:44 : TO_START_ORDER~PRESS-BUTTON
Damien_Meur at 2017-08-18 17:57:46 : TIME-LEFT:~3
Damien_Meur at 2017-08-18 17:57:47 : TO_START_ORDER~PRESS-BUTTON
Damien_Meur at 2017-08-18 17:57:48 : TIME-LEFT:~2
Damien_Meur at 2017-08-18 17:57:49 : TO_START_ORDER~PRESS-BUTTON
Damien_Meur at 2017-08-18 17:57:50 : TIME-LEFT:~1
Damien_Meur at 2017-08-18 17:57:55 : Damien_Meur:~Authenticated_!
Damien_Meur at 2017-08-18 17:57:56 : TO_START_ORDER~PRESS-BUTTON
Damien_Meur at 2017-08-18 17:57:58 : TIME-LEFT:~10
Damien_Meur at 2017-08-18 17:57:59 : TO_START_ORDER~PRESS-BUTTON
Damien_Meur at 2017-08-18 19:16:10 : Damien_Meur:~Authenticated_!
Damien_Meur at 2017-08-18 19:16:11 : TO_START_ORDER~PRESS-BUTTON
Damien_Meur at 2017-08-18 19:16:12 : TIME-LEFT:~10
Damien_Meur at 2017-08-18 19:16:13 : TO_START_ORDER~PRESS-BUTTON
Damien_Meur at 2017-08-18 19:16:15 : TIME-LEFT:~9
Damien_Meur at 2017-08-18 19:16:16 : TO_START_ORDER~PRESS-BUTTON
Damien_Meur at 2017-08-18 19:16:17 : TIME-LEFT:~8
Damien_Meur at 2017-08-18 19:16:18 : TO_START_ORDER~PRESS-BUTTON
Damien_Meur at 2017-08-18 19:16:19 : TIME-LEFT:~7
Damien_Meur at 2017-08-18 19:16:20 : TO_START_ORDER~PRESS-BUTTON
Damien_Meur at 2017-08-18 19:16:21 : TIME-LEFT:~6
Damien_Meur at 2017-08-18 19:16:22 : TO_START_ORDER~PRESS-BUTTON
Damien_Meur at 2017-08-18 19:16:24 : TIME-LEFT:~5
Damien_Meur at 2017-08-18 19:16:25 : TO_START_ORDER~PRESS-BUTTON
Julien_Daniello at 2017-08-18 19:17:31 : Julien_Daniello:~Authenticated_!
Julien_Daniello at 2017-08-18 19:17:32 : TO_START_ORDER~PRESS-BUTTON
Julien_Daniello at 2017-08-18 19:17:33 : TIME-LEFT:~10
Julien_Daniello at 2017-08-18 19:17:35 : TO_START_ORDER~PRESS-BUTTON
Julien_Daniello at 2017-08-18 19:17:35 : ORDER_STARTED
Julien_Daniello at 2017-08-18 19:18:59 : ORDER_FINISHED
Damien_Meur at 2017-08-18 19:19:16 : Damien_Meur:~Authenticated_!
Damien_Meur at 2017-08-18 19:19:17 : TO_START_ORDER~PRESS-BUTTON
Damien_Meur at 2017-08-18 19:19:18 : TIME-LEFT:~10
Damien_Meur at 2017-08-18 19:19:19 : TO_START_ORDER~PRESS-BUTTON
Damien_Meur at 2017-08-18 19:19:21 : TIME-LEFT:~9
Damien_Meur at 2017-08-18 19:19:22 : TO_START_ORDER~PRESS-BUTTON
Damien_Meur at 2017-08-18 19:19:23 : TIME-LEFT:~8
Damien_Meur at 2017-08-18 19:19:24 : TO_START_ORDER~PRESS-BUTTON
Damien_Meur at 2017-08-18 19:19:25 : TIME-LEFT:~7
Damien_Meur at 2017-08-18 19:19:26 : TO_START_ORDER~PRESS-BUTTON
Damien_Meur at 2017-08-18 19:19:27 : TIME-LEFT:~6
Damien_Meur at 2017-08-18 19:19:28 : ORDER_STARTED
Damien_Meur at 2017-08-18 19:20:52 : ORDER_FINISHED
Damien_Meur at 2017-08-18 19:21:32 : Damien_Meur:~Authenticated_!
Damien_Meur at 2017-08-18 19:21:34 : TO_START_ORDER~PRESS-BUTTON
Damien_Meur at 2017-08-18 19:21:35 : TIME-LEFT:~5
Damien_Meur at 2017-08-18 19:21:36 : TO_START_ORDER~PRESS-BUTTON
Damien_Meur at 2017-08-18 19:21:37 : TIME-LEFT:~4
Damien_Meur at 2017-08-18 19:21:38 : TO_START_ORDER~PRESS-BUTTON
Damien_Meur at 2017-08-18 19:21:39 : TIME-LEFT:~3
Damien_Meur at 2017-08-18 19:21:40 : TO_START_ORDER~PRESS-BUTTON
Damien_Meur at 2017-08-18 19:21:42 : TIME-LEFT:~2
Damien_Meur at 2017-08-18 19:21:43 : TO_START_ORDER~PRESS-BUTTON
Damien_Meur at 2017-08-18 19:21:44 : TIME-LEFT:~1
Julien_Daniello at 2017-08-18 19:22:39 : Julien_Daniello:~Authenticated_!
Julien_Daniello at 2017-08-18 19:22:40 : TO_START_ORDER~PRESS-BUTTON
Julien_Daniello at 2017-08-18 19:22:41 : TIME-LEFT:~5
Julien_Daniello at 2017-08-18 19:22:42 : TO_START_ORDER~PRESS-BUTTON
Julien_Daniello at 2017-08-18 19:22:43 : ORDER_STARTED
Julien_Daniello at 2017-08-18 19:22:49 : Julien_Daniello:~Authenticated_!
Julien_Daniello at 2017-08-18 19:22:50 : TO_START_ORDER~PRESS-BUTTON
Julien_Daniello at 2017-08-18 19:22:51 : TIME-LEFT:~5
Julien_Daniello at 2017-08-18 19:22:52 : ORDER_STARTED
Damien_Meur at 2017-08-18 19:29:19 : Damien_Meur:~Authenticated_!
Damien_Meur at 2017-08-18 19:29:21 : TO_START_ORDER~PRESS-BUTTON
Damien_Meur at 2017-08-18 19:29:22 : TIME-LEFT:~5
Damien_Meur at 2017-08-18 19:29:23 : TO_START_ORDER~PRESS-BUTTON
Damien_Meur at 2017-08-18 19:29:30 : Damien_Meur:~Authenticated_!
Damien_Meur at 2017-08-18 19:29:31 : TO_START_ORDER~PRESS-BUTTON
Damien_Meur at 2017-08-18 19:29:32 : TIME-LEFT:~5
Damien_Meur at 2017-08-18 19:29:33 : TO_START_ORDER~PRESS-BUTTON
Damien_Meur at 2017-08-18 19:29:35 : TIME-LEFT:~4
Damien_Meur at 2017-08-18 19:29:36 : TO_START_ORDER~PRESS-BUTTON
Damien_Meur at 2017-08-18 19:29:49 : Damien_Meur:~Authenticated_!
Damien_Meur at 2017-08-18 19:29:50 : TO_START_ORDER~PRESS-BUTTON
Damien_Meur at 2017-08-18 19:29:52 : TIME-LEFT:~5
Damien_Meur at 2017-08-18 19:29:53 : TO_START_ORDER~PRESS-BUTTON
Damien_Meur at 2017-08-18 19:29:54 : TIME-LEFT:~4
Damien_Meur at 2017-08-18 19:29:55 : TO_START_ORDER~PRESS-BUTTON
Damien_Meur at 2017-08-18 19:29:56 : TIME-LEFT:~3
Damien_Meur at 2017-08-18 19:29:57 : TO_START_ORDER~PRESS-BUTTON
Damien_Meur at 2017-08-18 19:29:58 : TIME-LEFT:~2
Damien_Meur at 2017-08-18 19:29:59 : TO_START_ORDER~PRESS-BUTTON
Damien_Meur at 2017-08-18 19:30:01 : TIME-LEFT:~1
Damien_Meur at 2017-08-18 20:46:40 : Damien_Meur:~Authenticated_!
Damien_Meur at 2017-08-18 20:46:41 : TO_START_ORDER~PRESS-BUTTON
Damien_Meur at 2017-08-18 20:46:42 : TIME-LEFT:~5
Damien_Meur at 2017-08-18 20:46:43 : TO_START_ORDER~PRESS-BUTTON
Damien_Meur at 2017-08-18 20:46:44 : TIME-LEFT:~4
Damien_Meur at 2017-08-18 20:46:45 : TO_START_ORDER~PRESS-BUTTON
Damien_Meur at 2017-08-18 20:46:47 : TIME-LEFT:~3
Damien_Meur at 2017-08-18 20:46:48 : TO_START_ORDER~PRESS-BUTTON
Damien_Meur at 2017-08-18 20:46:49 : TIME-LEFT:~2
Damien_Meur at 2017-08-18 20:46:50 : TO_START_ORDER~PRESS-BUTTON
Damien_Meur at 2017-08-18 20:46:51 : TIME-LEFT:~1
Damien_Meur at 2017-08-18 20:46:53 : ORDER_FINISHED
Julien_Daniello at 2017-08-18 20:54:26 : Julien_Daniello:~Authenticated_!
Julien_Daniello at 2017-08-18 20:54:27 : TO_START_ORDER~PRESS-BUTTON
Julien_Daniello at 2017-08-18 20:54:28 : TIME-LEFT:~5
Julien_Daniello at 2017-08-18 20:54:29 : TO_START_ORDER~PRESS-BUTTON
Julien_Daniello at 2017-08-18 20:54:29 : ORDER_STARTED
Julien_Daniello at 2017-08-18 20:54:36 : ORDER_FINISHED
Julien_Daniello at 2017-08-18 20:55:29 : Julien_Daniello:~Authenticated_!
Julien_Daniello at 2017-08-18 20:55:30 : TO_START_ORDER~PRESS-BUTTON
Julien_Daniello at 2017-08-18 20:55:31 : TIME-LEFT:~5
Julien_Daniello at 2017-08-18 20:55:32 : ORDER_STARTED
Damien_Meur at 2017-08-18 21:03:56 : Damien_Meur:~Authenticated_!
Damien_Meur at 2017-08-18 21:03:57 : TO_START_ORDER~PRESS-BUTTON
Damien_Meur at 2017-08-18 21:03:58 : TIME-LEFT:~5
Damien_Meur at 2017-08-18 21:03:59 : TO_START_ORDER~PRESS-BUTTON
Damien_Meur at 2017-08-18 21:04:00 : TIME-LEFT:~4
Damien_Meur at 2017-08-18 21:04:01 : TO_START_ORDER~PRESS-BUTTON
Damien_Meur at 2017-08-18 21:04:03 : TIME-LEFT:~3
Damien_Meur at 2017-08-18 21:04:04 : TO_START_ORDER~PRESS-BUTTON
Damien_Meur at 2017-08-18 21:04:05 : TIME-LEFT:~2
Damien_Meur at 2017-08-18 21:04:06 : TO_START_ORDER~PRESS-BUTTON
Damien_Meur at 2017-08-18 21:04:07 : TIME-LEFT:~1
Damien_Meur at 2017-08-18 21:04:10 : ORDER_FINISHED
dummy_dummy at 2017-08-18 21:08:02 : dummy_dummy:~Authenticated_!
dummy_dummy at 2017-08-18 21:08:03 : TO_START_ORDER~PRESS-BUTTON
dummy_dummy at 2017-08-18 21:08:05 : TIME-LEFT:~5
dummy_dummy at 2017-08-18 21:08:05 : ORDER_STARTED
dummy_dummy at 2017-08-18 21:08:16 : ORDER_FINISHED
Damien_Meur at 2017-08-18 22:16:04 : Damien_Meur:~Authenticated_!
Damien_Meur at 2017-08-18 22:16:06 : TO_START_ORDER~PRESS-BUTTON
Damien_Meur at 2017-08-18 22:16:07 : TIME-LEFT:~5
Damien_Meur at 2017-08-18 22:16:08 : TO_START_ORDER~PRESS-BUTTON
Damien_Meur at 2017-08-18 22:16:09 : TIME-LEFT:~4
Damien_Meur at 2017-08-18 22:16:10 : TO_START_ORDER~PRESS-BUTTON
Damien_Meur at 2017-08-18 22:16:11 : TIME-LEFT:~3
Damien_Meur at 2017-08-18 22:16:12 : TO_START_ORDER~PRESS-BUTTON
Julien_Daniello at 2017-08-18 22:34:08 : Julien_Daniello:~Authenticated\ !
Julien_Daniello at 2017-08-18 22:34:09 : TO_START_ORDER~PRESS-BUTTON
Julien_Daniello at 2017-08-18 22:34:11 : TIME-LEFT:~5
Julien_Daniello at 2017-08-18 22:34:12 : TO_START_ORDER~PRESS-BUTTON
Julien_Daniello at 2017-08-18 22:34:13 : TIME-LEFT:~4
Julien_Daniello at 2017-08-18 22:34:14 : ORDER\ STARTED
Julien_Daniello at 2017-08-18 22:34:25 : ORDER\ FINISHED
Julien_Daniello at 2017-08-18 22:34:34 : Julien_Daniello:~Authenticated\ !
Julien_Daniello at 2017-08-18 22:34:35 : TO_START_ORDER~PRESS-BUTTON
Julien_Daniello at 2017-08-18 22:34:36 : TIME-LEFT:~5
Julien_Daniello at 2017-08-18 22:34:37 : TO_START_ORDER~PRESS-BUTTON
Julien_Daniello at 2017-08-18 22:34:38 : TIME-LEFT:~4
Julien_Daniello at 2017-08-18 22:34:39 : TO_START_ORDER~PRESS-BUTTON
Julien_Daniello at 2017-08-18 22:34:41 : TIME-LEFT:~3
Julien_Daniello at 2017-08-18 22:34:42 : TO_START_ORDER~PRESS-BUTTON
Julien_Daniello at 2017-08-18 22:34:43 : TIME-LEFT:~2
Julien_Daniello at 2017-08-18 22:34:44 : TO_START_ORDER~PRESS-BUTTON
Julien_Daniello at 2017-08-18 22:34:45 : TIME-LEFT:~1
Julien_Daniello at 2017-08-18 22:35:05 : Julien_Daniello:~Authenticated\ !
Julien_Daniello at 2017-08-18 22:35:06 : TO_START_ORDER~PRESS-BUTTON
Julien_Daniello at 2017-08-18 22:35:08 : TIME-LEFT:~5
Julien_Daniello at 2017-08-18 22:35:09 : TO_START_ORDER~PRESS-BUTTON
Julien_Daniello at 2017-08-18 22:35:09 : ORDER\ STARTED
Julien_Daniello at 2017-08-18 22:35:13 : ORDER\ FINISHED
Julien_Daniello at 2017-08-18 22:36:30 : Julien_Daniello:~Authenticated !
Julien_Daniello at 2017-08-18 22:36:31 : TO_START_ORDER~PRESS-BUTTON
Julien_Daniello at 2017-08-18 22:36:32 : TIME-LEFT:~5
Julien_Daniello at 2017-08-18 22:36:33 : TO_START_ORDER~PRESS-BUTTON
Julien_Daniello at 2017-08-18 22:36:34 : TIME-LEFT:~4
Julien_Daniello at 2017-08-18 22:36:35 : TO_START_ORDER~PRESS-BUTTON
Julien_Daniello at 2017-08-18 22:36:37 : TIME-LEFT:~3
Julien_Daniello at 2017-08-18 22:36:38 : TO_START_ORDER~PRESS-BUTTON
Julien_Daniello at 2017-08-18 22:36:39 : TIME-LEFT:~2
Julien_Daniello at 2017-08-18 22:41:09 : Julien_Daniello:~Authenticated !
Julien_Daniello at 2017-08-18 22:41:10 : TO START ORDER~PRESS BUTTON
Julien_Daniello at 2017-08-18 22:41:11 : TIME LEFT:~5 sec
Julien_Daniello at 2017-08-18 22:41:12 : TO START ORDER~PRESS BUTTON
Julien_Daniello at 2017-08-18 22:41:14 : TIME LEFT:~4 sec
Julien_Daniello at 2017-08-18 22:41:15 : TO START ORDER~PRESS BUTTON
Julien_Daniello at 2017-08-18 22:41:16 : TIME LEFT:~3 sec
Julien_Daniello at 2017-08-18 22:41:17 : TO START ORDER~PRESS BUTTON
Julien_Daniello at 2017-08-18 22:41:18 : TIME LEFT:~2 sec
Julien_Daniello at 2017-08-18 22:41:19 : TO START ORDER~PRESS BUTTON
Julien_Daniello at 2017-08-18 22:41:20 : ORDER STARTED
Julien_Daniello at 2017-08-18 22:42:07 : Julien_Daniello:~Authenticated !
Julien_Daniello at 2017-08-18 22:42:08 : TO START ORDER~PRESS BUTTON
Julien_Daniello at 2017-08-18 22:42:09 : TIME LEFT:~5 sec
Julien_Daniello at 2017-08-18 22:42:10 : TO START ORDER~PRESS BUTTON
Julien_Daniello at 2017-08-18 22:42:11 : ORDER STARTED
Julien_Daniello at 2017-08-18 22:42:14 : ORDER FINISHED
Julien_Daniello at 2017-08-18 22:42:21 : Julien_Daniello:~Authenticated !
Julien_Daniello at 2017-08-18 22:42:22 : TO START ORDER~PRESS BUTTON
Julien_Daniello at 2017-08-18 22:42:23 : TIME LEFT:~5 sec
Julien_Daniello at 2017-08-18 22:42:24 : ORDER STARTED
Julien_Daniello at 2017-08-18 22:42:30 : ORDER FINISHED
Julien_Daniello at 2017-08-18 22:42:37 : Julien_Daniello:~Authenticated !
Julien_Daniello at 2017-08-18 22:42:38 : TO START ORDER~PRESS BUTTON
Julien_Daniello at 2017-08-18 22:42:39 : TIME LEFT:~5 sec
Julien_Daniello at 2017-08-18 22:42:41 : TO START ORDER~PRESS BUTTON
Julien_Daniello at 2017-08-18 22:42:42 : TIME LEFT:~4 sec
Julien_Daniello at 2017-08-18 22:42:43 : TO START ORDER~PRESS BUTTON
Julien_Daniello at 2017-08-18 22:42:44 : TIME LEFT:~3 sec
Julien_Daniello at 2017-08-18 22:42:45 : TO START ORDER~PRESS BUTTON
Julien_Daniello at 2017-08-18 22:42:46 : TIME LEFT:~2 sec
Julien_Daniello at 2017-08-18 22:42:47 : TO START ORDER~PRESS BUTTON
Julien_Daniello at 2017-08-18 22:42:49 : TIME LEFT:~1 sec
Julien_Daniello at 2017-08-18 22:42:52 : ORDER FINISHED
Julien_Daniello at 2017-08-18 22:42:59 : Julien_Daniello:~Authenticated !
Julien_Daniello at 2017-08-18 22:43:00 : TO START ORDER~PRESS BUTTON
Julien_Daniello at 2017-08-18 22:43:01 : TIME LEFT:~5 sec
Julien_Daniello at 2017-08-18 22:43:02 : TO START ORDER~PRESS BUTTON
Julien_Daniello at 2017-08-18 22:43:03 : TIME LEFT:~4 sec
Julien_Daniello at 2017-08-18 22:43:04 : TO START ORDER~PRESS BUTTON
Julien_Daniello at 2017-08-18 22:43:05 : ORDER STARTED
Julien_Daniello at 2017-08-18 22:43:11 : caraX1~Amount items:1
Julien_Daniello at 2017-08-18 22:43:12 : caraX2~Amount items:2
Julien_Daniello at 2017-08-18 22:43:23 : ORDER FINISHED
Julien_Daniello at 2017-08-18 22:43:55 : Julien_Daniello:~Authenticated !
Julien_Daniello at 2017-08-18 22:43:56 : TO START ORDER~PRESS BUTTON
Julien_Daniello at 2017-08-18 22:43:57 : TIME LEFT:~5 sec
Julien_Daniello at 2017-08-18 22:43:58 : TO START ORDER~PRESS BUTTON
Julien_Daniello at 2017-08-18 22:43:59 : ORDER STARTED
Julien_Daniello at 2017-08-18 22:44:10 : ORDER FINISHED
Julien_Daniello at 2017-08-18 22:45:28 : Julien_Daniello:~Authenticated !
Julien_Daniello at 2017-08-18 22:45:29 : TO START ORDER~PRESS BUTTON
Julien_Daniello at 2017-08-18 22:45:30 : TIME LEFT:~5 sec
Julien_Daniello at 2017-08-18 22:45:31 : ORDER NOT READY
Julien_Daniello at 2017-08-18 22:45:40 : ORDER READY
Julien_Daniello at 2017-08-18 22:45:45 : ORDER FINISHED
Julien_Daniello at 2017-08-18 22:47:29 : Julien_Daniello:~Authenticated !
Julien_Daniello at 2017-08-18 22:47:30 : TO START ORDER~PRESS BUTTON
Julien_Daniello at 2017-08-18 22:47:31 : TIME LEFT:~5 sec
Julien_Daniello at 2017-08-18 22:47:32 : TO START ORDER~PRESS BUTTON
Julien_Daniello at 2017-08-18 22:47:33 : ORDER NOT READY
Julien_Daniello at 2017-08-18 22:47:33 : ORDER READY
Julien_Daniello at 2017-08-18 22:48:16 : Julien_Daniello:~Authenticated !
Julien_Daniello at 2017-08-18 22:48:17 : TO START ORDER~PRESS BUTTON
Julien_Daniello at 2017-08-18 22:48:19 : TIME LEFT:~5 sec
Julien_Daniello at 2017-08-18 22:48:19 : ORDER STARTED
Julien_Daniello at 2017-08-18 22:48:25 : ORDER FINISHED
Julien_Daniello at 2017-08-18 22:50:01 : Julien_Daniello:~Authenticated !
Julien_Daniello at 2017-08-18 22:50:02 : TO START ORDER~PRESS BUTTON
Julien_Daniello at 2017-08-18 22:50:03 : TIME LEFT:~5 sec
Julien_Daniello at 2017-08-18 22:50:04 : ORDER STARTED
Julien_Daniello at 2017-08-18 22:50:07 : WAIT FOR~VALIDATION...
Julien_Daniello at 2017-08-18 22:50:08 : ORDER FINISHED
Julien_Daniello at 2017-08-18 22:50:15 : Julien_Daniello:~Authenticated !
Julien_Daniello at 2017-08-18 22:50:17 : TO START ORDER~PRESS BUTTON
Julien_Daniello at 2017-08-18 22:50:18 : TIME LEFT:~5 sec
Julien_Daniello at 2017-08-18 22:50:19 : TO START ORDER~PRESS BUTTON
Julien_Daniello at 2017-08-18 22:50:20 : TIME LEFT:~4 sec
Julien_Daniello at 2017-08-18 22:50:20 : ORDER STARTED
Julien_Daniello at 2017-08-18 22:50:22 : caraX1~Amount items:1
Julien_Daniello at 2017-08-18 22:50:23 : caraX2~Amount items:2
Julien_Daniello at 2017-08-18 22:50:25 : caraX3~Amount items:3
Julien_Daniello at 2017-08-18 22:50:28 : WAIT FOR~VALIDATION...
Julien_Daniello at 2017-08-18 22:50:30 : ORDER FINISHED
Julien_Daniello at 2017-08-18 22:50:42 : Julien_Daniello:~Authenticated !
Julien_Daniello at 2017-08-18 22:50:44 : TO START ORDER~PRESS BUTTON
Julien_Daniello at 2017-08-18 22:50:45 : TIME LEFT:~5 sec
Julien_Daniello at 2017-08-18 22:50:46 : TO START ORDER~PRESS BUTTON
Julien_Daniello at 2017-08-18 22:50:47 : ORDER STARTED
Julien_Daniello at 2017-08-18 22:50:48 : caraX1~Amount items:1
Julien_Daniello at 2017-08-18 22:50:50 : caraX2~Amount items:2
Julien_Daniello at 2017-08-18 22:50:52 : caraX3~Amount items:3
Julien_Daniello at 2017-08-18 22:50:54 : WAIT FOR~VALIDATION...
Julien_Daniello at 2017-08-18 22:51:09 : Julien_Daniello:~Authenticated !
Julien_Daniello at 2017-08-18 22:51:10 : TO START ORDER~PRESS BUTTON
Julien_Daniello at 2017-08-18 22:51:11 : TIME LEFT:~5 sec
Julien_Daniello at 2017-08-18 22:51:12 : TO START ORDER~PRESS BUTTON
Julien_Daniello at 2017-08-18 22:51:13 : ORDER STARTED
Julien_Daniello at 2017-08-18 22:51:16 : caraX1~Amount items:1
Julien_Daniello at 2017-08-18 22:51:18 : caraX2~Amount items:2
Julien_Daniello at 2017-08-18 22:51:20 : caraX3~Amount items:3
Julien_Daniello at 2017-08-18 22:51:23 : WAIT FOR~VALIDATION...
Julien_Daniello at 2017-08-18 22:51:28 : ORDER FINISHED
Julien_Daniello at 2017-08-18 22:54:03 : Julien_Daniello:~Authenticated !
Julien_Daniello at 2017-08-18 22:54:04 : TO START ORDER~PRESS BUTTON
Julien_Daniello at 2017-08-18 22:54:06 : TIME LEFT:~5 sec
Julien_Daniello at 2017-08-18 22:54:07 : TO START ORDER~PRESS BUTTON
Julien_Daniello at 2017-08-18 22:54:25 : Julien_Daniello:~Authenticated !
Julien_Daniello at 2017-08-18 22:54:26 : TO START ORDER~PRESS BUTTON
Julien_Daniello at 2017-08-18 22:54:27 : TIME LEFT:~5 sec
Julien_Daniello at 2017-08-18 22:54:28 : TO START ORDER~PRESS BUTTON
Julien_Daniello at 2017-08-18 22:54:30 : TIME LEFT:~4 sec
Julien_Daniello at 2017-08-18 22:54:31 : TO START ORDER~PRESS BUTTON
Julien_Daniello at 2017-08-18 22:54:32 : TIME LEFT:~3 sec
Julien_Daniello at 2017-08-18 22:54:33 : TO START ORDER~PRESS BUTTON
Julien_Daniello at 2017-08-18 22:54:34 : TIME LEFT:~2 sec
Julien_Daniello at 2017-08-18 22:54:35 : TO START ORDER~PRESS BUTTON
Julien_Daniello at 2017-08-18 22:54:36 : TIME LEFT:~1 sec
Julien_Daniello at 2017-08-18 22:54:37 : WAIT FOR~VALIDATION...
Julien_Daniello at 2017-08-18 22:54:44 : ORDER FINISHED
Julien_Daniello at 2017-08-18 22:57:39 : Julien_Daniello:~Authenticated !
Julien_Daniello at 2017-08-18 22:57:41 : TO START ORDER~PRESS BUTTON
Julien_Daniello at 2017-08-18 22:57:42 : TIME LEFT:~5 sec
Julien_Daniello at 2017-08-18 22:57:43 : TO START ORDER~PRESS BUTTON
Julien_Daniello at 2017-08-18 22:57:44 : ORDER STARTED
Julien_Daniello at 2017-08-18 22:57:47 : caraX1~Amount items:1
Julien_Daniello at 2017-08-18 22:57:49 : caraX2~Amount items:2
Julien_Daniello at 2017-08-18 22:57:50 : caraX3~Amount items:3
Julien_Daniello at 2017-08-18 22:57:51 : caraX4~Amount items:4
Julien_Daniello at 2017-08-18 22:57:54 : WAIT FOR~VALIDATION...
Julien_Daniello at 2017-08-18 22:58:03 : ORDER FINISHED
Julien_Daniello at 2017-08-18 23:01:01 : Julien_Daniello:~Authenticated !
Julien_Daniello at 2017-08-18 23:01:02 : TO START ORDER~PRESS BUTTON
Julien_Daniello at 2017-08-18 23:01:03 : TIME LEFT:~5 sec
Julien_Daniello at 2017-08-18 23:01:04 : TO START ORDER~PRESS BUTTON
Julien_Daniello at 2017-08-18 23:01:06 : TIME LEFT:~4 sec
Julien_Daniello at 2017-08-18 23:01:06 : ORDER STARTED
Julien_Daniello at 2017-08-18 23:01:09 : caraX1~Amount items:1
Julien_Daniello at 2017-08-18 23:01:10 : caraX2~Amount items:2
Julien_Daniello at 2017-08-18 23:01:11 : caraX3~Amount items:3
Julien_Daniello at 2017-08-18 23:01:14 : WAIT FOR~VALIDATION...
Julien_Daniello at 2017-08-18 23:01:18 : ORDER FINISHED
Julien_Daniello at 2017-08-18 23:01:30 : Julien_Daniello:~Authenticated !
Julien_Daniello at 2017-08-18 23:01:32 : TO START ORDER~PRESS BUTTON
Julien_Daniello at 2017-08-18 23:01:33 : TIME LEFT:~5 sec
Julien_Daniello at 2017-08-18 23:01:34 : TO START ORDER~PRESS BUTTON
Julien_Daniello at 2017-08-18 23:01:35 : TIME LEFT:~4 sec
Julien_Daniello at 2017-08-18 23:01:36 : TO START ORDER~PRESS BUTTON
Julien_Daniello at 2017-08-18 23:01:37 : TIME LEFT:~3 sec
Julien_Daniello at 2017-08-18 23:01:39 : TO START ORDER~PRESS BUTTON
Julien_Daniello at 2017-08-18 23:01:40 : TIME LEFT:~2 sec
Julien_Daniello at 2017-08-18 23:01:41 : TO START ORDER~PRESS BUTTON
Julien_Daniello at 2017-08-18 23:01:42 : TIME LEFT:~1 sec
Julien_Daniello at 2017-08-18 23:01:43 : SEE YOO~NEXT TIME :)
Julien_Daniello at 2017-08-18 23:02:12 : Julien_Daniello:~Authenticated !
Julien_Daniello at 2017-08-18 23:02:13 : TO START ORDER~PRESS BUTTON
Julien_Daniello at 2017-08-18 23:02:14 : TIME LEFT:~5 sec
Julien_Daniello at 2017-08-18 23:02:15 : TO START ORDER~PRESS BUTTON
Julien_Daniello at 2017-08-18 23:03:40 : Julien_Daniello:~Authenticated !
Julien_Daniello at 2017-08-18 23:03:42 : TO START ORDER~PRESS BUTTON
Julien_Daniello at 2017-08-18 23:03:43 : TIME LEFT:~5 sec
Julien_Daniello at 2017-08-18 23:03:44 : TO START ORDER~PRESS BUTTON
Julien_Daniello at 2017-08-18 23:03:45 : TIME LEFT:~4 sec
Julien_Daniello at 2017-08-18 23:03:46 : ORDER STARTED
Julien_Daniello at 2017-08-18 23:03:49 : 1540131123081:~NOT AVAILABLE
Julien_Daniello at 2017-08-18 23:03:50 : caraX1~Amount items:1
Julien_Daniello at 2017-08-18 23:03:52 : caraX2~Amount items:2
Julien_Daniello at 2017-08-18 23:03:53 : caraX3~Amount items:3
Julien_Daniello at 2017-08-18 23:03:55 : WAIT FOR~VALIDATION...
Julien_Daniello at 2017-08-18 23:04:03 : ORDER FINISHED
Julien_Daniello at 2017-08-18 23:04:14 : Julien_Daniello:~Authenticated !
Julien_Daniello at 2017-08-18 23:04:15 : TO START ORDER~PRESS BUTTON
Julien_Daniello at 2017-08-18 23:04:16 : TIME LEFT:~5 sec
Julien_Daniello at 2017-08-18 23:04:17 : TO START ORDER~PRESS BUTTON
Julien_Daniello at 2017-08-18 23:04:18 : TIME LEFT:~4 sec
Julien_Daniello at 2017-08-18 23:04:20 : TO START ORDER~PRESS BUTTON
Julien_Daniello at 2017-08-18 23:04:21 : TIME LEFT:~3 sec
Julien_Daniello at 2017-08-18 23:04:22 : TO START ORDER~PRESS BUTTON
Julien_Daniello at 2017-08-18 23:04:23 : TIME LEFT:~2 sec
Julien_Daniello at 2017-08-18 23:04:24 : TO START ORDER~PRESS BUTTON
Julien_Daniello at 2017-08-18 23:04:25 : TIME LEFT:~1 sec
Julien_Daniello at 2017-08-18 23:04:26 : SEE YOU~NEXT TIME :)
Julien_Daniello at 2017-08-18 23:05:31 : Julien_Daniello:~Authenticated !
Julien_Daniello at 2017-08-18 23:05:32 : TO START ORDER~PRESS BUTTON
Julien_Daniello at 2017-08-18 23:05:33 : TIME LEFT:~5 sec
Julien_Daniello at 2017-08-18 23:05:35 : TO START ORDER~PRESS BUTTON
Julien_Daniello at 2017-08-18 23:05:36 : TIME LEFT:~4 sec
Julien_Daniello at 2017-08-18 23:05:37 : TO START ORDER~PRESS BUTTON
Julien_Daniello at 2017-08-18 23:05:38 : TIME LEFT:~3 sec
Julien_Daniello at 2017-08-18 23:05:39 : TO START ORDER~PRESS BUTTON
Julien_Daniello at 2017-08-18 23:05:40 : TIME LEFT:~2 sec
Julien_Daniello at 2017-08-18 23:05:41 : TO START ORDER~PRESS BUTTON
Julien_Daniello at 2017-08-18 23:05:43 : TIME LEFT:~1 sec
Julien_Daniello at 2017-08-18 23:05:44 : SEE YOU~NEXT TIME :)
Julien_Daniello at 2017-08-18 23:05:54 : Julien_Daniello:~Authenticated !
Julien_Daniello at 2017-08-18 23:05:54 : TO START ORDER~PRESS BUTTON
Julien_Daniello at 2017-08-18 23:05:55 : TIME LEFT:~5 sec
Julien_Daniello at 2017-08-18 23:05:56 : TO START ORDER~PRESS BUTTON
Julien_Daniello at 2017-08-18 23:05:58 : TIME LEFT:~4 sec
Julien_Daniello at 2017-08-18 23:05:59 : TO START ORDER~PRESS BUTTON
Julien_Daniello at 2017-08-18 23:06:00 : TIME LEFT:~3 sec
Julien_Daniello at 2017-08-18 23:06:01 : TO START ORDER~PRESS BUTTON
Julien_Daniello at 2017-08-18 23:06:02 : TIME LEFT:~2 sec
Julien_Daniello at 2017-08-18 23:06:03 : TO START ORDER~PRESS BUTTON
Julien_Daniello at 2017-08-18 23:06:04 : TIME LEFT:~1 sec
Julien_Daniello at 2017-08-18 23:06:04 : ORDER STARTED
Julien_Daniello at 2017-08-18 23:06:10 : WAIT FOR~VALIDATION...
Julien_Daniello at 2017-08-18 23:06:30 : Julien_Daniello:~Authenticated !
Julien_Daniello at 2017-08-18 23:06:31 : TO START ORDER~PRESS BUTTON
Julien_Daniello at 2017-08-18 23:06:33 : TIME LEFT:~5 sec
Julien_Daniello at 2017-08-18 23:06:34 : ORDER STARTED
Julien_Daniello at 2017-08-18 23:06:39 : WAIT FOR~VALIDATION...
Julien_Daniello at 2017-08-18 23:06:43 : ORDER FINISHED
Julien_Daniello at 2017-08-18 23:06:52 : Julien_Daniello:~Authenticated !
Julien_Daniello at 2017-08-18 23:06:53 : TO START ORDER~PRESS BUTTON
Julien_Daniello at 2017-08-18 23:06:54 : TIME LEFT:~5 sec
Julien_Daniello at 2017-08-18 23:06:55 : ORDER STARTED
Julien_Daniello at 2017-08-18 23:07:02 : caraX1~Amount items:1
Julien_Daniello at 2017-08-18 23:07:04 : caraX2~Amount items:2
Julien_Daniello at 2017-08-18 23:07:06 : caraX3~Amount items:3
Julien_Daniello at 2017-08-18 23:07:09 : WAIT FOR~VALIDATION...
Julien_Daniello at 2017-08-18 23:07:11 : ORDER FINISHED
Julien_Daniello at 2017-08-18 23:07:17 : Julien_Daniello:~Authenticated !
Julien_Daniello at 2017-08-18 23:07:19 : TO START ORDER~PRESS BUTTON
Julien_Daniello at 2017-08-18 23:07:20 : TIME LEFT:~5 sec
Julien_Daniello at 2017-08-18 23:07:21 : TO START ORDER~PRESS BUTTON
Julien_Daniello at 2017-08-18 23:07:22 : TIME LEFT:~4 sec
Julien_Daniello at 2017-08-18 23:07:23 : TO START ORDER~PRESS BUTTON
Julien_Daniello at 2017-08-18 23:07:24 : TIME LEFT:~3 sec
Julien_Daniello at 2017-08-18 23:07:25 : TO START ORDER~PRESS BUTTON
Julien_Daniello at 2017-08-18 23:07:26 : TIME LEFT:~2 sec
Julien_Daniello at 2017-08-18 23:07:28 : TO START ORDER~PRESS BUTTON
Julien_Daniello at 2017-08-18 23:07:29 : TIME LEFT:~1 sec
Julien_Daniello at 2017-08-18 23:07:30 : SEE YOU~NEXT TIME :)
Julien_Daniello at 2017-08-18 23:07:46 : Julien_Daniello:~Authenticated !
Julien_Daniello at 2017-08-18 23:07:47 : TO START ORDER~PRESS BUTTON
Julien_Daniello at 2017-08-18 23:07:48 : TIME LEFT:~5 sec
Julien_Daniello at 2017-08-18 23:07:49 : TO START ORDER~PRESS BUTTON
Julien_Daniello at 2017-08-18 23:07:50 : TIME LEFT:~4 sec
Julien_Daniello at 2017-08-18 23:07:52 : TO START ORDER~PRESS BUTTON
Julien_Daniello at 2017-08-18 23:07:53 : TIME LEFT:~3 sec
Julien_Daniello at 2017-08-18 23:07:54 : TO START ORDER~PRESS BUTTON
Julien_Daniello at 2017-08-18 23:07:55 : TIME LEFT:~2 sec
Julien_Daniello at 2017-08-18 23:07:55 : ORDER STARTED
Julien_Daniello at 2017-08-18 23:07:59 : WAIT FOR~VALIDATION...
Julien_Daniello at 2017-08-18 23:08:00 : TO START ORDER~PRESS BUTTON
Julien_Daniello at 2017-08-18 23:08:01 : ORDER FINISHED
Julien_Daniello at 2017-08-18 23:08:03 : TO START ORDER~PRESS BUTTON
Julien_Daniello at 2017-08-18 23:08:03 : TO START ORDER~PRESS BUTTON
Julien_Daniello at 2017-08-18 23:08:04 : TIME LEFT:~1 sec
Julien_Daniello at 2017-08-18 23:08:05 : TIME LEFT:~1 sec
Julien_Daniello at 2017-08-18 23:08:05 : SEE YOU~NEXT TIME :)
Julien_Daniello at 2017-08-18 23:14:07 : Julien_Daniello:~Authenticated !
Julien_Daniello at 2017-08-18 23:14:08 : TO START ORDER~PRESS BUTTON
Julien_Daniello at 2017-08-18 23:14:09 : TIME LEFT:~5 sec
Julien_Daniello at 2017-08-18 23:14:10 : TO START ORDER~PRESS BUTTON
Julien_Daniello at 2017-08-18 23:14:11 : ORDER STARTED
Julien_Daniello at 2017-08-18 23:14:16 : WAIT FOR~VALIDATION...
Julien_Daniello at 2017-08-18 23:14:17 : ORDER FINISHED
Julien_Daniello at 2017-08-18 23:14:23 : Julien_Daniello:~Authenticated !
Julien_Daniello at 2017-08-18 23:14:25 : TO START ORDER~PRESS BUTTON
Julien_Daniello at 2017-08-18 23:14:26 : TIME LEFT:~5 sec
Julien_Daniello at 2017-08-18 23:14:27 : TO START ORDER~PRESS BUTTON
Julien_Daniello at 2017-08-18 23:14:28 : TIME LEFT:~4 sec
Julien_Daniello at 2017-08-18 23:14:29 : TO START ORDER~PRESS BUTTON
Julien_Daniello at 2017-08-18 23:14:30 : TIME LEFT:~3 sec
Julien_Daniello at 2017-08-18 23:14:31 : TO START ORDER~PRESS BUTTON
Julien_Daniello at 2017-08-18 23:14:32 : TIME LEFT:~2 sec
Julien_Daniello at 2017-08-18 23:14:33 : TO START ORDER~PRESS BUTTON
Julien_Daniello at 2017-08-18 23:14:34 : TIME LEFT:~1 sec
Julien_Daniello at 2017-08-18 23:14:36 : SEE YOU~NEXT TIME :)
Julien_Daniello at 2017-08-18 23:15:43 : Julien_Daniello:~Authenticated !
Julien_Daniello at 2017-08-18 23:15:44 : TO START ORDER~PRESS BUTTON
Julien_Daniello at 2017-08-18 23:15:45 : TIME LEFT:~5 sec
Julien_Daniello at 2017-08-18 23:15:47 : TO START ORDER~PRESS BUTTON
Julien_Daniello at 2017-08-18 23:15:48 : TIME LEFT:~4 sec
Julien_Daniello at 2017-08-18 23:15:49 : TO START ORDER~PRESS BUTTON
Julien_Daniello at 2017-08-18 23:15:50 : TIME LEFT:~3 sec
Julien_Daniello at 2017-08-18 23:15:51 : TO START ORDER~PRESS BUTTON
Julien_Daniello at 2017-08-18 23:15:52 : TIME LEFT:~2 sec
Julien_Daniello at 2017-08-18 23:15:53 : TO START ORDER~PRESS BUTTON
Julien_Daniello at 2017-08-18 23:15:55 : TIME LEFT:~1 sec
Julien_Daniello at 2017-08-18 23:15:56 : SEE YOU~NEXT TIME
Julien_Daniello at 2017-08-18 23:16:08 : Julien_Daniello:~Authenticated !
Julien_Daniello at 2017-08-18 23:16:09 : TO START ORDER~PRESS BUTTON
Julien_Daniello at 2017-08-18 23:16:11 : TIME LEFT:~5 sec
Julien_Daniello at 2017-08-18 23:16:12 : TO START ORDER~PRESS BUTTON
Julien_Daniello at 2017-08-18 23:16:12 : ORDER STARTED
Julien_Daniello at 2017-08-18 23:16:18 : TIME LEFT:~4 sec
Julien_Daniello at 2017-08-18 23:16:19 : TO START ORDER~PRESS BUTTON
Julien_Daniello at 2017-08-18 23:16:19 : caraX1~Amount items:1
Julien_Daniello at 2017-08-18 23:16:20 : TIME LEFT:~3 sec
Julien_Daniello at 2017-08-18 23:16:20 : caraX2~Amount items:2
Julien_Daniello at 2017-08-18 23:16:21 : TO START ORDER~PRESS BUTTON
Julien_Daniello at 2017-08-18 23:16:22 : caraX3~Amount items:3
Julien_Daniello at 2017-08-18 23:16:22 : TIME LEFT:~2 sec
Julien_Daniello at 2017-08-18 23:16:23 : TO START ORDER~PRESS BUTTON
Julien_Daniello at 2017-08-18 23:16:24 : caraX4~Amount items:4
Julien_Daniello at 2017-08-18 23:16:24 : TIME LEFT:~1 sec
Julien_Daniello at 2017-08-18 23:16:41 : TIME LEFT:~4 sec
Julien_Daniello at 2017-08-18 23:16:42 : TO START ORDER~PRESS BUTTON
Julien_Daniello at 2017-08-18 23:16:43 : TIME LEFT:~3 sec
Julien_Daniello at 2017-08-18 23:16:44 : TO START ORDER~PRESS BUTTON
Julien_Daniello at 2017-08-18 23:16:45 : TIME LEFT:~2 sec
Julien_Daniello at 2017-08-18 23:16:47 : TO START ORDER~PRESS BUTTON
Julien_Daniello at 2017-08-18 23:16:48 : TIME LEFT:~1 sec
Julien_Daniello at 2017-08-18 23:16:49 : SEE YOU~NEXT TIME
Julien_Daniello at 2017-08-18 23:20:18 : Julien_Daniello:~Authenticated !
Julien_Daniello at 2017-08-18 23:20:19 : TO START ORDER~PRESS BUTTON
Julien_Daniello at 2017-08-18 23:20:21 : TIME LEFT:~5 sec
Julien_Daniello at 2017-08-18 23:20:22 : TO START ORDER~PRESS BUTTON
Julien_Daniello at 2017-08-18 23:20:23 : TIME LEFT:~4 sec
Julien_Daniello at 2017-08-18 23:20:24 : TO START ORDER~PRESS BUTTON
Julien_Daniello at 2017-08-18 23:20:25 : TIME LEFT:~3 sec
Julien_Daniello at 2017-08-18 23:20:26 : TO START ORDER~PRESS BUTTON
Julien_Daniello at 2017-08-18 23:20:27 : TIME LEFT:~2 sec
Julien_Daniello at 2017-08-18 23:20:29 : TO START ORDER~PRESS BUTTON
Julien_Daniello at 2017-08-18 23:20:30 : TIME LEFT:~1 sec
Julien_Daniello at 2017-08-18 23:20:31 : SEE YOU~NEXT TIME
Julien_Daniello at 2017-08-18 23:20:40 : Julien_Daniello:~Authenticated !
Julien_Daniello at 2017-08-18 23:20:42 : TO START ORDER~PRESS BUTTON
Julien_Daniello at 2017-08-18 23:20:43 : TIME LEFT:~5 sec
Julien_Daniello at 2017-08-18 23:20:44 : TO START ORDER~PRESS BUTTON
Julien_Daniello at 2017-08-18 23:20:44 : ORDER STARTED
Julien_Daniello at 2017-08-18 23:20:48 : WAIT FOR~VALIDATION...
Julien_Daniello at 2017-08-18 23:20:49 : TIME LEFT:~4 sec
Julien_Daniello at 2017-08-18 23:20:59 : ERREUR MINEURE:~CAM SSH
Julien_Daniello at 2017-08-18 23:21:02 : ERREUR MINEURE:~CAM SSH
Julien_Daniello at 2017-08-18 23:21:04 : ERREUR MINEURE:~CAM SSH
Julien_Daniello at 2017-08-18 23:21:05 : TIME LEFT:~4 sec
Julien_Daniello at 2017-08-18 23:21:06 : TO START ORDER~PRESS BUTTON
Julien_Daniello at 2017-08-18 23:21:07 : ERREUR MINEURE:~CAM SSH
Julien_Daniello at 2017-08-18 23:21:07 : TIME LEFT:~3 sec
Julien_Daniello at 2017-08-18 23:21:08 : TO START ORDER~PRESS BUTTON
Julien_Daniello at 2017-08-18 23:21:09 : ORDER FINISHED
Julien_Daniello at 2017-08-18 23:21:09 : TIME LEFT:~2 sec
Julien_Daniello at 2017-08-18 23:21:11 : TO START ORDER~PRESS BUTTON
Julien_Daniello at 2017-08-18 23:21:11 : TIME LEFT:~1 sec
Julien_Daniello at 2017-08-18 23:21:12 : TIME LEFT:~4 sec
Julien_Daniello at 2017-08-18 23:21:13 : TO START ORDER~PRESS BUTTON
Julien_Daniello at 2017-08-18 23:21:14 : TIME LEFT:~3 sec
Julien_Daniello at 2017-08-18 23:21:15 : TO START ORDER~PRESS BUTTON
Julien_Daniello at 2017-08-18 23:21:16 : TIME LEFT:~2 sec
Julien_Daniello at 2017-08-18 23:21:17 : TO START ORDER~PRESS BUTTON
Julien_Daniello at 2017-08-18 23:21:19 : TIME LEFT:~1 sec
Julien_Daniello at 2017-08-18 23:21:20 : SEE YOU~NEXT TIME
