DEB [20170819-05:58:35.266] thr=1   paramiko.transport: starting thread (client mode): 0x76106b90L
DEB [20170819-05:58:35.269] thr=1   paramiko.transport: Local version/idstring: SSH-2.0-paramiko_2.2.1
DEB [20170819-05:58:35.300] thr=1   paramiko.transport: Remote version/idstring: SSH-2.0-OpenSSH_6.7p1 Raspbian-5+deb8u3
INF [20170819-05:58:35.301] thr=1   paramiko.transport: Connected (version 2.0, client OpenSSH_6.7p1)
DEB [20170819-05:58:36.140] thr=1   paramiko.transport: kex algos:[u'curve25519-sha256@libssh.org', u'ecdh-sha2-nistp256', u'ecdh-sha2-nistp384', u'ecdh-sha2-nistp521', u'diffie-hellman-group-exchange-sha256', u'diffie-hellman-group14-sha1'] server key:[u'ssh-rsa', u'ssh-dss', u'ecdsa-sha2-nistp256', u'ssh-ed25519'] client encrypt:[u'aes128-ctr', u'aes192-ctr', u'aes256-ctr', u'aes128-gcm@openssh.com', u'aes256-gcm@openssh.com', u'chacha20-poly1305@openssh.com'] server encrypt:[u'aes128-ctr', u'aes192-ctr', u'aes256-ctr', u'aes128-gcm@openssh.com', u'aes256-gcm@openssh.com', u'chacha20-poly1305@openssh.com'] client mac:[u'umac-64-etm@openssh.com', u'umac-128-etm@openssh.com', u'hmac-sha2-256-etm@openssh.com', u'hmac-sha2-512-etm@openssh.com', u'hmac-sha1-etm@openssh.com', u'umac-64@openssh.com', u'umac-128@openssh.com', u'hmac-sha2-256', u'hmac-sha2-512', u'hmac-sha1'] server mac:[u'umac-64-etm@openssh.com', u'umac-128-etm@openssh.com', u'hmac-sha2-256-etm@openssh.com', u'hmac-sha2-512-etm@openssh.com', u'hmac-sha1-etm@openssh.com', u'umac-64@openssh.com', u'umac-128@openssh.com', u'hmac-sha2-256', u'hmac-sha2-512', u'hmac-sha1'] client compress:[u'none', u'zlib@openssh.com'] server compress:[u'none', u'zlib@openssh.com'] client lang:[u''] server lang:[u''] kex follows?False
DEB [20170819-05:58:36.141] thr=1   paramiko.transport: Kex agreed: ecdh-sha2-nistp256
DEB [20170819-05:58:36.141] thr=1   paramiko.transport: HostKey agreed: ssh-ed25519
DEB [20170819-05:58:36.142] thr=1   paramiko.transport: Cipher agreed: aes128-ctr
DEB [20170819-05:58:36.143] thr=1   paramiko.transport: MAC agreed: hmac-sha2-256
DEB [20170819-05:58:36.143] thr=1   paramiko.transport: Compression agreed: none
DEB [20170819-05:58:36.376] thr=1   paramiko.transport: kex engine KexNistp256 specified hash_algo <built-in function openssl_sha256>
DEB [20170819-05:58:36.378] thr=1   paramiko.transport: Switch to new keys ...
DEB [20170819-05:58:36.387] thr=2   paramiko.transport: Adding ssh-ed25519 host key for 192.168.0.214: 82c5dbde8f5ce568871a5b128faf16e7
DEB [20170819-05:58:36.409] thr=1   paramiko.transport: userauth is OK
INF [20170819-05:58:36.969] thr=1   paramiko.transport: Authentication (password) successful!
DEB [20170819-05:58:36.991] thr=2   paramiko.transport: [chan 0] Max packet in: 32768 bytes
DEB [20170819-05:58:37.409] thr=1   paramiko.transport: [chan 0] Max packet out: 32768 bytes
DEB [20170819-05:58:37.410] thr=1   paramiko.transport: Secsh channel 0 opened.
DEB [20170819-05:58:37.428] thr=1   paramiko.transport: [chan 0] Sesch channel 0 request ok
DEB [20170819-05:58:37.441] thr=1   paramiko.transport: [chan 0] EOF received (0)
DEB [20170819-05:58:47.826] thr=2   paramiko.transport: [chan 1] Max packet in: 32768 bytes
DEB [20170819-05:58:47.830] thr=1   paramiko.transport: [chan 1] Max packet out: 32768 bytes
DEB [20170819-05:58:47.830] thr=1   paramiko.transport: Secsh channel 1 opened.
DEB [20170819-05:58:47.839] thr=1   paramiko.transport: [chan 0] EOF sent (0)
DEB [20170819-05:58:47.843] thr=1   paramiko.transport: [chan 1] Sesch channel 1 request ok
DEB [20170819-05:58:47.870] thr=1   paramiko.transport: [chan 1] EOF received (1)
DEB [20170819-05:59:56.482] thr=1   paramiko.transport: starting thread (client mode): 0x7613bb70L
DEB [20170819-05:59:56.484] thr=1   paramiko.transport: Local version/idstring: SSH-2.0-paramiko_2.2.1
DEB [20170819-05:59:56.528] thr=1   paramiko.transport: Remote version/idstring: SSH-2.0-OpenSSH_6.7p1 Raspbian-5+deb8u3
INF [20170819-05:59:56.529] thr=1   paramiko.transport: Connected (version 2.0, client OpenSSH_6.7p1)
DEB [20170819-05:59:56.950] thr=1   paramiko.transport: kex algos:[u'curve25519-sha256@libssh.org', u'ecdh-sha2-nistp256', u'ecdh-sha2-nistp384', u'ecdh-sha2-nistp521', u'diffie-hellman-group-exchange-sha256', u'diffie-hellman-group14-sha1'] server key:[u'ssh-rsa', u'ssh-dss', u'ecdsa-sha2-nistp256', u'ssh-ed25519'] client encrypt:[u'aes128-ctr', u'aes192-ctr', u'aes256-ctr', u'aes128-gcm@openssh.com', u'aes256-gcm@openssh.com', u'chacha20-poly1305@openssh.com'] server encrypt:[u'aes128-ctr', u'aes192-ctr', u'aes256-ctr', u'aes128-gcm@openssh.com', u'aes256-gcm@openssh.com', u'chacha20-poly1305@openssh.com'] client mac:[u'umac-64-etm@openssh.com', u'umac-128-etm@openssh.com', u'hmac-sha2-256-etm@openssh.com', u'hmac-sha2-512-etm@openssh.com', u'hmac-sha1-etm@openssh.com', u'umac-64@openssh.com', u'umac-128@openssh.com', u'hmac-sha2-256', u'hmac-sha2-512', u'hmac-sha1'] server mac:[u'umac-64-etm@openssh.com', u'umac-128-etm@openssh.com', u'hmac-sha2-256-etm@openssh.com', u'hmac-sha2-512-etm@openssh.com', u'hmac-sha1-etm@openssh.com', u'umac-64@openssh.com', u'umac-128@openssh.com', u'hmac-sha2-256', u'hmac-sha2-512', u'hmac-sha1'] client compress:[u'none', u'zlib@openssh.com'] server compress:[u'none', u'zlib@openssh.com'] client lang:[u''] server lang:[u''] kex follows?False
DEB [20170819-05:59:56.951] thr=1   paramiko.transport: Kex agreed: ecdh-sha2-nistp256
DEB [20170819-05:59:56.951] thr=1   paramiko.transport: HostKey agreed: ssh-ed25519
DEB [20170819-05:59:56.952] thr=1   paramiko.transport: Cipher agreed: aes128-ctr
DEB [20170819-05:59:56.953] thr=1   paramiko.transport: MAC agreed: hmac-sha2-256
DEB [20170819-05:59:56.953] thr=1   paramiko.transport: Compression agreed: none
DEB [20170819-05:59:57.380] thr=1   paramiko.transport: kex engine KexNistp256 specified hash_algo <built-in function openssl_sha256>
DEB [20170819-05:59:57.381] thr=1   paramiko.transport: Switch to new keys ...
DEB [20170819-05:59:57.384] thr=2   paramiko.transport: Adding ssh-ed25519 host key for 192.168.0.214: 82c5dbde8f5ce568871a5b128faf16e7
DEB [20170819-05:59:57.419] thr=1   paramiko.transport: userauth is OK
INF [20170819-05:59:57.523] thr=1   paramiko.transport: Authentication (password) successful!
DEB [20170819-05:59:57.550] thr=2   paramiko.transport: [chan 0] Max packet in: 32768 bytes
DEB [20170819-05:59:57.624] thr=1   paramiko.transport: [chan 0] Max packet out: 32768 bytes
DEB [20170819-05:59:57.624] thr=1   paramiko.transport: Secsh channel 0 opened.
DEB [20170819-05:59:57.654] thr=1   paramiko.transport: [chan 0] Sesch channel 0 request ok
DEB [20170819-05:59:57.679] thr=1   paramiko.transport: [chan 0] EOF received (0)
DEB [20170819-06:00:05.595] thr=2   paramiko.transport: [chan 1] Max packet in: 32768 bytes
DEB [20170819-06:00:06.030] thr=1   paramiko.transport: [chan 1] Max packet out: 32768 bytes
DEB [20170819-06:00:06.031] thr=1   paramiko.transport: Secsh channel 1 opened.
DEB [20170819-06:00:06.066] thr=1   paramiko.transport: [chan 0] EOF sent (0)
DEB [20170819-06:00:06.069] thr=1   paramiko.transport: [chan 1] Sesch channel 1 request ok
DEB [20170819-06:00:06.120] thr=1   paramiko.transport: [chan 1] EOF received (1)
DEB [20170819-06:00:53.569] thr=1   paramiko.transport: starting thread (client mode): 0x7610fa10L
DEB [20170819-06:00:53.571] thr=1   paramiko.transport: Local version/idstring: SSH-2.0-paramiko_2.2.1
DEB [20170819-06:00:53.613] thr=1   paramiko.transport: Remote version/idstring: SSH-2.0-OpenSSH_6.7p1 Raspbian-5+deb8u3
INF [20170819-06:00:53.614] thr=1   paramiko.transport: Connected (version 2.0, client OpenSSH_6.7p1)
DEB [20170819-06:00:54.450] thr=1   paramiko.transport: kex algos:[u'curve25519-sha256@libssh.org', u'ecdh-sha2-nistp256', u'ecdh-sha2-nistp384', u'ecdh-sha2-nistp521', u'diffie-hellman-group-exchange-sha256', u'diffie-hellman-group14-sha1'] server key:[u'ssh-rsa', u'ssh-dss', u'ecdsa-sha2-nistp256', u'ssh-ed25519'] client encrypt:[u'aes128-ctr', u'aes192-ctr', u'aes256-ctr', u'aes128-gcm@openssh.com', u'aes256-gcm@openssh.com', u'chacha20-poly1305@openssh.com'] server encrypt:[u'aes128-ctr', u'aes192-ctr', u'aes256-ctr', u'aes128-gcm@openssh.com', u'aes256-gcm@openssh.com', u'chacha20-poly1305@openssh.com'] client mac:[u'umac-64-etm@openssh.com', u'umac-128-etm@openssh.com', u'hmac-sha2-256-etm@openssh.com', u'hmac-sha2-512-etm@openssh.com', u'hmac-sha1-etm@openssh.com', u'umac-64@openssh.com', u'umac-128@openssh.com', u'hmac-sha2-256', u'hmac-sha2-512', u'hmac-sha1'] server mac:[u'umac-64-etm@openssh.com', u'umac-128-etm@openssh.com', u'hmac-sha2-256-etm@openssh.com', u'hmac-sha2-512-etm@openssh.com', u'hmac-sha1-etm@openssh.com', u'umac-64@openssh.com', u'umac-128@openssh.com', u'hmac-sha2-256', u'hmac-sha2-512', u'hmac-sha1'] client compress:[u'none', u'zlib@openssh.com'] server compress:[u'none', u'zlib@openssh.com'] client lang:[u''] server lang:[u''] kex follows?False
DEB [20170819-06:00:54.451] thr=1   paramiko.transport: Kex agreed: ecdh-sha2-nistp256
DEB [20170819-06:00:54.452] thr=1   paramiko.transport: HostKey agreed: ssh-ed25519
DEB [20170819-06:00:54.452] thr=1   paramiko.transport: Cipher agreed: aes128-ctr
DEB [20170819-06:00:54.453] thr=1   paramiko.transport: MAC agreed: hmac-sha2-256
DEB [20170819-06:00:54.453] thr=1   paramiko.transport: Compression agreed: none
DEB [20170819-06:00:55.089] thr=1   paramiko.transport: kex engine KexNistp256 specified hash_algo <built-in function openssl_sha256>
DEB [20170819-06:00:55.091] thr=1   paramiko.transport: Switch to new keys ...
DEB [20170819-06:00:55.123] thr=2   paramiko.transport: Adding ssh-ed25519 host key for 192.168.0.214: 82c5dbde8f5ce568871a5b128faf16e7
DEB [20170819-06:00:55.339] thr=1   paramiko.transport: userauth is OK
INF [20170819-06:00:56.279] thr=1   paramiko.transport: Authentication (password) successful!
DEB [20170819-06:00:56.292] thr=2   paramiko.transport: [chan 0] Max packet in: 32768 bytes
DEB [20170819-06:00:56.499] thr=1   paramiko.transport: [chan 0] Max packet out: 32768 bytes
DEB [20170819-06:00:56.500] thr=1   paramiko.transport: Secsh channel 0 opened.
DEB [20170819-06:00:56.505] thr=1   paramiko.transport: [chan 0] Sesch channel 0 request ok
DEB [20170819-06:00:56.518] thr=1   paramiko.transport: [chan 0] EOF received (0)
DEB [20170819-06:01:03.033] thr=1   paramiko.transport: EOF in transport thread
DEB [20170819-06:01:51.649] thr=1   paramiko.transport: starting thread (client mode): 0x761969f0L
DEB [20170819-06:01:51.651] thr=1   paramiko.transport: Local version/idstring: SSH-2.0-paramiko_2.2.1
DEB [20170819-06:01:51.692] thr=1   paramiko.transport: Remote version/idstring: SSH-2.0-OpenSSH_6.7p1 Raspbian-5+deb8u3
INF [20170819-06:01:51.693] thr=1   paramiko.transport: Connected (version 2.0, client OpenSSH_6.7p1)
DEB [20170819-06:01:53.370] thr=1   paramiko.transport: kex algos:[u'curve25519-sha256@libssh.org', u'ecdh-sha2-nistp256', u'ecdh-sha2-nistp384', u'ecdh-sha2-nistp521', u'diffie-hellman-group-exchange-sha256', u'diffie-hellman-group14-sha1'] server key:[u'ssh-rsa', u'ssh-dss', u'ecdsa-sha2-nistp256', u'ssh-ed25519'] client encrypt:[u'aes128-ctr', u'aes192-ctr', u'aes256-ctr', u'aes128-gcm@openssh.com', u'aes256-gcm@openssh.com', u'chacha20-poly1305@openssh.com'] server encrypt:[u'aes128-ctr', u'aes192-ctr', u'aes256-ctr', u'aes128-gcm@openssh.com', u'aes256-gcm@openssh.com', u'chacha20-poly1305@openssh.com'] client mac:[u'umac-64-etm@openssh.com', u'umac-128-etm@openssh.com', u'hmac-sha2-256-etm@openssh.com', u'hmac-sha2-512-etm@openssh.com', u'hmac-sha1-etm@openssh.com', u'umac-64@openssh.com', u'umac-128@openssh.com', u'hmac-sha2-256', u'hmac-sha2-512', u'hmac-sha1'] server mac:[u'umac-64-etm@openssh.com', u'umac-128-etm@openssh.com', u'hmac-sha2-256-etm@openssh.com', u'hmac-sha2-512-etm@openssh.com', u'hmac-sha1-etm@openssh.com', u'umac-64@openssh.com', u'umac-128@openssh.com', u'hmac-sha2-256', u'hmac-sha2-512', u'hmac-sha1'] client compress:[u'none', u'zlib@openssh.com'] server compress:[u'none', u'zlib@openssh.com'] client lang:[u''] server lang:[u''] kex follows?False
DEB [20170819-06:01:53.371] thr=1   paramiko.transport: Kex agreed: ecdh-sha2-nistp256
DEB [20170819-06:01:53.371] thr=1   paramiko.transport: HostKey agreed: ssh-ed25519
DEB [20170819-06:01:53.372] thr=1   paramiko.transport: Cipher agreed: aes128-ctr
DEB [20170819-06:01:53.373] thr=1   paramiko.transport: MAC agreed: hmac-sha2-256
DEB [20170819-06:01:53.373] thr=1   paramiko.transport: Compression agreed: none
DEB [20170819-06:01:53.819] thr=1   paramiko.transport: kex engine KexNistp256 specified hash_algo <built-in function openssl_sha256>
DEB [20170819-06:01:53.821] thr=1   paramiko.transport: Switch to new keys ...
DEB [20170819-06:01:53.842] thr=2   paramiko.transport: Adding ssh-ed25519 host key for 192.168.0.214: 82c5dbde8f5ce568871a5b128faf16e7
DEB [20170819-06:01:53.844] thr=1   paramiko.transport: userauth is OK
INF [20170819-06:01:53.977] thr=1   paramiko.transport: Authentication (password) successful!
DEB [20170819-06:01:54.008] thr=2   paramiko.transport: [chan 0] Max packet in: 32768 bytes
DEB [20170819-06:01:54.089] thr=1   paramiko.transport: [chan 0] Max packet out: 32768 bytes
DEB [20170819-06:01:54.089] thr=1   paramiko.transport: Secsh channel 0 opened.
DEB [20170819-06:01:54.112] thr=1   paramiko.transport: [chan 0] Sesch channel 0 request ok
DEB [20170819-06:01:54.125] thr=1   paramiko.transport: [chan 0] EOF received (0)
DEB [20170819-06:02:02.602] thr=2   paramiko.transport: [chan 1] Max packet in: 32768 bytes
DEB [20170819-06:02:02.605] thr=1   paramiko.transport: [chan 1] Max packet out: 32768 bytes
DEB [20170819-06:02:02.606] thr=1   paramiko.transport: Secsh channel 1 opened.
DEB [20170819-06:02:02.712] thr=1   paramiko.transport: [chan 0] EOF sent (0)
DEB [20170819-06:02:02.715] thr=1   paramiko.transport: [chan 1] Sesch channel 1 request ok
DEB [20170819-06:02:02.720] thr=1   paramiko.transport: [chan 1] EOF received (1)
DEB [20170819-06:03:44.490] thr=1   paramiko.transport: starting thread (client mode): 0x760ffb10L
DEB [20170819-06:03:44.492] thr=1   paramiko.transport: Local version/idstring: SSH-2.0-paramiko_2.2.1
DEB [20170819-06:03:44.533] thr=1   paramiko.transport: Remote version/idstring: SSH-2.0-OpenSSH_6.7p1 Raspbian-5+deb8u3
INF [20170819-06:03:44.534] thr=1   paramiko.transport: Connected (version 2.0, client OpenSSH_6.7p1)
DEB [20170819-06:03:44.739] thr=1   paramiko.transport: kex algos:[u'curve25519-sha256@libssh.org', u'ecdh-sha2-nistp256', u'ecdh-sha2-nistp384', u'ecdh-sha2-nistp521', u'diffie-hellman-group-exchange-sha256', u'diffie-hellman-group14-sha1'] server key:[u'ssh-rsa', u'ssh-dss', u'ecdsa-sha2-nistp256', u'ssh-ed25519'] client encrypt:[u'aes128-ctr', u'aes192-ctr', u'aes256-ctr', u'aes128-gcm@openssh.com', u'aes256-gcm@openssh.com', u'chacha20-poly1305@openssh.com'] server encrypt:[u'aes128-ctr', u'aes192-ctr', u'aes256-ctr', u'aes128-gcm@openssh.com', u'aes256-gcm@openssh.com', u'chacha20-poly1305@openssh.com'] client mac:[u'umac-64-etm@openssh.com', u'umac-128-etm@openssh.com', u'hmac-sha2-256-etm@openssh.com', u'hmac-sha2-512-etm@openssh.com', u'hmac-sha1-etm@openssh.com', u'umac-64@openssh.com', u'umac-128@openssh.com', u'hmac-sha2-256', u'hmac-sha2-512', u'hmac-sha1'] server mac:[u'umac-64-etm@openssh.com', u'umac-128-etm@openssh.com', u'hmac-sha2-256-etm@openssh.com', u'hmac-sha2-512-etm@openssh.com', u'hmac-sha1-etm@openssh.com', u'umac-64@openssh.com', u'umac-128@openssh.com', u'hmac-sha2-256', u'hmac-sha2-512', u'hmac-sha1'] client compress:[u'none', u'zlib@openssh.com'] server compress:[u'none', u'zlib@openssh.com'] client lang:[u''] server lang:[u''] kex follows?False
DEB [20170819-06:03:44.740] thr=1   paramiko.transport: Kex agreed: ecdh-sha2-nistp256
DEB [20170819-06:03:44.740] thr=1   paramiko.transport: HostKey agreed: ssh-ed25519
DEB [20170819-06:03:44.740] thr=1   paramiko.transport: Cipher agreed: aes128-ctr
DEB [20170819-06:03:44.741] thr=1   paramiko.transport: MAC agreed: hmac-sha2-256
DEB [20170819-06:03:44.741] thr=1   paramiko.transport: Compression agreed: none
DEB [20170819-06:03:44.914] thr=1   paramiko.transport: kex engine KexNistp256 specified hash_algo <built-in function openssl_sha256>
DEB [20170819-06:03:44.916] thr=1   paramiko.transport: Switch to new keys ...
DEB [20170819-06:03:44.925] thr=2   paramiko.transport: Adding ssh-ed25519 host key for 192.168.0.214: 82c5dbde8f5ce568871a5b128faf16e7
DEB [20170819-06:03:45.159] thr=1   paramiko.transport: userauth is OK
INF [20170819-06:03:45.333] thr=1   paramiko.transport: Authentication (password) successful!
DEB [20170819-06:03:45.336] thr=2   paramiko.transport: [chan 0] Max packet in: 32768 bytes
DEB [20170819-06:03:45.435] thr=1   paramiko.transport: [chan 0] Max packet out: 32768 bytes
DEB [20170819-06:03:45.435] thr=1   paramiko.transport: Secsh channel 0 opened.
DEB [20170819-06:03:45.442] thr=1   paramiko.transport: [chan 0] Sesch channel 0 request ok
DEB [20170819-06:03:45.459] thr=1   paramiko.transport: [chan 0] EOF received (0)
DEB [20170819-06:03:53.950] thr=2   paramiko.transport: [chan 1] Max packet in: 32768 bytes
DEB [20170819-06:03:53.954] thr=1   paramiko.transport: [chan 1] Max packet out: 32768 bytes
DEB [20170819-06:03:53.955] thr=1   paramiko.transport: Secsh channel 1 opened.
DEB [20170819-06:03:53.964] thr=1   paramiko.transport: [chan 0] EOF sent (0)
DEB [20170819-06:03:53.967] thr=1   paramiko.transport: [chan 1] Sesch channel 1 request ok
DEB [20170819-06:03:53.997] thr=1   paramiko.transport: [chan 1] EOF received (1)
DEB [20170819-06:05:09.272] thr=1   paramiko.transport: starting thread (client mode): 0x761b39f0L
DEB [20170819-06:05:09.274] thr=1   paramiko.transport: Local version/idstring: SSH-2.0-paramiko_2.2.1
DEB [20170819-06:05:09.316] thr=1   paramiko.transport: Remote version/idstring: SSH-2.0-OpenSSH_6.7p1 Raspbian-5+deb8u3
INF [20170819-06:05:09.317] thr=1   paramiko.transport: Connected (version 2.0, client OpenSSH_6.7p1)
DEB [20170819-06:05:09.529] thr=1   paramiko.transport: kex algos:[u'curve25519-sha256@libssh.org', u'ecdh-sha2-nistp256', u'ecdh-sha2-nistp384', u'ecdh-sha2-nistp521', u'diffie-hellman-group-exchange-sha256', u'diffie-hellman-group14-sha1'] server key:[u'ssh-rsa', u'ssh-dss', u'ecdsa-sha2-nistp256', u'ssh-ed25519'] client encrypt:[u'aes128-ctr', u'aes192-ctr', u'aes256-ctr', u'aes128-gcm@openssh.com', u'aes256-gcm@openssh.com', u'chacha20-poly1305@openssh.com'] server encrypt:[u'aes128-ctr', u'aes192-ctr', u'aes256-ctr', u'aes128-gcm@openssh.com', u'aes256-gcm@openssh.com', u'chacha20-poly1305@openssh.com'] client mac:[u'umac-64-etm@openssh.com', u'umac-128-etm@openssh.com', u'hmac-sha2-256-etm@openssh.com', u'hmac-sha2-512-etm@openssh.com', u'hmac-sha1-etm@openssh.com', u'umac-64@openssh.com', u'umac-128@openssh.com', u'hmac-sha2-256', u'hmac-sha2-512', u'hmac-sha1'] server mac:[u'umac-64-etm@openssh.com', u'umac-128-etm@openssh.com', u'hmac-sha2-256-etm@openssh.com', u'hmac-sha2-512-etm@openssh.com', u'hmac-sha1-etm@openssh.com', u'umac-64@openssh.com', u'umac-128@openssh.com', u'hmac-sha2-256', u'hmac-sha2-512', u'hmac-sha1'] client compress:[u'none', u'zlib@openssh.com'] server compress:[u'none', u'zlib@openssh.com'] client lang:[u''] server lang:[u''] kex follows?False
DEB [20170819-06:05:09.530] thr=1   paramiko.transport: Kex agreed: ecdh-sha2-nistp256
DEB [20170819-06:05:09.530] thr=1   paramiko.transport: HostKey agreed: ssh-ed25519
DEB [20170819-06:05:09.530] thr=1   paramiko.transport: Cipher agreed: aes128-ctr
DEB [20170819-06:05:09.531] thr=1   paramiko.transport: MAC agreed: hmac-sha2-256
DEB [20170819-06:05:09.531] thr=1   paramiko.transport: Compression agreed: none
DEB [20170819-06:05:09.709] thr=1   paramiko.transport: kex engine KexNistp256 specified hash_algo <built-in function openssl_sha256>
DEB [20170819-06:05:09.711] thr=1   paramiko.transport: Switch to new keys ...
DEB [20170819-06:05:09.719] thr=2   paramiko.transport: Adding ssh-ed25519 host key for 192.168.0.214: 82c5dbde8f5ce568871a5b128faf16e7
DEB [20170819-06:05:09.749] thr=1   paramiko.transport: userauth is OK
INF [20170819-06:05:09.902] thr=1   paramiko.transport: Authentication (password) successful!
DEB [20170819-06:05:09.921] thr=2   paramiko.transport: [chan 0] Max packet in: 32768 bytes
DEB [20170819-06:05:10.005] thr=1   paramiko.transport: [chan 0] Max packet out: 32768 bytes
DEB [20170819-06:05:10.006] thr=1   paramiko.transport: Secsh channel 0 opened.
DEB [20170819-06:05:10.025] thr=1   paramiko.transport: [chan 0] Sesch channel 0 request ok
DEB [20170819-06:05:10.039] thr=1   paramiko.transport: [chan 0] EOF received (0)
DEB [20170819-06:05:18.117] thr=2   paramiko.transport: [chan 1] Max packet in: 32768 bytes
DEB [20170819-06:05:18.329] thr=1   paramiko.transport: [chan 1] Max packet out: 32768 bytes
DEB [20170819-06:05:18.330] thr=1   paramiko.transport: Secsh channel 1 opened.
DEB [20170819-06:05:18.339] thr=1   paramiko.transport: [chan 0] EOF sent (0)
DEB [20170819-06:05:18.343] thr=1   paramiko.transport: [chan 1] Sesch channel 1 request ok
DEB [20170819-06:05:18.371] thr=1   paramiko.transport: [chan 1] EOF received (1)
DEB [20170819-06:10:06.654] thr=1   paramiko.transport: starting thread (client mode): 0x760f28f0L
DEB [20170819-06:10:06.656] thr=1   paramiko.transport: Local version/idstring: SSH-2.0-paramiko_2.2.1
DEB [20170819-06:10:06.698] thr=1   paramiko.transport: Remote version/idstring: SSH-2.0-OpenSSH_6.7p1 Raspbian-5+deb8u3
INF [20170819-06:10:06.699] thr=1   paramiko.transport: Connected (version 2.0, client OpenSSH_6.7p1)
DEB [20170819-06:10:06.909] thr=1   paramiko.transport: kex algos:[u'curve25519-sha256@libssh.org', u'ecdh-sha2-nistp256', u'ecdh-sha2-nistp384', u'ecdh-sha2-nistp521', u'diffie-hellman-group-exchange-sha256', u'diffie-hellman-group14-sha1'] server key:[u'ssh-rsa', u'ssh-dss', u'ecdsa-sha2-nistp256', u'ssh-ed25519'] client encrypt:[u'aes128-ctr', u'aes192-ctr', u'aes256-ctr', u'aes128-gcm@openssh.com', u'aes256-gcm@openssh.com', u'chacha20-poly1305@openssh.com'] server encrypt:[u'aes128-ctr', u'aes192-ctr', u'aes256-ctr', u'aes128-gcm@openssh.com', u'aes256-gcm@openssh.com', u'chacha20-poly1305@openssh.com'] client mac:[u'umac-64-etm@openssh.com', u'umac-128-etm@openssh.com', u'hmac-sha2-256-etm@openssh.com', u'hmac-sha2-512-etm@openssh.com', u'hmac-sha1-etm@openssh.com', u'umac-64@openssh.com', u'umac-128@openssh.com', u'hmac-sha2-256', u'hmac-sha2-512', u'hmac-sha1'] server mac:[u'umac-64-etm@openssh.com', u'umac-128-etm@openssh.com', u'hmac-sha2-256-etm@openssh.com', u'hmac-sha2-512-etm@openssh.com', u'hmac-sha1-etm@openssh.com', u'umac-64@openssh.com', u'umac-128@openssh.com', u'hmac-sha2-256', u'hmac-sha2-512', u'hmac-sha1'] client compress:[u'none', u'zlib@openssh.com'] server compress:[u'none', u'zlib@openssh.com'] client lang:[u''] server lang:[u''] kex follows?False
DEB [20170819-06:10:06.910] thr=1   paramiko.transport: Kex agreed: ecdh-sha2-nistp256
DEB [20170819-06:10:06.910] thr=1   paramiko.transport: HostKey agreed: ssh-ed25519
DEB [20170819-06:10:06.910] thr=1   paramiko.transport: Cipher agreed: aes128-ctr
DEB [20170819-06:10:06.911] thr=1   paramiko.transport: MAC agreed: hmac-sha2-256
DEB [20170819-06:10:06.911] thr=1   paramiko.transport: Compression agreed: none
DEB [20170819-06:10:07.085] thr=1   paramiko.transport: kex engine KexNistp256 specified hash_algo <built-in function openssl_sha256>
DEB [20170819-06:10:07.087] thr=1   paramiko.transport: Switch to new keys ...
DEB [20170819-06:10:07.095] thr=2   paramiko.transport: Adding ssh-ed25519 host key for 192.168.0.214: 82c5dbde8f5ce568871a5b128faf16e7
DEB [20170819-06:10:07.298] thr=1   paramiko.transport: userauth is OK
INF [20170819-06:10:07.422] thr=1   paramiko.transport: Authentication (password) successful!
DEB [20170819-06:10:07.429] thr=2   paramiko.transport: [chan 0] Max packet in: 32768 bytes
DEB [20170819-06:10:07.548] thr=1   paramiko.transport: [chan 0] Max packet out: 32768 bytes
DEB [20170819-06:10:07.548] thr=1   paramiko.transport: Secsh channel 0 opened.
DEB [20170819-06:10:07.589] thr=1   paramiko.transport: [chan 0] Sesch channel 0 request ok
DEB [20170819-06:10:07.591] thr=1   paramiko.transport: [chan 0] EOF received (0)
DEB [20170819-06:10:19.457] thr=2   paramiko.transport: [chan 1] Max packet in: 32768 bytes
DEB [20170819-06:10:19.461] thr=1   paramiko.transport: [chan 1] Max packet out: 32768 bytes
DEB [20170819-06:10:19.462] thr=1   paramiko.transport: Secsh channel 1 opened.
DEB [20170819-06:10:19.467] thr=1   paramiko.transport: [chan 0] EOF sent (0)
DEB [20170819-06:10:19.470] thr=1   paramiko.transport: [chan 1] Sesch channel 1 request ok
DEB [20170819-06:10:19.498] thr=1   paramiko.transport: [chan 1] EOF received (1)
DEB [20170819-06:10:19.501] thr=1   paramiko.transport: [chan 1] EOF sent (1)
DEB [20170819-06:10:19.516] thr=1   paramiko.transport: EOF in transport thread
DEB [20170819-06:11:22.611] thr=1   paramiko.transport: starting thread (client mode): 0x76113910L
DEB [20170819-06:11:22.613] thr=1   paramiko.transport: Local version/idstring: SSH-2.0-paramiko_2.2.1
DEB [20170819-06:11:22.654] thr=1   paramiko.transport: Remote version/idstring: SSH-2.0-OpenSSH_6.7p1 Raspbian-5+deb8u3
INF [20170819-06:11:22.655] thr=1   paramiko.transport: Connected (version 2.0, client OpenSSH_6.7p1)
DEB [20170819-06:11:22.859] thr=1   paramiko.transport: kex algos:[u'curve25519-sha256@libssh.org', u'ecdh-sha2-nistp256', u'ecdh-sha2-nistp384', u'ecdh-sha2-nistp521', u'diffie-hellman-group-exchange-sha256', u'diffie-hellman-group14-sha1'] server key:[u'ssh-rsa', u'ssh-dss', u'ecdsa-sha2-nistp256', u'ssh-ed25519'] client encrypt:[u'aes128-ctr', u'aes192-ctr', u'aes256-ctr', u'aes128-gcm@openssh.com', u'aes256-gcm@openssh.com', u'chacha20-poly1305@openssh.com'] server encrypt:[u'aes128-ctr', u'aes192-ctr', u'aes256-ctr', u'aes128-gcm@openssh.com', u'aes256-gcm@openssh.com', u'chacha20-poly1305@openssh.com'] client mac:[u'umac-64-etm@openssh.com', u'umac-128-etm@openssh.com', u'hmac-sha2-256-etm@openssh.com', u'hmac-sha2-512-etm@openssh.com', u'hmac-sha1-etm@openssh.com', u'umac-64@openssh.com', u'umac-128@openssh.com', u'hmac-sha2-256', u'hmac-sha2-512', u'hmac-sha1'] server mac:[u'umac-64-etm@openssh.com', u'umac-128-etm@openssh.com', u'hmac-sha2-256-etm@openssh.com', u'hmac-sha2-512-etm@openssh.com', u'hmac-sha1-etm@openssh.com', u'umac-64@openssh.com', u'umac-128@openssh.com', u'hmac-sha2-256', u'hmac-sha2-512', u'hmac-sha1'] client compress:[u'none', u'zlib@openssh.com'] server compress:[u'none', u'zlib@openssh.com'] client lang:[u''] server lang:[u''] kex follows?False
DEB [20170819-06:11:22.860] thr=1   paramiko.transport: Kex agreed: ecdh-sha2-nistp256
DEB [20170819-06:11:22.860] thr=1   paramiko.transport: HostKey agreed: ssh-ed25519
DEB [20170819-06:11:22.860] thr=1   paramiko.transport: Cipher agreed: aes128-ctr
DEB [20170819-06:11:22.861] thr=1   paramiko.transport: MAC agreed: hmac-sha2-256
DEB [20170819-06:11:22.861] thr=1   paramiko.transport: Compression agreed: none
DEB [20170819-06:11:23.035] thr=1   paramiko.transport: kex engine KexNistp256 specified hash_algo <built-in function openssl_sha256>
DEB [20170819-06:11:23.037] thr=1   paramiko.transport: Switch to new keys ...
DEB [20170819-06:11:23.046] thr=2   paramiko.transport: Adding ssh-ed25519 host key for 192.168.0.214: 82c5dbde8f5ce568871a5b128faf16e7
DEB [20170819-06:11:23.069] thr=1   paramiko.transport: userauth is OK
INF [20170819-06:11:28.261] thr=1   paramiko.transport: Authentication (password) successful!
DEB [20170819-06:11:28.265] thr=2   paramiko.transport: [chan 0] Max packet in: 32768 bytes
DEB [20170819-06:11:28.367] thr=1   paramiko.transport: [chan 0] Max packet out: 32768 bytes
DEB [20170819-06:11:28.368] thr=1   paramiko.transport: Secsh channel 0 opened.
DEB [20170819-06:11:28.372] thr=1   paramiko.transport: [chan 0] Sesch channel 0 request ok
DEB [20170819-06:11:28.385] thr=1   paramiko.transport: [chan 0] EOF received (0)
DEB [20170819-06:11:40.769] thr=2   paramiko.transport: [chan 1] Max packet in: 32768 bytes
DEB [20170819-06:11:40.979] thr=1   paramiko.transport: [chan 1] Max packet out: 32768 bytes
DEB [20170819-06:11:40.980] thr=1   paramiko.transport: Secsh channel 1 opened.
DEB [20170819-06:11:40.992] thr=1   paramiko.transport: [chan 0] EOF sent (0)
DEB [20170819-06:11:40.997] thr=1   paramiko.transport: [chan 1] Sesch channel 1 request ok
DEB [20170819-06:11:41.040] thr=1   paramiko.transport: [chan 1] EOF received (1)
DEB [20170819-06:13:05.062] thr=1   paramiko.transport: starting thread (client mode): 0x761b88f0L
DEB [20170819-06:13:05.065] thr=1   paramiko.transport: Local version/idstring: SSH-2.0-paramiko_2.2.1
DEB [20170819-06:13:05.106] thr=1   paramiko.transport: Remote version/idstring: SSH-2.0-OpenSSH_6.7p1 Raspbian-5+deb8u3
INF [20170819-06:13:05.107] thr=1   paramiko.transport: Connected (version 2.0, client OpenSSH_6.7p1)
DEB [20170819-06:13:05.111] thr=1   paramiko.transport: kex algos:[u'curve25519-sha256@libssh.org', u'ecdh-sha2-nistp256', u'ecdh-sha2-nistp384', u'ecdh-sha2-nistp521', u'diffie-hellman-group-exchange-sha256', u'diffie-hellman-group14-sha1'] server key:[u'ssh-rsa', u'ssh-dss', u'ecdsa-sha2-nistp256', u'ssh-ed25519'] client encrypt:[u'aes128-ctr', u'aes192-ctr', u'aes256-ctr', u'aes128-gcm@openssh.com', u'aes256-gcm@openssh.com', u'chacha20-poly1305@openssh.com'] server encrypt:[u'aes128-ctr', u'aes192-ctr', u'aes256-ctr', u'aes128-gcm@openssh.com', u'aes256-gcm@openssh.com', u'chacha20-poly1305@openssh.com'] client mac:[u'umac-64-etm@openssh.com', u'umac-128-etm@openssh.com', u'hmac-sha2-256-etm@openssh.com', u'hmac-sha2-512-etm@openssh.com', u'hmac-sha1-etm@openssh.com', u'umac-64@openssh.com', u'umac-128@openssh.com', u'hmac-sha2-256', u'hmac-sha2-512', u'hmac-sha1'] server mac:[u'umac-64-etm@openssh.com', u'umac-128-etm@openssh.com', u'hmac-sha2-256-etm@openssh.com', u'hmac-sha2-512-etm@openssh.com', u'hmac-sha1-etm@openssh.com', u'umac-64@openssh.com', u'umac-128@openssh.com', u'hmac-sha2-256', u'hmac-sha2-512', u'hmac-sha1'] client compress:[u'none', u'zlib@openssh.com'] server compress:[u'none', u'zlib@openssh.com'] client lang:[u''] server lang:[u''] kex follows?False
DEB [20170819-06:13:05.113] thr=1   paramiko.transport: Kex agreed: ecdh-sha2-nistp256
DEB [20170819-06:13:05.113] thr=1   paramiko.transport: HostKey agreed: ssh-ed25519
DEB [20170819-06:13:05.114] thr=1   paramiko.transport: Cipher agreed: aes128-ctr
DEB [20170819-06:13:05.115] thr=1   paramiko.transport: MAC agreed: hmac-sha2-256
DEB [20170819-06:13:05.116] thr=1   paramiko.transport: Compression agreed: none
DEB [20170819-06:13:05.372] thr=1   paramiko.transport: kex engine KexNistp256 specified hash_algo <built-in function openssl_sha256>
DEB [20170819-06:13:05.374] thr=1   paramiko.transport: Switch to new keys ...
DEB [20170819-06:13:05.377] thr=2   paramiko.transport: Adding ssh-ed25519 host key for 192.168.0.214: 82c5dbde8f5ce568871a5b128faf16e7
DEB [20170819-06:13:05.588] thr=1   paramiko.transport: userauth is OK
INF [20170819-06:13:05.748] thr=1   paramiko.transport: Authentication (password) successful!
DEB [20170819-06:13:05.781] thr=2   paramiko.transport: [chan 0] Max packet in: 32768 bytes
DEB [20170819-06:13:05.844] thr=1   paramiko.transport: [chan 0] Max packet out: 32768 bytes
DEB [20170819-06:13:05.845] thr=1   paramiko.transport: Secsh channel 0 opened.
DEB [20170819-06:13:05.884] thr=1   paramiko.transport: [chan 0] Sesch channel 0 request ok
DEB [20170819-06:13:05.898] thr=1   paramiko.transport: [chan 0] EOF received (0)
DEB [20170819-06:13:17.424] thr=2   paramiko.transport: [chan 1] Max packet in: 32768 bytes
DEB [20170819-06:13:17.428] thr=1   paramiko.transport: [chan 1] Max packet out: 32768 bytes
DEB [20170819-06:13:17.429] thr=1   paramiko.transport: Secsh channel 1 opened.
DEB [20170819-06:13:17.438] thr=1   paramiko.transport: [chan 0] EOF sent (0)
DEB [20170819-06:13:17.441] thr=1   paramiko.transport: [chan 1] Sesch channel 1 request ok
DEB [20170819-06:13:17.470] thr=1   paramiko.transport: [chan 1] EOF received (1)
DEB [20170819-06:13:33.853] thr=1   paramiko.transport: starting thread (client mode): 0x76116910L
DEB [20170819-06:13:33.854] thr=1   paramiko.transport: Local version/idstring: SSH-2.0-paramiko_2.2.1
DEB [20170819-06:13:37.861] thr=2   paramiko.transport: [chan 0] Max packet in: 32768 bytes
ERR [20170819-06:13:48.883] thr=1   paramiko.transport: Exception: Error reading SSH protocol banner
ERR [20170819-06:13:48.886] thr=1   paramiko.transport: Traceback (most recent call last):
ERR [20170819-06:13:48.886] thr=1   paramiko.transport:   File "/usr/local/lib/python2.7/dist-packages/paramiko/transport.py", line 1805, in run
ERR [20170819-06:13:48.887] thr=1   paramiko.transport:     self._check_banner()
ERR [20170819-06:13:48.887] thr=1   paramiko.transport:   File "/usr/local/lib/python2.7/dist-packages/paramiko/transport.py", line 1957, in _check_banner
ERR [20170819-06:13:48.887] thr=1   paramiko.transport:     'Error reading SSH protocol banner' + str(e)
ERR [20170819-06:13:48.888] thr=1   paramiko.transport: SSHException: Error reading SSH protocol banner
ERR [20170819-06:13:48.888] thr=1   paramiko.transport: 
DEB [20170819-06:13:48.895] thr=2   paramiko.transport: Dropping user packet because connection is dead.
DEB [20170819-06:14:51.812] thr=1   paramiko.transport: starting thread (client mode): 0x76182910L
DEB [20170819-06:14:51.814] thr=1   paramiko.transport: Local version/idstring: SSH-2.0-paramiko_2.2.1
DEB [20170819-06:14:51.858] thr=1   paramiko.transport: Remote version/idstring: SSH-2.0-OpenSSH_6.7p1 Raspbian-5+deb8u3
INF [20170819-06:14:51.858] thr=1   paramiko.transport: Connected (version 2.0, client OpenSSH_6.7p1)
DEB [20170819-06:14:52.280] thr=1   paramiko.transport: kex algos:[u'curve25519-sha256@libssh.org', u'ecdh-sha2-nistp256', u'ecdh-sha2-nistp384', u'ecdh-sha2-nistp521', u'diffie-hellman-group-exchange-sha256', u'diffie-hellman-group14-sha1'] server key:[u'ssh-rsa', u'ssh-dss', u'ecdsa-sha2-nistp256', u'ssh-ed25519'] client encrypt:[u'aes128-ctr', u'aes192-ctr', u'aes256-ctr', u'aes128-gcm@openssh.com', u'aes256-gcm@openssh.com', u'chacha20-poly1305@openssh.com'] server encrypt:[u'aes128-ctr', u'aes192-ctr', u'aes256-ctr', u'aes128-gcm@openssh.com', u'aes256-gcm@openssh.com', u'chacha20-poly1305@openssh.com'] client mac:[u'umac-64-etm@openssh.com', u'umac-128-etm@openssh.com', u'hmac-sha2-256-etm@openssh.com', u'hmac-sha2-512-etm@openssh.com', u'hmac-sha1-etm@openssh.com', u'umac-64@openssh.com', u'umac-128@openssh.com', u'hmac-sha2-256', u'hmac-sha2-512', u'hmac-sha1'] server mac:[u'umac-64-etm@openssh.com', u'umac-128-etm@openssh.com', u'hmac-sha2-256-etm@openssh.com', u'hmac-sha2-512-etm@openssh.com', u'hmac-sha1-etm@openssh.com', u'umac-64@openssh.com', u'umac-128@openssh.com', u'hmac-sha2-256', u'hmac-sha2-512', u'hmac-sha1'] client compress:[u'none', u'zlib@openssh.com'] server compress:[u'none', u'zlib@openssh.com'] client lang:[u''] server lang:[u''] kex follows?False
DEB [20170819-06:14:52.281] thr=1   paramiko.transport: Kex agreed: ecdh-sha2-nistp256
DEB [20170819-06:14:52.281] thr=1   paramiko.transport: HostKey agreed: ssh-ed25519
DEB [20170819-06:14:52.282] thr=1   paramiko.transport: Cipher agreed: aes128-ctr
DEB [20170819-06:14:52.282] thr=1   paramiko.transport: MAC agreed: hmac-sha2-256
DEB [20170819-06:14:52.283] thr=1   paramiko.transport: Compression agreed: none
DEB [20170819-06:14:52.879] thr=1   paramiko.transport: kex engine KexNistp256 specified hash_algo <built-in function openssl_sha256>
DEB [20170819-06:14:52.881] thr=1   paramiko.transport: Switch to new keys ...
DEB [20170819-06:14:52.914] thr=2   paramiko.transport: Adding ssh-ed25519 host key for 192.168.0.214: 82c5dbde8f5ce568871a5b128faf16e7
DEB [20170819-06:14:52.919] thr=1   paramiko.transport: userauth is OK
INF [20170819-06:14:53.439] thr=1   paramiko.transport: Authentication (password) successful!
DEB [20170819-06:14:53.450] thr=2   paramiko.transport: [chan 0] Max packet in: 32768 bytes
DEB [20170819-06:14:53.452] thr=1   paramiko.transport: [chan 0] Max packet out: 32768 bytes
DEB [20170819-06:14:53.453] thr=1   paramiko.transport: Secsh channel 0 opened.
DEB [20170819-06:14:53.459] thr=1   paramiko.transport: [chan 0] Sesch channel 0 request ok
DEB [20170819-06:14:53.472] thr=1   paramiko.transport: [chan 0] EOF received (0)
DEB [20170819-06:15:05.481] thr=2   paramiko.transport: [chan 1] Max packet in: 32768 bytes
DEB [20170819-06:15:05.689] thr=1   paramiko.transport: [chan 1] Max packet out: 32768 bytes
DEB [20170819-06:15:05.690] thr=1   paramiko.transport: Secsh channel 1 opened.
DEB [20170819-06:15:05.729] thr=1   paramiko.transport: [chan 0] EOF sent (0)
DEB [20170819-06:15:05.733] thr=1   paramiko.transport: [chan 1] Sesch channel 1 request ok
DEB [20170819-06:15:05.737] thr=1   paramiko.transport: [chan 1] EOF received (1)
DEB [20170819-06:18:07.399] thr=1   paramiko.transport: starting thread (client mode): 0x76138930L
DEB [20170819-06:18:07.402] thr=1   paramiko.transport: Local version/idstring: SSH-2.0-paramiko_2.2.1
DEB [20170819-06:18:08.403] thr=2   paramiko.transport: [chan 0] Max packet in: 32768 bytes
DEB [20170819-06:18:10.638] thr=1   paramiko.transport: Remote version/idstring: SSH-2.0-OpenSSH_6.7p1 Raspbian-5+deb8u3
INF [20170819-06:18:10.639] thr=1   paramiko.transport: Connected (version 2.0, client OpenSSH_6.7p1)
DEB [20170819-06:18:10.643] thr=1   paramiko.transport: kex algos:[u'curve25519-sha256@libssh.org', u'ecdh-sha2-nistp256', u'ecdh-sha2-nistp384', u'ecdh-sha2-nistp521', u'diffie-hellman-group-exchange-sha256', u'diffie-hellman-group14-sha1'] server key:[u'ssh-rsa', u'ssh-dss', u'ecdsa-sha2-nistp256', u'ssh-ed25519'] client encrypt:[u'aes128-ctr', u'aes192-ctr', u'aes256-ctr', u'aes128-gcm@openssh.com', u'aes256-gcm@openssh.com', u'chacha20-poly1305@openssh.com'] server encrypt:[u'aes128-ctr', u'aes192-ctr', u'aes256-ctr', u'aes128-gcm@openssh.com', u'aes256-gcm@openssh.com', u'chacha20-poly1305@openssh.com'] client mac:[u'umac-64-etm@openssh.com', u'umac-128-etm@openssh.com', u'hmac-sha2-256-etm@openssh.com', u'hmac-sha2-512-etm@openssh.com', u'hmac-sha1-etm@openssh.com', u'umac-64@openssh.com', u'umac-128@openssh.com', u'hmac-sha2-256', u'hmac-sha2-512', u'hmac-sha1'] server mac:[u'umac-64-etm@openssh.com', u'umac-128-etm@openssh.com', u'hmac-sha2-256-etm@openssh.com', u'hmac-sha2-512-etm@openssh.com', u'hmac-sha1-etm@openssh.com', u'umac-64@openssh.com', u'umac-128@openssh.com', u'hmac-sha2-256', u'hmac-sha2-512', u'hmac-sha1'] client compress:[u'none', u'zlib@openssh.com'] server compress:[u'none', u'zlib@openssh.com'] client lang:[u''] server lang:[u''] kex follows?False
DEB [20170819-06:18:10.644] thr=1   paramiko.transport: Kex agreed: ecdh-sha2-nistp256
DEB [20170819-06:18:10.645] thr=1   paramiko.transport: HostKey agreed: ssh-ed25519
DEB [20170819-06:18:10.645] thr=1   paramiko.transport: Cipher agreed: aes128-ctr
DEB [20170819-06:18:10.646] thr=1   paramiko.transport: MAC agreed: hmac-sha2-256
DEB [20170819-06:18:10.647] thr=1   paramiko.transport: Compression agreed: none
DEB [20170819-06:18:10.879] thr=1   paramiko.transport: kex engine KexNistp256 specified hash_algo <built-in function openssl_sha256>
DEB [20170819-06:18:10.881] thr=1   paramiko.transport: Switch to new keys ...
WAR [20170819-06:18:10.919] thr=1   paramiko.transport: Oops, unhandled type 3
DEB [20170819-06:20:07.442] thr=1   paramiko.transport: EOF in transport thread
DEB [20170819-06:21:31.452] thr=1   paramiko.transport: starting thread (client mode): 0x760e2930L
DEB [20170819-06:21:31.454] thr=1   paramiko.transport: Local version/idstring: SSH-2.0-paramiko_2.2.1
DEB [20170819-06:21:31.489] thr=1   paramiko.transport: Remote version/idstring: SSH-2.0-OpenSSH_6.7p1 Raspbian-5+deb8u3
INF [20170819-06:21:31.490] thr=1   paramiko.transport: Connected (version 2.0, client OpenSSH_6.7p1)
DEB [20170819-06:21:31.909] thr=1   paramiko.transport: kex algos:[u'curve25519-sha256@libssh.org', u'ecdh-sha2-nistp256', u'ecdh-sha2-nistp384', u'ecdh-sha2-nistp521', u'diffie-hellman-group-exchange-sha256', u'diffie-hellman-group14-sha1'] server key:[u'ssh-rsa', u'ssh-dss', u'ecdsa-sha2-nistp256', u'ssh-ed25519'] client encrypt:[u'aes128-ctr', u'aes192-ctr', u'aes256-ctr', u'aes128-gcm@openssh.com', u'aes256-gcm@openssh.com', u'chacha20-poly1305@openssh.com'] server encrypt:[u'aes128-ctr', u'aes192-ctr', u'aes256-ctr', u'aes128-gcm@openssh.com', u'aes256-gcm@openssh.com', u'chacha20-poly1305@openssh.com'] client mac:[u'umac-64-etm@openssh.com', u'umac-128-etm@openssh.com', u'hmac-sha2-256-etm@openssh.com', u'hmac-sha2-512-etm@openssh.com', u'hmac-sha1-etm@openssh.com', u'umac-64@openssh.com', u'umac-128@openssh.com', u'hmac-sha2-256', u'hmac-sha2-512', u'hmac-sha1'] server mac:[u'umac-64-etm@openssh.com', u'umac-128-etm@openssh.com', u'hmac-sha2-256-etm@openssh.com', u'hmac-sha2-512-etm@openssh.com', u'hmac-sha1-etm@openssh.com', u'umac-64@openssh.com', u'umac-128@openssh.com', u'hmac-sha2-256', u'hmac-sha2-512', u'hmac-sha1'] client compress:[u'none', u'zlib@openssh.com'] server compress:[u'none', u'zlib@openssh.com'] client lang:[u''] server lang:[u''] kex follows?False
DEB [20170819-06:21:31.909] thr=1   paramiko.transport: Kex agreed: ecdh-sha2-nistp256
DEB [20170819-06:21:31.910] thr=1   paramiko.transport: HostKey agreed: ssh-ed25519
DEB [20170819-06:21:31.910] thr=1   paramiko.transport: Cipher agreed: aes128-ctr
DEB [20170819-06:21:31.910] thr=1   paramiko.transport: MAC agreed: hmac-sha2-256
DEB [20170819-06:21:31.911] thr=1   paramiko.transport: Compression agreed: none
DEB [20170819-06:21:32.071] thr=1   paramiko.transport: kex engine KexNistp256 specified hash_algo <built-in function openssl_sha256>
DEB [20170819-06:21:32.073] thr=1   paramiko.transport: Switch to new keys ...
DEB [20170819-06:21:32.098] thr=2   paramiko.transport: Adding ssh-ed25519 host key for 192.168.0.214: 82c5dbde8f5ce568871a5b128faf16e7
DEB [20170819-06:21:32.109] thr=1   paramiko.transport: userauth is OK
INF [20170819-06:21:32.213] thr=1   paramiko.transport: Authentication (password) successful!
DEB [20170819-06:21:32.232] thr=2   paramiko.transport: [chan 0] Max packet in: 32768 bytes
DEB [20170819-06:21:32.305] thr=1   paramiko.transport: [chan 0] Max packet out: 32768 bytes
DEB [20170819-06:21:32.364] thr=1   paramiko.transport: Secsh channel 0 opened.
DEB [20170819-06:21:32.369] thr=1   paramiko.transport: [chan 0] Sesch channel 0 request ok
DEB [20170819-06:21:32.389] thr=1   paramiko.transport: [chan 0] EOF received (0)
DEB [20170819-06:21:43.621] thr=1   paramiko.transport: EOF in transport thread
DEB [20170819-06:22:12.389] thr=1   paramiko.transport: starting thread (client mode): 0x7617a930L
DEB [20170819-06:22:12.391] thr=1   paramiko.transport: Local version/idstring: SSH-2.0-paramiko_2.2.1
DEB [20170819-06:22:12.432] thr=1   paramiko.transport: Remote version/idstring: SSH-2.0-OpenSSH_6.7p1 Raspbian-5+deb8u3
INF [20170819-06:22:12.433] thr=1   paramiko.transport: Connected (version 2.0, client OpenSSH_6.7p1)
DEB [20170819-06:22:13.270] thr=1   paramiko.transport: kex algos:[u'curve25519-sha256@libssh.org', u'ecdh-sha2-nistp256', u'ecdh-sha2-nistp384', u'ecdh-sha2-nistp521', u'diffie-hellman-group-exchange-sha256', u'diffie-hellman-group14-sha1'] server key:[u'ssh-rsa', u'ssh-dss', u'ecdsa-sha2-nistp256', u'ssh-ed25519'] client encrypt:[u'aes128-ctr', u'aes192-ctr', u'aes256-ctr', u'aes128-gcm@openssh.com', u'aes256-gcm@openssh.com', u'chacha20-poly1305@openssh.com'] server encrypt:[u'aes128-ctr', u'aes192-ctr', u'aes256-ctr', u'aes128-gcm@openssh.com', u'aes256-gcm@openssh.com', u'chacha20-poly1305@openssh.com'] client mac:[u'umac-64-etm@openssh.com', u'umac-128-etm@openssh.com', u'hmac-sha2-256-etm@openssh.com', u'hmac-sha2-512-etm@openssh.com', u'hmac-sha1-etm@openssh.com', u'umac-64@openssh.com', u'umac-128@openssh.com', u'hmac-sha2-256', u'hmac-sha2-512', u'hmac-sha1'] server mac:[u'umac-64-etm@openssh.com', u'umac-128-etm@openssh.com', u'hmac-sha2-256-etm@openssh.com', u'hmac-sha2-512-etm@openssh.com', u'hmac-sha1-etm@openssh.com', u'umac-64@openssh.com', u'umac-128@openssh.com', u'hmac-sha2-256', u'hmac-sha2-512', u'hmac-sha1'] client compress:[u'none', u'zlib@openssh.com'] server compress:[u'none', u'zlib@openssh.com'] client lang:[u''] server lang:[u''] kex follows?False
DEB [20170819-06:22:13.271] thr=1   paramiko.transport: Kex agreed: ecdh-sha2-nistp256
DEB [20170819-06:22:13.271] thr=1   paramiko.transport: HostKey agreed: ssh-ed25519
DEB [20170819-06:22:13.272] thr=1   paramiko.transport: Cipher agreed: aes128-ctr
DEB [20170819-06:22:13.272] thr=1   paramiko.transport: MAC agreed: hmac-sha2-256
DEB [20170819-06:22:13.273] thr=1   paramiko.transport: Compression agreed: none
DEB [20170819-06:22:15.202] thr=1   paramiko.transport: kex engine KexNistp256 specified hash_algo <built-in function openssl_sha256>
DEB [20170819-06:22:15.206] thr=1   paramiko.transport: Switch to new keys ...
DEB [20170819-06:22:21.422] thr=1   paramiko.transport: EOF in transport thread
DEB [20170819-06:23:06.859] thr=1   paramiko.transport: starting thread (client mode): 0x76149930L
DEB [20170819-06:23:06.861] thr=1   paramiko.transport: Local version/idstring: SSH-2.0-paramiko_2.2.1
DEB [20170819-06:23:06.905] thr=1   paramiko.transport: Remote version/idstring: SSH-2.0-OpenSSH_6.7p1 Raspbian-5+deb8u3
INF [20170819-06:23:06.906] thr=1   paramiko.transport: Connected (version 2.0, client OpenSSH_6.7p1)
DEB [20170819-06:23:18.832] thr=1   paramiko.transport: EOF in transport thread
DEB [20170819-06:24:03.199] thr=1   paramiko.transport: starting thread (client mode): 0x76118930L
DEB [20170819-06:24:03.201] thr=1   paramiko.transport: Local version/idstring: SSH-2.0-paramiko_2.2.1
DEB [20170819-06:24:03.242] thr=1   paramiko.transport: Remote version/idstring: SSH-2.0-OpenSSH_6.7p1 Raspbian-5+deb8u3
INF [20170819-06:24:03.243] thr=1   paramiko.transport: Connected (version 2.0, client OpenSSH_6.7p1)
DEB [20170819-06:24:03.248] thr=1   paramiko.transport: kex algos:[u'curve25519-sha256@libssh.org', u'ecdh-sha2-nistp256', u'ecdh-sha2-nistp384', u'ecdh-sha2-nistp521', u'diffie-hellman-group-exchange-sha256', u'diffie-hellman-group14-sha1'] server key:[u'ssh-rsa', u'ssh-dss', u'ecdsa-sha2-nistp256', u'ssh-ed25519'] client encrypt:[u'aes128-ctr', u'aes192-ctr', u'aes256-ctr', u'aes128-gcm@openssh.com', u'aes256-gcm@openssh.com', u'chacha20-poly1305@openssh.com'] server encrypt:[u'aes128-ctr', u'aes192-ctr', u'aes256-ctr', u'aes128-gcm@openssh.com', u'aes256-gcm@openssh.com', u'chacha20-poly1305@openssh.com'] client mac:[u'umac-64-etm@openssh.com', u'umac-128-etm@openssh.com', u'hmac-sha2-256-etm@openssh.com', u'hmac-sha2-512-etm@openssh.com', u'hmac-sha1-etm@openssh.com', u'umac-64@openssh.com', u'umac-128@openssh.com', u'hmac-sha2-256', u'hmac-sha2-512', u'hmac-sha1'] server mac:[u'umac-64-etm@openssh.com', u'umac-128-etm@openssh.com', u'hmac-sha2-256-etm@openssh.com', u'hmac-sha2-512-etm@openssh.com', u'hmac-sha1-etm@openssh.com', u'umac-64@openssh.com', u'umac-128@openssh.com', u'hmac-sha2-256', u'hmac-sha2-512', u'hmac-sha1'] client compress:[u'none', u'zlib@openssh.com'] server compress:[u'none', u'zlib@openssh.com'] client lang:[u''] server lang:[u''] kex follows?False
DEB [20170819-06:24:03.249] thr=1   paramiko.transport: Kex agreed: ecdh-sha2-nistp256
DEB [20170819-06:24:03.250] thr=1   paramiko.transport: HostKey agreed: ssh-ed25519
DEB [20170819-06:24:03.250] thr=1   paramiko.transport: Cipher agreed: aes128-ctr
DEB [20170819-06:24:03.251] thr=1   paramiko.transport: MAC agreed: hmac-sha2-256
DEB [20170819-06:24:03.252] thr=1   paramiko.transport: Compression agreed: none
DEB [20170819-06:24:03.869] thr=1   paramiko.transport: kex engine KexNistp256 specified hash_algo <built-in function openssl_sha256>
DEB [20170819-06:24:03.871] thr=1   paramiko.transport: Switch to new keys ...
DEB [20170819-06:24:03.889] thr=2   paramiko.transport: Adding ssh-ed25519 host key for 192.168.0.214: 82c5dbde8f5ce568871a5b128faf16e7
DEB [20170819-06:24:03.909] thr=1   paramiko.transport: userauth is OK
INF [20170819-06:24:04.057] thr=1   paramiko.transport: Authentication (password) successful!
DEB [20170819-06:24:04.092] thr=2   paramiko.transport: [chan 0] Max packet in: 32768 bytes
DEB [20170819-06:24:04.379] thr=1   paramiko.transport: [chan 0] Max packet out: 32768 bytes
DEB [20170819-06:24:04.379] thr=1   paramiko.transport: Secsh channel 0 opened.
DEB [20170819-06:24:04.398] thr=1   paramiko.transport: [chan 0] Sesch channel 0 request ok
DEB [20170819-06:24:04.411] thr=1   paramiko.transport: [chan 0] EOF received (0)
DEB [20170819-06:24:17.040] thr=1   paramiko.transport: EOF in transport thread
DEB [20170819-06:24:29.161] thr=1   paramiko.transport: starting thread (client mode): 0x76124a90L
DEB [20170819-06:24:29.164] thr=1   paramiko.transport: Local version/idstring: SSH-2.0-paramiko_2.2.1
DEB [20170819-06:24:29.204] thr=1   paramiko.transport: Remote version/idstring: SSH-2.0-OpenSSH_6.7p1 Raspbian-5+deb8u3
INF [20170819-06:24:29.205] thr=1   paramiko.transport: Connected (version 2.0, client OpenSSH_6.7p1)
DEB [20170819-06:24:29.210] thr=1   paramiko.transport: kex algos:[u'curve25519-sha256@libssh.org', u'ecdh-sha2-nistp256', u'ecdh-sha2-nistp384', u'ecdh-sha2-nistp521', u'diffie-hellman-group-exchange-sha256', u'diffie-hellman-group14-sha1'] server key:[u'ssh-rsa', u'ssh-dss', u'ecdsa-sha2-nistp256', u'ssh-ed25519'] client encrypt:[u'aes128-ctr', u'aes192-ctr', u'aes256-ctr', u'aes128-gcm@openssh.com', u'aes256-gcm@openssh.com', u'chacha20-poly1305@openssh.com'] server encrypt:[u'aes128-ctr', u'aes192-ctr', u'aes256-ctr', u'aes128-gcm@openssh.com', u'aes256-gcm@openssh.com', u'chacha20-poly1305@openssh.com'] client mac:[u'umac-64-etm@openssh.com', u'umac-128-etm@openssh.com', u'hmac-sha2-256-etm@openssh.com', u'hmac-sha2-512-etm@openssh.com', u'hmac-sha1-etm@openssh.com', u'umac-64@openssh.com', u'umac-128@openssh.com', u'hmac-sha2-256', u'hmac-sha2-512', u'hmac-sha1'] server mac:[u'umac-64-etm@openssh.com', u'umac-128-etm@openssh.com', u'hmac-sha2-256-etm@openssh.com', u'hmac-sha2-512-etm@openssh.com', u'hmac-sha1-etm@openssh.com', u'umac-64@openssh.com', u'umac-128@openssh.com', u'hmac-sha2-256', u'hmac-sha2-512', u'hmac-sha1'] client compress:[u'none', u'zlib@openssh.com'] server compress:[u'none', u'zlib@openssh.com'] client lang:[u''] server lang:[u''] kex follows?False
DEB [20170819-06:24:29.211] thr=1   paramiko.transport: Kex agreed: ecdh-sha2-nistp256
DEB [20170819-06:24:29.212] thr=1   paramiko.transport: HostKey agreed: ssh-ed25519
DEB [20170819-06:24:29.213] thr=1   paramiko.transport: Cipher agreed: aes128-ctr
DEB [20170819-06:24:29.213] thr=1   paramiko.transport: MAC agreed: hmac-sha2-256
DEB [20170819-06:24:29.214] thr=1   paramiko.transport: Compression agreed: none
DEB [20170819-06:24:29.619] thr=1   paramiko.transport: kex engine KexNistp256 specified hash_algo <built-in function openssl_sha256>
DEB [20170819-06:24:29.621] thr=1   paramiko.transport: Switch to new keys ...
DEB [20170819-06:24:29.650] thr=2   paramiko.transport: Adding ssh-ed25519 host key for 192.168.0.214: 82c5dbde8f5ce568871a5b128faf16e7
DEB [20170819-06:24:29.659] thr=1   paramiko.transport: userauth is OK
INF [20170819-06:24:29.832] thr=1   paramiko.transport: Authentication (password) successful!
DEB [20170819-06:24:29.853] thr=2   paramiko.transport: [chan 0] Max packet in: 32768 bytes
DEB [20170819-06:24:29.934] thr=1   paramiko.transport: [chan 0] Max packet out: 32768 bytes
DEB [20170819-06:24:29.935] thr=1   paramiko.transport: Secsh channel 0 opened.
DEB [20170819-06:24:29.956] thr=1   paramiko.transport: [chan 0] Sesch channel 0 request ok
DEB [20170819-06:24:29.970] thr=1   paramiko.transport: [chan 0] EOF received (0)
DEB [20170819-06:24:38.690] thr=1   paramiko.transport: EOF in transport thread
DEB [20170819-06:26:28.342] thr=1   paramiko.transport: starting thread (client mode): 0x760e3930L
DEB [20170819-06:26:28.344] thr=1   paramiko.transport: Local version/idstring: SSH-2.0-paramiko_2.2.1
DEB [20170819-06:26:28.401] thr=1   paramiko.transport: Remote version/idstring: SSH-2.0-OpenSSH_6.7p1 Raspbian-5+deb8u3
INF [20170819-06:26:28.403] thr=1   paramiko.transport: Connected (version 2.0, client OpenSSH_6.7p1)
DEB [20170819-06:26:28.819] thr=1   paramiko.transport: kex algos:[u'curve25519-sha256@libssh.org', u'ecdh-sha2-nistp256', u'ecdh-sha2-nistp384', u'ecdh-sha2-nistp521', u'diffie-hellman-group-exchange-sha256', u'diffie-hellman-group14-sha1'] server key:[u'ssh-rsa', u'ssh-dss', u'ecdsa-sha2-nistp256', u'ssh-ed25519'] client encrypt:[u'aes128-ctr', u'aes192-ctr', u'aes256-ctr', u'aes128-gcm@openssh.com', u'aes256-gcm@openssh.com', u'chacha20-poly1305@openssh.com'] server encrypt:[u'aes128-ctr', u'aes192-ctr', u'aes256-ctr', u'aes128-gcm@openssh.com', u'aes256-gcm@openssh.com', u'chacha20-poly1305@openssh.com'] client mac:[u'umac-64-etm@openssh.com', u'umac-128-etm@openssh.com', u'hmac-sha2-256-etm@openssh.com', u'hmac-sha2-512-etm@openssh.com', u'hmac-sha1-etm@openssh.com', u'umac-64@openssh.com', u'umac-128@openssh.com', u'hmac-sha2-256', u'hmac-sha2-512', u'hmac-sha1'] server mac:[u'umac-64-etm@openssh.com', u'umac-128-etm@openssh.com', u'hmac-sha2-256-etm@openssh.com', u'hmac-sha2-512-etm@openssh.com', u'hmac-sha1-etm@openssh.com', u'umac-64@openssh.com', u'umac-128@openssh.com', u'hmac-sha2-256', u'hmac-sha2-512', u'hmac-sha1'] client compress:[u'none', u'zlib@openssh.com'] server compress:[u'none', u'zlib@openssh.com'] client lang:[u''] server lang:[u''] kex follows?False
DEB [20170819-06:26:28.819] thr=1   paramiko.transport: Kex agreed: ecdh-sha2-nistp256
DEB [20170819-06:26:28.820] thr=1   paramiko.transport: HostKey agreed: ssh-ed25519
DEB [20170819-06:26:28.820] thr=1   paramiko.transport: Cipher agreed: aes128-ctr
DEB [20170819-06:26:28.820] thr=1   paramiko.transport: MAC agreed: hmac-sha2-256
DEB [20170819-06:26:28.821] thr=1   paramiko.transport: Compression agreed: none
DEB [20170819-06:26:29.419] thr=1   paramiko.transport: kex engine KexNistp256 specified hash_algo <built-in function openssl_sha256>
DEB [20170819-06:26:29.423] thr=1   paramiko.transport: Switch to new keys ...
DEB [20170819-06:26:29.426] thr=2   paramiko.transport: Adding ssh-ed25519 host key for 192.168.0.214: 82c5dbde8f5ce568871a5b128faf16e7
DEB [20170819-06:26:29.459] thr=1   paramiko.transport: userauth is OK
INF [20170819-06:26:35.648] thr=1   paramiko.transport: Authentication (password) successful!
DEB [20170819-06:26:35.651] thr=2   paramiko.transport: [chan 0] Max packet in: 32768 bytes
DEB [20170819-06:26:35.776] thr=1   paramiko.transport: [chan 0] Max packet out: 32768 bytes
DEB [20170819-06:26:35.777] thr=1   paramiko.transport: Secsh channel 0 opened.
DEB [20170819-06:26:35.789] thr=1   paramiko.transport: [chan 0] Sesch channel 0 request ok
DEB [20170819-06:26:35.808] thr=1   paramiko.transport: [chan 0] EOF received (0)
DEB [20170819-06:26:35.910] thr=1   paramiko.transport: EOF in transport thread
DEB [20170819-06:27:41.119] thr=1   paramiko.transport: starting thread (client mode): 0x76139930L
DEB [20170819-06:27:41.121] thr=1   paramiko.transport: Local version/idstring: SSH-2.0-paramiko_2.2.1
DEB [20170819-06:27:41.162] thr=1   paramiko.transport: Remote version/idstring: SSH-2.0-OpenSSH_6.7p1 Raspbian-5+deb8u3
INF [20170819-06:27:41.163] thr=1   paramiko.transport: Connected (version 2.0, client OpenSSH_6.7p1)
DEB [20170819-06:27:41.369] thr=1   paramiko.transport: kex algos:[u'curve25519-sha256@libssh.org', u'ecdh-sha2-nistp256', u'ecdh-sha2-nistp384', u'ecdh-sha2-nistp521', u'diffie-hellman-group-exchange-sha256', u'diffie-hellman-group14-sha1'] server key:[u'ssh-rsa', u'ssh-dss', u'ecdsa-sha2-nistp256', u'ssh-ed25519'] client encrypt:[u'aes128-ctr', u'aes192-ctr', u'aes256-ctr', u'aes128-gcm@openssh.com', u'aes256-gcm@openssh.com', u'chacha20-poly1305@openssh.com'] server encrypt:[u'aes128-ctr', u'aes192-ctr', u'aes256-ctr', u'aes128-gcm@openssh.com', u'aes256-gcm@openssh.com', u'chacha20-poly1305@openssh.com'] client mac:[u'umac-64-etm@openssh.com', u'umac-128-etm@openssh.com', u'hmac-sha2-256-etm@openssh.com', u'hmac-sha2-512-etm@openssh.com', u'hmac-sha1-etm@openssh.com', u'umac-64@openssh.com', u'umac-128@openssh.com', u'hmac-sha2-256', u'hmac-sha2-512', u'hmac-sha1'] server mac:[u'umac-64-etm@openssh.com', u'umac-128-etm@openssh.com', u'hmac-sha2-256-etm@openssh.com', u'hmac-sha2-512-etm@openssh.com', u'hmac-sha1-etm@openssh.com', u'umac-64@openssh.com', u'umac-128@openssh.com', u'hmac-sha2-256', u'hmac-sha2-512', u'hmac-sha1'] client compress:[u'none', u'zlib@openssh.com'] server compress:[u'none', u'zlib@openssh.com'] client lang:[u''] server lang:[u''] kex follows?False
DEB [20170819-06:27:41.369] thr=1   paramiko.transport: Kex agreed: ecdh-sha2-nistp256
DEB [20170819-06:27:41.370] thr=1   paramiko.transport: HostKey agreed: ssh-ed25519
DEB [20170819-06:27:41.370] thr=1   paramiko.transport: Cipher agreed: aes128-ctr
DEB [20170819-06:27:41.370] thr=1   paramiko.transport: MAC agreed: hmac-sha2-256
DEB [20170819-06:27:41.371] thr=1   paramiko.transport: Compression agreed: none
DEB [20170819-06:27:41.969] thr=1   paramiko.transport: kex engine KexNistp256 specified hash_algo <built-in function openssl_sha256>
DEB [20170819-06:27:41.972] thr=1   paramiko.transport: Switch to new keys ...
DEB [20170819-06:27:41.977] thr=2   paramiko.transport: Adding ssh-ed25519 host key for 192.168.0.214: 82c5dbde8f5ce568871a5b128faf16e7
DEB [20170819-06:27:42.009] thr=1   paramiko.transport: userauth is OK
INF [20170819-06:27:42.158] thr=1   paramiko.transport: Authentication (password) successful!
DEB [20170819-06:27:42.182] thr=2   paramiko.transport: [chan 0] Max packet in: 32768 bytes
DEB [20170819-06:27:42.459] thr=1   paramiko.transport: [chan 0] Max packet out: 32768 bytes
DEB [20170819-06:27:42.459] thr=1   paramiko.transport: Secsh channel 0 opened.
DEB [20170819-06:27:42.689] thr=1   paramiko.transport: [chan 0] Sesch channel 0 request ok
DEB [20170819-06:27:42.691] thr=1   paramiko.transport: [chan 0] EOF received (0)
DEB [20170819-06:27:58.123] thr=1   paramiko.transport: EOF in transport thread
DEB [20170819-06:28:35.273] thr=1   paramiko.transport: starting thread (client mode): 0x761a4930L
DEB [20170819-06:28:35.276] thr=1   paramiko.transport: Local version/idstring: SSH-2.0-paramiko_2.2.1
DEB [20170819-06:28:35.317] thr=1   paramiko.transport: Remote version/idstring: SSH-2.0-OpenSSH_6.7p1 Raspbian-5+deb8u3
INF [20170819-06:28:35.319] thr=1   paramiko.transport: Connected (version 2.0, client OpenSSH_6.7p1)
DEB [20170819-06:28:35.739] thr=1   paramiko.transport: kex algos:[u'curve25519-sha256@libssh.org', u'ecdh-sha2-nistp256', u'ecdh-sha2-nistp384', u'ecdh-sha2-nistp521', u'diffie-hellman-group-exchange-sha256', u'diffie-hellman-group14-sha1'] server key:[u'ssh-rsa', u'ssh-dss', u'ecdsa-sha2-nistp256', u'ssh-ed25519'] client encrypt:[u'aes128-ctr', u'aes192-ctr', u'aes256-ctr', u'aes128-gcm@openssh.com', u'aes256-gcm@openssh.com', u'chacha20-poly1305@openssh.com'] server encrypt:[u'aes128-ctr', u'aes192-ctr', u'aes256-ctr', u'aes128-gcm@openssh.com', u'aes256-gcm@openssh.com', u'chacha20-poly1305@openssh.com'] client mac:[u'umac-64-etm@openssh.com', u'umac-128-etm@openssh.com', u'hmac-sha2-256-etm@openssh.com', u'hmac-sha2-512-etm@openssh.com', u'hmac-sha1-etm@openssh.com', u'umac-64@openssh.com', u'umac-128@openssh.com', u'hmac-sha2-256', u'hmac-sha2-512', u'hmac-sha1'] server mac:[u'umac-64-etm@openssh.com', u'umac-128-etm@openssh.com', u'hmac-sha2-256-etm@openssh.com', u'hmac-sha2-512-etm@openssh.com', u'hmac-sha1-etm@openssh.com', u'umac-64@openssh.com', u'umac-128@openssh.com', u'hmac-sha2-256', u'hmac-sha2-512', u'hmac-sha1'] client compress:[u'none', u'zlib@openssh.com'] server compress:[u'none', u'zlib@openssh.com'] client lang:[u''] server lang:[u''] kex follows?False
DEB [20170819-06:28:35.739] thr=1   paramiko.transport: Kex agreed: ecdh-sha2-nistp256
DEB [20170819-06:28:35.740] thr=1   paramiko.transport: HostKey agreed: ssh-ed25519
DEB [20170819-06:28:35.740] thr=1   paramiko.transport: Cipher agreed: aes128-ctr
DEB [20170819-06:28:35.740] thr=1   paramiko.transport: MAC agreed: hmac-sha2-256
DEB [20170819-06:28:35.741] thr=1   paramiko.transport: Compression agreed: none
DEB [20170819-06:28:36.350] thr=1   paramiko.transport: kex engine KexNistp256 specified hash_algo <built-in function openssl_sha256>
DEB [20170819-06:28:36.353] thr=1   paramiko.transport: Switch to new keys ...
DEB [20170819-06:28:36.364] thr=2   paramiko.transport: Adding ssh-ed25519 host key for 192.168.0.214: 82c5dbde8f5ce568871a5b128faf16e7
DEB [20170819-06:28:36.368] thr=1   paramiko.transport: userauth is OK
INF [20170819-06:28:36.541] thr=1   paramiko.transport: Authentication (password) successful!
DEB [20170819-06:28:36.569] thr=2   paramiko.transport: [chan 0] Max packet in: 32768 bytes
DEB [20170819-06:28:36.650] thr=1   paramiko.transport: [chan 0] Max packet out: 32768 bytes
DEB [20170819-06:28:36.651] thr=1   paramiko.transport: Secsh channel 0 opened.
DEB [20170819-06:28:36.674] thr=1   paramiko.transport: [chan 0] Sesch channel 0 request ok
DEB [20170819-06:28:36.688] thr=1   paramiko.transport: [chan 0] EOF received (0)
DEB [20170819-06:28:44.415] thr=1   paramiko.transport: EOF in transport thread
DEB [20170819-06:32:43.405] thr=1   paramiko.transport: starting thread (client mode): 0x76136930L
DEB [20170819-06:32:43.407] thr=1   paramiko.transport: Local version/idstring: SSH-2.0-paramiko_2.2.1
DEB [20170819-06:32:43.449] thr=1   paramiko.transport: Remote version/idstring: SSH-2.0-OpenSSH_6.7p1 Raspbian-5+deb8u3
INF [20170819-06:32:43.450] thr=1   paramiko.transport: Connected (version 2.0, client OpenSSH_6.7p1)
DEB [20170819-06:32:43.869] thr=1   paramiko.transport: kex algos:[u'curve25519-sha256@libssh.org', u'ecdh-sha2-nistp256', u'ecdh-sha2-nistp384', u'ecdh-sha2-nistp521', u'diffie-hellman-group-exchange-sha256', u'diffie-hellman-group14-sha1'] server key:[u'ssh-rsa', u'ssh-dss', u'ecdsa-sha2-nistp256', u'ssh-ed25519'] client encrypt:[u'aes128-ctr', u'aes192-ctr', u'aes256-ctr', u'aes128-gcm@openssh.com', u'aes256-gcm@openssh.com', u'chacha20-poly1305@openssh.com'] server encrypt:[u'aes128-ctr', u'aes192-ctr', u'aes256-ctr', u'aes128-gcm@openssh.com', u'aes256-gcm@openssh.com', u'chacha20-poly1305@openssh.com'] client mac:[u'umac-64-etm@openssh.com', u'umac-128-etm@openssh.com', u'hmac-sha2-256-etm@openssh.com', u'hmac-sha2-512-etm@openssh.com', u'hmac-sha1-etm@openssh.com', u'umac-64@openssh.com', u'umac-128@openssh.com', u'hmac-sha2-256', u'hmac-sha2-512', u'hmac-sha1'] server mac:[u'umac-64-etm@openssh.com', u'umac-128-etm@openssh.com', u'hmac-sha2-256-etm@openssh.com', u'hmac-sha2-512-etm@openssh.com', u'hmac-sha1-etm@openssh.com', u'umac-64@openssh.com', u'umac-128@openssh.com', u'hmac-sha2-256', u'hmac-sha2-512', u'hmac-sha1'] client compress:[u'none', u'zlib@openssh.com'] server compress:[u'none', u'zlib@openssh.com'] client lang:[u''] server lang:[u''] kex follows?False
DEB [20170819-06:32:43.869] thr=1   paramiko.transport: Kex agreed: ecdh-sha2-nistp256
DEB [20170819-06:32:43.870] thr=1   paramiko.transport: HostKey agreed: ssh-ed25519
DEB [20170819-06:32:43.870] thr=1   paramiko.transport: Cipher agreed: aes128-ctr
DEB [20170819-06:32:43.870] thr=1   paramiko.transport: MAC agreed: hmac-sha2-256
DEB [20170819-06:32:43.871] thr=1   paramiko.transport: Compression agreed: none
DEB [20170819-06:32:44.045] thr=1   paramiko.transport: kex engine KexNistp256 specified hash_algo <built-in function openssl_sha256>
DEB [20170819-06:32:44.047] thr=1   paramiko.transport: Switch to new keys ...
DEB [20170819-06:32:44.055] thr=2   paramiko.transport: Adding ssh-ed25519 host key for 192.168.0.214: 82c5dbde8f5ce568871a5b128faf16e7
DEB [20170819-06:32:44.079] thr=1   paramiko.transport: userauth is OK
INF [20170819-06:32:44.244] thr=1   paramiko.transport: Authentication (password) successful!
DEB [20170819-06:32:44.259] thr=2   paramiko.transport: [chan 0] Max packet in: 32768 bytes
DEB [20170819-06:32:44.355] thr=1   paramiko.transport: [chan 0] Max packet out: 32768 bytes
DEB [20170819-06:32:44.355] thr=1   paramiko.transport: Secsh channel 0 opened.
DEB [20170819-06:32:44.364] thr=1   paramiko.transport: [chan 0] Sesch channel 0 request ok
DEB [20170819-06:32:44.379] thr=1   paramiko.transport: [chan 0] EOF received (0)
DEB [20170819-06:32:57.706] thr=1   paramiko.transport: EOF in transport thread
DEB [20170819-06:33:08.345] thr=1   paramiko.transport: starting thread (client mode): 0x760ee930L
DEB [20170819-06:33:08.347] thr=1   paramiko.transport: Local version/idstring: SSH-2.0-paramiko_2.2.1
DEB [20170819-06:33:08.608] thr=1   paramiko.transport: Remote version/idstring: SSH-2.0-OpenSSH_6.7p1 Raspbian-5+deb8u3
INF [20170819-06:33:08.608] thr=1   paramiko.transport: Connected (version 2.0, client OpenSSH_6.7p1)
DEB [20170819-06:33:08.611] thr=1   paramiko.transport: kex algos:[u'curve25519-sha256@libssh.org', u'ecdh-sha2-nistp256', u'ecdh-sha2-nistp384', u'ecdh-sha2-nistp521', u'diffie-hellman-group-exchange-sha256', u'diffie-hellman-group14-sha1'] server key:[u'ssh-rsa', u'ssh-dss', u'ecdsa-sha2-nistp256', u'ssh-ed25519'] client encrypt:[u'aes128-ctr', u'aes192-ctr', u'aes256-ctr', u'aes128-gcm@openssh.com', u'aes256-gcm@openssh.com', u'chacha20-poly1305@openssh.com'] server encrypt:[u'aes128-ctr', u'aes192-ctr', u'aes256-ctr', u'aes128-gcm@openssh.com', u'aes256-gcm@openssh.com', u'chacha20-poly1305@openssh.com'] client mac:[u'umac-64-etm@openssh.com', u'umac-128-etm@openssh.com', u'hmac-sha2-256-etm@openssh.com', u'hmac-sha2-512-etm@openssh.com', u'hmac-sha1-etm@openssh.com', u'umac-64@openssh.com', u'umac-128@openssh.com', u'hmac-sha2-256', u'hmac-sha2-512', u'hmac-sha1'] server mac:[u'umac-64-etm@openssh.com', u'umac-128-etm@openssh.com', u'hmac-sha2-256-etm@openssh.com', u'hmac-sha2-512-etm@openssh.com', u'hmac-sha1-etm@openssh.com', u'umac-64@openssh.com', u'umac-128@openssh.com', u'hmac-sha2-256', u'hmac-sha2-512', u'hmac-sha1'] client compress:[u'none', u'zlib@openssh.com'] server compress:[u'none', u'zlib@openssh.com'] client lang:[u''] server lang:[u''] kex follows?False
DEB [20170819-06:33:08.612] thr=1   paramiko.transport: Kex agreed: ecdh-sha2-nistp256
DEB [20170819-06:33:08.613] thr=1   paramiko.transport: HostKey agreed: ssh-ed25519
DEB [20170819-06:33:08.613] thr=1   paramiko.transport: Cipher agreed: aes128-ctr
DEB [20170819-06:33:08.613] thr=1   paramiko.transport: MAC agreed: hmac-sha2-256
DEB [20170819-06:33:08.614] thr=1   paramiko.transport: Compression agreed: none
DEB [20170819-06:33:08.793] thr=1   paramiko.transport: kex engine KexNistp256 specified hash_algo <built-in function openssl_sha256>
DEB [20170819-06:33:08.795] thr=1   paramiko.transport: Switch to new keys ...
DEB [20170819-06:33:08.803] thr=2   paramiko.transport: Adding ssh-ed25519 host key for 192.168.0.214: 82c5dbde8f5ce568871a5b128faf16e7
DEB [20170819-06:33:09.249] thr=1   paramiko.transport: userauth is OK
INF [20170819-06:33:09.378] thr=1   paramiko.transport: Authentication (password) successful!
DEB [20170819-06:33:09.407] thr=2   paramiko.transport: [chan 0] Max packet in: 32768 bytes
DEB [20170819-06:33:09.698] thr=1   paramiko.transport: [chan 0] Max packet out: 32768 bytes
DEB [20170819-06:33:09.699] thr=1   paramiko.transport: Secsh channel 0 opened.
DEB [20170819-06:33:09.712] thr=1   paramiko.transport: [chan 0] Sesch channel 0 request ok
DEB [20170819-06:33:09.726] thr=1   paramiko.transport: [chan 0] EOF received (0)
DEB [20170819-06:33:24.264] thr=1   paramiko.transport: EOF in transport thread
DEB [20170819-06:33:51.625] thr=1   paramiko.transport: starting thread (client mode): 0x760e6930L
DEB [20170819-06:33:51.632] thr=1   paramiko.transport: Local version/idstring: SSH-2.0-paramiko_2.2.1
DEB [20170819-06:33:51.669] thr=1   paramiko.transport: Remote version/idstring: SSH-2.0-OpenSSH_6.7p1 Raspbian-5+deb8u3
INF [20170819-06:33:51.670] thr=1   paramiko.transport: Connected (version 2.0, client OpenSSH_6.7p1)
DEB [20170819-06:34:05.007] thr=1   paramiko.transport: EOF in transport thread
DEB [20170819-06:34:19.309] thr=1   paramiko.transport: starting thread (client mode): 0x76178950L
DEB [20170819-06:34:19.312] thr=1   paramiko.transport: Local version/idstring: SSH-2.0-paramiko_2.2.1
DEB [20170819-06:34:19.353] thr=1   paramiko.transport: Remote version/idstring: SSH-2.0-OpenSSH_6.7p1 Raspbian-5+deb8u3
INF [20170819-06:34:19.354] thr=1   paramiko.transport: Connected (version 2.0, client OpenSSH_6.7p1)
DEB [20170819-06:34:19.360] thr=1   paramiko.transport: kex algos:[u'curve25519-sha256@libssh.org', u'ecdh-sha2-nistp256', u'ecdh-sha2-nistp384', u'ecdh-sha2-nistp521', u'diffie-hellman-group-exchange-sha256', u'diffie-hellman-group14-sha1'] server key:[u'ssh-rsa', u'ssh-dss', u'ecdsa-sha2-nistp256', u'ssh-ed25519'] client encrypt:[u'aes128-ctr', u'aes192-ctr', u'aes256-ctr', u'aes128-gcm@openssh.com', u'aes256-gcm@openssh.com', u'chacha20-poly1305@openssh.com'] server encrypt:[u'aes128-ctr', u'aes192-ctr', u'aes256-ctr', u'aes128-gcm@openssh.com', u'aes256-gcm@openssh.com', u'chacha20-poly1305@openssh.com'] client mac:[u'umac-64-etm@openssh.com', u'umac-128-etm@openssh.com', u'hmac-sha2-256-etm@openssh.com', u'hmac-sha2-512-etm@openssh.com', u'hmac-sha1-etm@openssh.com', u'umac-64@openssh.com', u'umac-128@openssh.com', u'hmac-sha2-256', u'hmac-sha2-512', u'hmac-sha1'] server mac:[u'umac-64-etm@openssh.com', u'umac-128-etm@openssh.com', u'hmac-sha2-256-etm@openssh.com', u'hmac-sha2-512-etm@openssh.com', u'hmac-sha1-etm@openssh.com', u'umac-64@openssh.com', u'umac-128@openssh.com', u'hmac-sha2-256', u'hmac-sha2-512', u'hmac-sha1'] client compress:[u'none', u'zlib@openssh.com'] server compress:[u'none', u'zlib@openssh.com'] client lang:[u''] server lang:[u''] kex follows?False
DEB [20170819-06:34:19.361] thr=1   paramiko.transport: Kex agreed: ecdh-sha2-nistp256
DEB [20170819-06:34:19.362] thr=1   paramiko.transport: HostKey agreed: ssh-ed25519
DEB [20170819-06:34:19.363] thr=1   paramiko.transport: Cipher agreed: aes128-ctr
DEB [20170819-06:34:19.364] thr=1   paramiko.transport: MAC agreed: hmac-sha2-256
DEB [20170819-06:34:19.364] thr=1   paramiko.transport: Compression agreed: none
DEB [20170819-06:34:19.546] thr=1   paramiko.transport: kex engine KexNistp256 specified hash_algo <built-in function openssl_sha256>
DEB [20170819-06:34:19.548] thr=1   paramiko.transport: Switch to new keys ...
DEB [20170819-06:34:19.572] thr=2   paramiko.transport: Adding ssh-ed25519 host key for 192.168.0.214: 82c5dbde8f5ce568871a5b128faf16e7
DEB [20170819-06:34:19.579] thr=1   paramiko.transport: userauth is OK
INF [20170819-06:34:19.898] thr=1   paramiko.transport: Authentication (password) successful!
DEB [20170819-06:34:19.907] thr=2   paramiko.transport: [chan 0] Max packet in: 32768 bytes
DEB [20170819-06:34:19.909] thr=1   paramiko.transport: [chan 0] Max packet out: 32768 bytes
DEB [20170819-06:34:19.909] thr=1   paramiko.transport: Secsh channel 0 opened.
DEB [20170819-06:34:19.948] thr=1   paramiko.transport: [chan 0] Sesch channel 0 request ok
DEB [20170819-06:34:19.950] thr=1   paramiko.transport: [chan 0] EOF received (0)
DEB [20170819-06:34:31.076] thr=1   paramiko.transport: EOF in transport thread
DEB [20170819-06:34:49.140] thr=1   paramiko.transport: starting thread (client mode): 0x7657f530L
DEB [20170819-06:34:49.142] thr=1   paramiko.transport: Local version/idstring: SSH-2.0-paramiko_2.2.1
DEB [20170819-06:34:49.182] thr=1   paramiko.transport: Remote version/idstring: SSH-2.0-OpenSSH_6.7p1 Raspbian-5+deb8u3
INF [20170819-06:34:49.183] thr=1   paramiko.transport: Connected (version 2.0, client OpenSSH_6.7p1)
DEB [20170819-06:34:52.541] thr=1   paramiko.transport: kex algos:[u'curve25519-sha256@libssh.org', u'ecdh-sha2-nistp256', u'ecdh-sha2-nistp384', u'ecdh-sha2-nistp521', u'diffie-hellman-group-exchange-sha256', u'diffie-hellman-group14-sha1'] server key:[u'ssh-rsa', u'ssh-dss', u'ecdsa-sha2-nistp256', u'ssh-ed25519'] client encrypt:[u'aes128-ctr', u'aes192-ctr', u'aes256-ctr', u'aes128-gcm@openssh.com', u'aes256-gcm@openssh.com', u'chacha20-poly1305@openssh.com'] server encrypt:[u'aes128-ctr', u'aes192-ctr', u'aes256-ctr', u'aes128-gcm@openssh.com', u'aes256-gcm@openssh.com', u'chacha20-poly1305@openssh.com'] client mac:[u'umac-64-etm@openssh.com', u'umac-128-etm@openssh.com', u'hmac-sha2-256-etm@openssh.com', u'hmac-sha2-512-etm@openssh.com', u'hmac-sha1-etm@openssh.com', u'umac-64@openssh.com', u'umac-128@openssh.com', u'hmac-sha2-256', u'hmac-sha2-512', u'hmac-sha1'] server mac:[u'umac-64-etm@openssh.com', u'umac-128-etm@openssh.com', u'hmac-sha2-256-etm@openssh.com', u'hmac-sha2-512-etm@openssh.com', u'hmac-sha1-etm@openssh.com', u'umac-64@openssh.com', u'umac-128@openssh.com', u'hmac-sha2-256', u'hmac-sha2-512', u'hmac-sha1'] client compress:[u'none', u'zlib@openssh.com'] server compress:[u'none', u'zlib@openssh.com'] client lang:[u''] server lang:[u''] kex follows?False
DEB [20170819-06:34:52.542] thr=1   paramiko.transport: Kex agreed: ecdh-sha2-nistp256
DEB [20170819-06:34:52.543] thr=1   paramiko.transport: HostKey agreed: ssh-ed25519
DEB [20170819-06:34:52.543] thr=1   paramiko.transport: Cipher agreed: aes128-ctr
DEB [20170819-06:34:52.544] thr=1   paramiko.transport: MAC agreed: hmac-sha2-256
DEB [20170819-06:34:52.545] thr=1   paramiko.transport: Compression agreed: none
DEB [20170819-06:34:52.782] thr=1   paramiko.transport: kex engine KexNistp256 specified hash_algo <built-in function openssl_sha256>
DEB [20170819-06:34:52.784] thr=1   paramiko.transport: Switch to new keys ...
DEB [20170819-06:35:01.309] thr=1   paramiko.transport: EOF in transport thread
